\BOOKMARK [1][-]{section.1}{\376\377\000I\000n\000t\000r\000o\000d\000u\000c\000t\000i\000o\000n}{}% 1
\BOOKMARK [1][-]{section.2}{\376\377\000F\000u\000n\000d\000a\000m\000e\000n\000t\000a\000l\000s\000\040\000o\000f\000\040\000S\000t\000a\000t\000i\000s\000t\000i\000c\000a\000l\000\040\000M\000e\000c\000h\000a\000n\000i\000c\000s}{}% 2
\BOOKMARK [2][-]{subsection.2.1}{\376\377\000T\000h\000e\000\040\000M\000i\000c\000r\000o\000c\000a\000n\000o\000n\000i\000c\000a\000l\000\040\000E\000n\000s\000e\000m\000b\000l\000e}{section.2}% 3
\BOOKMARK [2][-]{subsection.2.2}{\376\377\000E\000n\000t\000r\000o\000p\000y\000\040\000a\000n\000d\000\040\000t\000h\000e\000\040\000S\000e\000c\000o\000n\000d\000\040\000L\000a\000w}{section.2}% 4
\BOOKMARK [2][-]{subsection.2.3}{\376\377\000T\000h\000e\000\040\000C\000a\000n\000o\000n\000i\000c\000a\000l\000\040\000E\000n\000s\000e\000m\000b\000l\000e}{section.2}% 5
\BOOKMARK [2][-]{subsection.2.4}{\376\377\000P\000r\000e\000s\000s\000u\000r\000e}{section.2}% 6
\BOOKMARK [2][-]{subsection.2.5}{\376\377\000C\000l\000a\000s\000s\000i\000c\000a\000l\000\040\000S\000t\000a\000t\000i\000s\000t\000i\000c\000a\000l\000\040\000M\000e\000c\000h\000a\000n\000i\000c\000s}{section.2}% 7
\BOOKMARK [2][-]{subsection.2.6}{\376\377\000O\000t\000h\000e\000r\000\040\000E\000n\000s\000e\000m\000b\000l\000e\000s}{section.2}% 8
\BOOKMARK [2][-]{subsection.2.7}{\376\377\000P\000r\000e\000s\000s\000u\000r\000e\000\040\000o\000f\000\040\000I\000n\000t\000e\000r\000a\000c\000t\000i\000n\000g\000\040\000P\000a\000r\000t\000i\000c\000l\000e\000s}{section.2}% 9
\BOOKMARK [1][-]{section.3}{\376\377\000P\000h\000a\000s\000e\000\040\000B\000e\000h\000a\000v\000i\000o\000u\000r}{}% 10
\BOOKMARK [2][-]{subsection.3.1}{\376\377\000E\000q\000u\000i\000l\000i\000b\000r\000i\000u\000m\000\040\000b\000e\000t\000w\000e\000e\000n\000\040\000P\000h\000a\000s\000e\000s}{section.3}% 11
\BOOKMARK [2][-]{subsection.3.2}{\376\377\000G\000i\000b\000b\000s\040\023\000B\000o\000g\000o\000l\000i\000u\000b\000o\000v\000\040\000I\000n\000e\000q\000u\000a\000l\000i\000t\000y}{section.3}% 12
\BOOKMARK [2][-]{subsection.3.3}{\376\377\000M\000e\000a\000n\000-\000F\000i\000e\000l\000d\000\040\000T\000h\000e\000o\000r\000y\000\040\000a\000n\000d\000\040\000t\000h\000e\000\040\000I\000s\000i\000n\000g\000\040\000M\000o\000d\000e\000l}{section.3}% 13
\BOOKMARK [2][-]{subsection.3.4}{\376\377\000L\000i\000q\000u\000i\000d\000-\000G\000a\000s\000\040\000P\000h\000a\000s\000e\000\040\000T\000r\000a\000n\000s\000i\000t\000i\000o\000n}{section.3}% 14
\BOOKMARK [2][-]{subsection.3.5}{\376\377\000W\000i\000d\000o\000m\000'\000s\000\040\000P\000a\000r\000t\000i\000c\000l\000e\000\040\000I\000n\000s\000e\000r\000t\000i\000o\000n\000\040\000M\000e\000t\000h\000o\000d}{section.3}% 15
\BOOKMARK [2][-]{subsection.3.6}{\376\377\000V\000i\000r\000i\000a\000l\000\040\000E\000x\000p\000a\000n\000s\000i\000o\000n\000\040\000f\000o\000r\000\040\000C\000l\000a\000s\000s\000i\000c\000a\000l\000\040\000I\000m\000p\000e\000r\000f\000e\000c\000t\000\040\000G\000a\000s\000e\000s}{section.3}% 16
\BOOKMARK [2][-]{subsection.3.7}{\376\377\000F\000l\000o\000r\000y\040\023\000H\000u\000g\000g\000i\000n\000s\000\040\000T\000h\000e\000o\000r\000y\000\040\000o\000f\000\040\000P\000o\000l\000y\000m\000e\000r\000\040\000S\000o\000l\000u\000t\000i\000o\000n\000s}{section.3}% 17
\BOOKMARK [2][-]{subsection.3.8}{\376\377\000L\000a\000n\000d\000a\000u\000\040\000T\000h\000e\000o\000r\000y\000\040\000o\000f\000\040\000P\000h\000a\000s\000e\000\040\000T\000r\000a\000n\000s\000i\000t\000i\000o\000n\000s}{section.3}% 18
\BOOKMARK [1][-]{section.4}{\376\377\000T\000r\000a\000n\000s\000p\000o\000r\000t\000\040\000P\000h\000e\000n\000o\000m\000e\000n\000a}{}% 19
\BOOKMARK [2][-]{subsection.4.1}{\376\377\000D\000i\000f\000f\000u\000s\000i\000o\000n\000\040\000a\000n\000d\000\040\000E\000i\000n\000s\000t\000e\000i\000n\000\040\000R\000e\000l\000a\000t\000i\000o\000n}{section.4}% 20
\BOOKMARK [2][-]{subsection.4.2}{\376\377\000R\000a\000n\000d\000o\000m\000\040\000W\000a\000l\000k\000\040\000M\000o\000d\000e\000l\000\040\000o\000f\000\040\000D\000i\000f\000f\000u\000s\000i\000o\000n}{section.4}% 21
\BOOKMARK [2][-]{subsection.4.3}{\376\377\000T\000h\000e\000\040\000G\000r\000e\000e\000n\040\023\000K\000u\000b\000o\000\040\000R\000e\000l\000a\000t\000i\000o\000n}{section.4}% 22
\BOOKMARK [2][-]{subsection.4.4}{\376\377\000L\000a\000n\000g\000e\000v\000i\000n\000\040\000E\000q\000u\000a\000t\000i\000o\000n\000\040\000a\000n\000d\000\040\000S\000t\000o\000k\000e\000s\040\023\000E\000i\000n\000s\000t\000e\000i\000n\000\040\000R\000e\000l\000a\000t\000i\000o\000n}{section.4}% 23
\BOOKMARK [2][-]{subsection.4.5}{\376\377\000T\000h\000e\000\040\000E\000i\000n\000s\000t\000e\000i\000n\040\023\000S\000m\000o\000l\000u\000c\000h\000o\000w\000s\000k\000i\000\040\000R\000e\000l\000a\000t\000i\000o\000n}{section.4}% 24
\BOOKMARK [1][-]{section.5}{\376\377\000P\000o\000l\000y\000m\000e\000r\000s}{}% 25
\BOOKMARK [2][-]{subsection.5.1}{\376\377\000S\000i\000z\000e\000\040\000o\000f\000\040\000a\000n\000\040\000I\000d\000e\000a\000l\000\040\000P\000o\000l\000y\000m\000e\000r}{section.5}% 26
\BOOKMARK [2][-]{subsection.5.2}{\376\377\000P\000r\000o\000b\000a\000b\000i\000l\000i\000t\000y\000\040\000D\000i\000s\000t\000r\000i\000b\000u\000t\000i\000o\000n\000\040\000f\000o\000r\000\040\000t\000h\000e\000\040\000E\000n\000d\000-\000t\000o\000-\000E\000n\000d\000\040\000D\000i\000s\000t\000a\000n\000c\000e}{section.5}% 27
\BOOKMARK [2][-]{subsection.5.3}{\376\377\000T\000h\000e\000r\000m\000o\000d\000y\000n\000a\000m\000i\000c\000s\000\040\000o\000f\000\040\000I\000d\000e\000a\000l\000\040\000P\000o\000l\000y\000m\000e\000r\000s}{section.5}% 28
\BOOKMARK [0][-]{part*.6}{\376\377\000A\000p\000p\000e\000n\000d\000i\000c\000e\000s}{}% 29
\BOOKMARK [1][-]{appendix.A}{\376\377\000T\000h\000e\000r\000m\000o\000d\000y\000n\000a\000m\000i\000c\000s}{part*.6}% 30
\BOOKMARK [2][-]{subsection.A.1}{\376\377\000T\000h\000e\000\040\000F\000i\000r\000s\000t\000\040\000L\000a\000w}{appendix.A}% 31
\BOOKMARK [2][-]{subsection.A.2}{\376\377\000T\000h\000e\000\040\000S\000e\000c\000o\000n\000d\000\040\000L\000a\000w}{appendix.A}% 32
\BOOKMARK [2][-]{subsection.A.3}{\376\377\000T\000h\000e\000\040\000T\000h\000i\000r\000d\000\040\000L\000a\000w}{appendix.A}% 33
\BOOKMARK [2][-]{subsection.A.4}{\376\377\000F\000u\000n\000d\000a\000m\000e\000n\000t\000a\000l\000\040\000E\000q\000u\000a\000t\000i\000o\000n\000s}{appendix.A}% 34
\BOOKMARK [1][-]{appendix.B}{\376\377\000F\000r\000o\000m\000\040\000Q\000u\000a\000n\000t\000u\000m\000\040\000t\000o\000\040\000C\000l\000a\000s\000s\000i\000c\000a\000l}{part*.6}% 35
\BOOKMARK [1][-]{appendix.C}{\376\377\000P\000r\000e\000s\000s\000u\000r\000e\000\040\000f\000r\000o\000m\000\040\000C\000l\000a\000u\000s\000i\000u\000s\000\040\000V\000i\000r\000i\000a\000l}{part*.6}% 36
\BOOKMARK [1][-]{appendix.D}{\376\377\000I\000s\000i\000n\000g\000\040\000a\000n\000d\000\040\000L\000a\000t\000t\000i\000c\000e\000-\000G\000a\000s\000\040\000M\000o\000d\000e\000l\000\040\000E\000q\000u\000i\000v\000a\000l\000e\000n\000c\000e}{part*.6}% 37
\BOOKMARK [1][-]{appendix.E}{\376\377\000M\000o\000r\000e\000\040\000o\000n\000\040\000I\000n\000t\000e\000r\000a\000c\000t\000i\000n\000g\000\040\000G\000a\000s\000e\000s}{part*.6}% 38
\BOOKMARK [2][-]{subsection.E.1}{\376\377\000M\000a\000y\000e\000r\000\040\000f\000\040\000F\000u\000n\000c\000t\000i\000o\000n\000s\000\040\000a\000n\000d\000\040\000S\000e\000c\000o\000n\000d\000\040\000V\000i\000r\000i\000a\000l\000\040\000C\000o\000e\000f\000f\000i\000c\000i\000e\000n\000t\000s}{appendix.E}% 39
\BOOKMARK [2][-]{subsection.E.2}{\376\377\000v\000a\000n\000\040\000d\000e\000r\000\040\000W\000a\000a\000l\000s\000\040\000E\000q\000u\000a\000t\000i\000o\000n\000\040\000o\000f\000\040\000S\000t\000a\000t\000e}{appendix.E}% 40
\BOOKMARK [2][-]{subsection.E.3}{\376\377\000T\000h\000e\000\040\000C\000l\000u\000s\000t\000e\000r\000\040\000E\000x\000p\000a\000n\000s\000i\000o\000n}{appendix.E}% 41
\BOOKMARK [1][-]{appendix.F}{\376\377\000S\000o\000m\000e\000\040\000E\000x\000a\000c\000t\000\040\000R\000e\000s\000u\000l\000t\000s\000\040\000o\000n\000\040\000t\000h\000e\000\040\000I\000s\000i\000n\000g\000\040\000M\000o\000d\000e\000l}{part*.6}% 42
\BOOKMARK [2][-]{subsection.F.1}{\376\377\000T\000h\000e\000\040\000I\000s\000i\000n\000g\000\040\000M\000o\000d\000e\000l\000\040\000i\000n\000\040\000d\000=\0001\000\040\000D\000i\000m\000e\000n\000s\000i\000o\000n}{appendix.F}% 43
\BOOKMARK [2][-]{subsection.F.2}{\376\377\0002\000D\000\040\000I\000s\000i\000n\000g\000\040\000M\000o\000d\000e\000l}{appendix.F}% 44
\BOOKMARK [1][-]{appendix.G}{\376\377\000L\000e\000e\040\023\000Y\000a\000n\000g\000\040\000T\000h\000e\000o\000r\000e\000m}{part*.6}% 45
\BOOKMARK [1][-]{appendix.H}{\376\377\000L\000a\000n\000d\000a\000u\040\023\000G\000i\000n\000z\000b\000u\000r\000g\000\040\000T\000h\000e\000o\000r\000y}{part*.6}% 46
\BOOKMARK [2][-]{subsection.H.1}{\376\377\000D\000o\000m\000a\000i\000n\000\040\000W\000a\000l\000l\000s}{appendix.H}% 47
\BOOKMARK [2][-]{subsection.H.2}{\376\377\000C\000o\000r\000r\000e\000l\000a\000t\000i\000o\000n\000s}{appendix.H}% 48
\BOOKMARK [2][-]{subsection.H.3}{\376\377\000F\000l\000u\000c\000t\000u\000a\000t\000i\000o\000n\000s}{appendix.H}% 49
\BOOKMARK [1][-]{appendix.I}{\376\377\000A\000n\000\040\000I\000n\000t\000r\000o\000d\000u\000c\000t\000i\000o\000n\000\040\000t\000o\000\040\000L\000i\000n\000e\000a\000r\000-\000R\000e\000s\000p\000o\000n\000s\000e\000\040\000T\000h\000e\000o\000r\000y}{part*.6}% 50
