This is XeTeX, Version 3.141592653-2.6-0.999997 (TeX Live 2025) (preloaded format=xelatex 2025.3.21)  16 NOV 2025 15:11
entering extended mode
 restricted \write18 enabled.
 file:line:error style messages enabled.
 %&-line parsing enabled.
**Statistical_Mechanics
(./Statistical_Mechanics.tex
LaTeX2e <2024-11-01> patch level 2
L3 programming layer <2025-01-18>
(c:/texlive/2025/texmf-dist/tex/latex/base/article.cls
Document Class: article 2024/06/29 v1.4n Standard LaTeX document class
(c:/texlive/2025/texmf-dist/tex/latex/base/size10.clo
File: size10.clo 2024/06/29 v1.4n Standard LaTeX file (size option)
)
\c@part=\count192
\c@section=\count193
\c@subsection=\count194
\c@subsubsection=\count195
\c@paragraph=\count196
\c@subparagraph=\count197
\c@figure=\count198
\c@table=\count199
\abovecaptionskip=\skip49
\belowcaptionskip=\skip50
\bibindent=\dimen141
) (c:/texlive/2025/texmf-dist/tex/latex/amsmath/amsmath.sty
Package: amsmath 2024/11/05 v2.17t AMS math features
\@mathmargin=\skip51

For additional information on amsmath, use the `?' option.
(c:/texlive/2025/texmf-dist/tex/latex/amsmath/amstext.sty
Package: amstext 2021/08/26 v2.01 AMS text
 (c:/texlive/2025/texmf-dist/tex/latex/amsmath/amsgen.sty
File: amsgen.sty 1999/11/30 v2.0 generic functions
\@emptytoks=\toks17
\ex@=\dimen142
)) (c:/texlive/2025/texmf-dist/tex/latex/amsmath/amsbsy.sty
Package: amsbsy 1999/11/29 v1.2d Bold Symbols
\pmbraise@=\dimen143
) (c:/texlive/2025/texmf-dist/tex/latex/amsmath/amsopn.sty
Package: amsopn 2022/04/08 v2.04 operator names
)
\inf@bad=\count266
LaTeX Info: Redefining \frac on input line 233.
\uproot@=\count267
\leftroot@=\count268
LaTeX Info: Redefining \overline on input line 398.
LaTeX Info: Redefining \colon on input line 409.
\classnum@=\count269
\DOTSCASE@=\count270
LaTeX Info: Redefining \ldots on input line 495.
LaTeX Info: Redefining \dots on input line 498.
LaTeX Info: Redefining \cdots on input line 619.
\Mathstrutbox@=\box52
\strutbox@=\box53
LaTeX Info: Redefining \big on input line 721.
LaTeX Info: Redefining \Big on input line 722.
LaTeX Info: Redefining \bigg on input line 723.
LaTeX Info: Redefining \Bigg on input line 724.
\big@size=\dimen144
LaTeX Font Info:    Redeclaring font encoding OML on input line 742.
LaTeX Font Info:    Redeclaring font encoding OMS on input line 743.
\macc@depth=\count271
LaTeX Info: Redefining \bmod on input line 904.
LaTeX Info: Redefining \pmod on input line 909.
LaTeX Info: Redefining \smash on input line 939.
LaTeX Info: Redefining \relbar on input line 969.
LaTeX Info: Redefining \Relbar on input line 970.
\c@MaxMatrixCols=\count272
\dotsspace@=\muskip17
\c@parentequation=\count273
\dspbrk@lvl=\count274
\tag@help=\toks18
\row@=\count275
\column@=\count276
\maxfields@=\count277
\andhelp@=\toks19
\eqnshift@=\dimen145
\alignsep@=\dimen146
\tagshift@=\dimen147
\tagwidth@=\dimen148
\totwidth@=\dimen149
\lineht@=\dimen150
\@envbody=\toks20
\multlinegap=\skip52
\multlinetaggap=\skip53
\mathdisplay@stack=\toks21
LaTeX Info: Redefining \[ on input line 2953.
LaTeX Info: Redefining \] on input line 2954.
) (c:/texlive/2025/texmf-dist/tex/latex/geometry/geometry.sty
Package: geometry 2020/01/02 v5.9 Page Geometry
 (c:/texlive/2025/texmf-dist/tex/latex/graphics/keyval.sty
Package: keyval 2022/05/29 v1.15 key=value parser (DPC)
\KV@toks@=\toks22
) (c:/texlive/2025/texmf-dist/tex/generic/iftex/ifvtex.sty
Package: ifvtex 2019/10/25 v1.7 ifvtex legacy package. Use iftex instead.
 (c:/texlive/2025/texmf-dist/tex/generic/iftex/iftex.sty
Package: iftex 2024/12/12 v1.0g TeX engine tests
))
\Gm@cnth=\count278
\Gm@cntv=\count279
\c@Gm@tempcnt=\count280
\Gm@bindingoffset=\dimen151
\Gm@wd@mp=\dimen152
\Gm@odd@mp=\dimen153
\Gm@even@mp=\dimen154
\Gm@layoutwidth=\dimen155
\Gm@layoutheight=\dimen156
\Gm@layouthoffset=\dimen157
\Gm@layoutvoffset=\dimen158
\Gm@dimlist=\toks23
) (c:/texlive/2025/texmf-dist/tex/latex/graphics/graphicx.sty
Package: graphicx 2021/09/16 v1.2d Enhanced LaTeX Graphics (DPC,SPQR)
 (c:/texlive/2025/texmf-dist/tex/latex/graphics/graphics.sty
Package: graphics 2024/08/06 v1.4g Standard LaTeX Graphics (DPC,SPQR)
 (c:/texlive/2025/texmf-dist/tex/latex/graphics/trig.sty
Package: trig 2023/12/02 v1.11 sin cos tan (DPC)
) (c:/texlive/2025/texmf-dist/tex/latex/graphics-cfg/graphics.cfg
File: graphics.cfg 2016/06/04 v1.11 sample graphics configuration
)
Package graphics Info: Driver file: xetex.def on input line 106.
 (c:/texlive/2025/texmf-dist/tex/latex/graphics-def/xetex.def
File: xetex.def 2022/09/22 v5.0n Graphics/color driver for xetex
))
\Gin@req@height=\dimen159
\Gin@req@width=\dimen160
) (c:/texlive/2025/texmf-dist/tex/latex/tools/array.sty
Package: array 2024/10/17 v2.6g Tabular extension package (FMi)
\col@sep=\dimen161
\ar@mcellbox=\box54
\extrarowheight=\dimen162
\NC@list=\toks24
\extratabsurround=\skip54
\backup@length=\skip55
\ar@cellbox=\box55
) (c:/texlive/2025/texmf-dist/tex/latex/makecell/makecell.sty
Package: makecell 2009/08/03 V0.1e Managing of Tab Column Heads and Cells
\rotheadsize=\dimen163
\c@nlinenum=\count281
\TeXr@lab=\toks25
) (c:/texlive/2025/texmf-dist/tex/latex/enumitem/enumitem.sty
Package: enumitem 2025/02/06 v3.11 Customized lists
\labelindent=\skip56
\enit@outerparindent=\dimen164
\enit@toks=\toks26
\enit@inbox=\box56
\enit@count@id=\count282
\enitdp@description=\count283
) (c:/texlive/2025/texmf-dist/tex/latex/tools/bm.sty
Package: bm 2023/12/19 v1.2f Bold Symbol Support (DPC/FMi)
\symboldoperators=\mathgroup4
\symboldletters=\mathgroup5
\symboldsymbols=\mathgroup6
Package bm Info: No bold for \OMX/cmex/m/n, using \pmb.
LaTeX Font Info:    Redeclaring math alphabet \mathbf on input line 149.
) (c:/texlive/2025/texmf-dist/tex/latex/booktabs/booktabs.sty
Package: booktabs 2020/01/12 v1.61803398 Publication quality tables
\heavyrulewidth=\dimen165
\lightrulewidth=\dimen166
\cmidrulewidth=\dimen167
\belowrulesep=\dimen168
\belowbottomsep=\dimen169
\aboverulesep=\dimen170
\abovetopsep=\dimen171
\cmidrulesep=\dimen172
\cmidrulekern=\dimen173
\defaultaddspace=\dimen174
\@cmidla=\count284
\@cmidlb=\count285
\@aboverulesep=\dimen175
\@belowrulesep=\dimen176
\@thisruleclass=\count286
\@lastruleclass=\count287
\@thisrulewidth=\dimen177
) (c:/texlive/2025/texmf-dist/tex/latex/multirow/multirow.sty
Package: multirow 2024/11/12 v2.9 Span multiple rows of a table
\multirow@colwidth=\skip57
\multirow@cntb=\count288
\multirow@dima=\skip58
\bigstrutjot=\dimen178
) (c:/texlive/2025/texmf-dist/tex/latex/pgfplots/pgfplots.sty (c:/texlive/2025/texmf-dist/tex/generic/pgfplots/pgfplots.revision.tex)
Package: pgfplots 2021/05/15 v1.18.1 Data Visualization (1.18.1)
 (c:/texlive/2025/texmf-dist/tex/latex/pgf/frontendlayer/tikz.sty (c:/texlive/2025/texmf-dist/tex/latex/pgf/basiclayer/pgf.sty (c:/texlive/2025/texmf-dist/tex/latex/pgf/utilities/pgfrcs.sty (c:/texlive/2025/texmf-dist/tex/generic/pgf/utilities/pgfutil-common.tex
\pgfutil@everybye=\toks27
\pgfutil@tempdima=\dimen179
\pgfutil@tempdimb=\dimen180
) (c:/texlive/2025/texmf-dist/tex/generic/pgf/utilities/pgfutil-latex.def
\pgfutil@abb=\box57
) (c:/texlive/2025/texmf-dist/tex/generic/pgf/utilities/pgfrcs.code.tex (c:/texlive/2025/texmf-dist/tex/generic/pgf/pgf.revision.tex)
Package: pgfrcs 2023-01-15 v3.1.10 (3.1.10)
))
Package: pgf 2023-01-15 v3.1.10 (3.1.10)
 (c:/texlive/2025/texmf-dist/tex/latex/pgf/basiclayer/pgfcore.sty (c:/texlive/2025/texmf-dist/tex/latex/pgf/systemlayer/pgfsys.sty (c:/texlive/2025/texmf-dist/tex/generic/pgf/systemlayer/pgfsys.code.tex
Package: pgfsys 2023-01-15 v3.1.10 (3.1.10)
 (c:/texlive/2025/texmf-dist/tex/generic/pgf/utilities/pgfkeys.code.tex
\pgfkeys@pathtoks=\toks28
\pgfkeys@temptoks=\toks29
 (c:/texlive/2025/texmf-dist/tex/generic/pgf/utilities/pgfkeyslibraryfiltered.code.tex
\pgfkeys@tmptoks=\toks30
))
\pgf@x=\dimen181
\pgf@y=\dimen182
\pgf@xa=\dimen183
\pgf@ya=\dimen184
\pgf@xb=\dimen185
\pgf@yb=\dimen186
\pgf@xc=\dimen187
\pgf@yc=\dimen188
\pgf@xd=\dimen189
\pgf@yd=\dimen190
\w@pgf@writea=\write3
\r@pgf@reada=\read2
\c@pgf@counta=\count289
\c@pgf@countb=\count290
\c@pgf@countc=\count291
\c@pgf@countd=\count292
\t@pgf@toka=\toks31
\t@pgf@tokb=\toks32
\t@pgf@tokc=\toks33
\pgf@sys@id@count=\count293
 (c:/texlive/2025/texmf-dist/tex/generic/pgf/systemlayer/pgf.cfg
File: pgf.cfg 2023-01-15 v3.1.10 (3.1.10)
)
Driver file for pgf: pgfsys-xetex.def
 (c:/texlive/2025/texmf-dist/tex/generic/pgf/systemlayer/pgfsys-xetex.def
File: pgfsys-xetex.def 2023-01-15 v3.1.10 (3.1.10)
 (c:/texlive/2025/texmf-dist/tex/generic/pgf/systemlayer/pgfsys-dvipdfmx.def
File: pgfsys-dvipdfmx.def 2023-01-15 v3.1.10 (3.1.10)
 (c:/texlive/2025/texmf-dist/tex/generic/pgf/systemlayer/pgfsys-common-pdf.def
File: pgfsys-common-pdf.def 2023-01-15 v3.1.10 (3.1.10)
)
\pgfsys@objnum=\count294
))) (c:/texlive/2025/texmf-dist/tex/generic/pgf/systemlayer/pgfsyssoftpath.code.tex
File: pgfsyssoftpath.code.tex 2023-01-15 v3.1.10 (3.1.10)
\pgfsyssoftpath@smallbuffer@items=\count295
\pgfsyssoftpath@bigbuffer@items=\count296
) (c:/texlive/2025/texmf-dist/tex/generic/pgf/systemlayer/pgfsysprotocol.code.tex
File: pgfsysprotocol.code.tex 2023-01-15 v3.1.10 (3.1.10)
)) (c:/texlive/2025/texmf-dist/tex/latex/xcolor/xcolor.sty
Package: xcolor 2024/09/29 v3.02 LaTeX color extensions (UK)
 (c:/texlive/2025/texmf-dist/tex/latex/graphics-cfg/color.cfg
File: color.cfg 2016/01/02 v1.6 sample color configuration
)
Package xcolor Info: Driver file: xetex.def on input line 274.
 (c:/texlive/2025/texmf-dist/tex/latex/graphics/mathcolor.ltx)
Package xcolor Info: Model `cmy' substituted by `cmy0' on input line 1349.
Package xcolor Info: Model `RGB' extended on input line 1365.
Package xcolor Info: Model `HTML' substituted by `rgb' on input line 1367.
Package xcolor Info: Model `Hsb' substituted by `hsb' on input line 1368.
Package xcolor Info: Model `tHsb' substituted by `hsb' on input line 1369.
Package xcolor Info: Model `HSB' substituted by `hsb' on input line 1370.
Package xcolor Info: Model `Gray' substituted by `gray' on input line 1371.
Package xcolor Info: Model `wave' substituted by `hsb' on input line 1372.
) (c:/texlive/2025/texmf-dist/tex/generic/pgf/basiclayer/pgfcore.code.tex
Package: pgfcore 2023-01-15 v3.1.10 (3.1.10)
 (c:/texlive/2025/texmf-dist/tex/generic/pgf/math/pgfmath.code.tex (c:/texlive/2025/texmf-dist/tex/generic/pgf/math/pgfmathutil.code.tex) (c:/texlive/2025/texmf-dist/tex/generic/pgf/math/pgfmathparser.code.tex
\pgfmath@dimen=\dimen191
\pgfmath@count=\count297
\pgfmath@box=\box58
\pgfmath@toks=\toks34
\pgfmath@stack@operand=\toks35
\pgfmath@stack@operation=\toks36
) (c:/texlive/2025/texmf-dist/tex/generic/pgf/math/pgfmathfunctions.code.tex) (c:/texlive/2025/texmf-dist/tex/generic/pgf/math/pgfmathfunctions.basic.code.tex) (c:/texlive/2025/texmf-dist/tex/generic/pgf/math/pgfmathfunctions.trigonometric.code.tex) (c:/texlive/2025/texmf-dist/tex/generic/pgf/math/pgfmathfunctions.random.code.tex) (c:/texlive/2025/texmf-dist/tex/generic/pgf/math/pgfmathfunctions.comparison.code.tex) (c:/texlive/2025/texmf-dist/tex/generic/pgf/math/pgfmathfunctions.base.code.tex) (c:/texlive/2025/texmf-dist/tex/generic/pgf/math/pgfmathfunctions.round.code.tex) (c:/texlive/2025/texmf-dist/tex/generic/pgf/math/pgfmathfunctions.misc.code.tex) (c:/texlive/2025/texmf-dist/tex/generic/pgf/math/pgfmathfunctions.integerarithmetics.code.tex) (c:/texlive/2025/texmf-dist/tex/generic/pgf/math/pgfmathcalc.code.tex) (c:/texlive/2025/texmf-dist/tex/generic/pgf/math/pgfmathfloat.code.tex
\c@pgfmathroundto@lastzeros=\count298
)) (c:/texlive/2025/texmf-dist/tex/generic/pgf/math/pgfint.code.tex) (c:/texlive/2025/texmf-dist/tex/generic/pgf/basiclayer/pgfcorepoints.code.tex
File: pgfcorepoints.code.tex 2023-01-15 v3.1.10 (3.1.10)
\pgf@picminx=\dimen192
\pgf@picmaxx=\dimen193
\pgf@picminy=\dimen194
\pgf@picmaxy=\dimen195
\pgf@pathminx=\dimen196
\pgf@pathmaxx=\dimen197
\pgf@pathminy=\dimen198
\pgf@pathmaxy=\dimen199
\pgf@xx=\dimen256
\pgf@xy=\dimen257
\pgf@yx=\dimen258
\pgf@yy=\dimen259
\pgf@zx=\dimen260
\pgf@zy=\dimen261
) (c:/texlive/2025/texmf-dist/tex/generic/pgf/basiclayer/pgfcorepathconstruct.code.tex
File: pgfcorepathconstruct.code.tex 2023-01-15 v3.1.10 (3.1.10)
\pgf@path@lastx=\dimen262
\pgf@path@lasty=\dimen263
) (c:/texlive/2025/texmf-dist/tex/generic/pgf/basiclayer/pgfcorepathusage.code.tex
File: pgfcorepathusage.code.tex 2023-01-15 v3.1.10 (3.1.10)
\pgf@shorten@end@additional=\dimen264
\pgf@shorten@start@additional=\dimen265
) (c:/texlive/2025/texmf-dist/tex/generic/pgf/basiclayer/pgfcorescopes.code.tex
File: pgfcorescopes.code.tex 2023-01-15 v3.1.10 (3.1.10)
\pgfpic=\box59
\pgf@hbox=\box60
\pgf@layerbox@main=\box61
\pgf@picture@serial@count=\count299
) (c:/texlive/2025/texmf-dist/tex/generic/pgf/basiclayer/pgfcoregraphicstate.code.tex
File: pgfcoregraphicstate.code.tex 2023-01-15 v3.1.10 (3.1.10)
\pgflinewidth=\dimen266
) (c:/texlive/2025/texmf-dist/tex/generic/pgf/basiclayer/pgfcoretransformations.code.tex
File: pgfcoretransformations.code.tex 2023-01-15 v3.1.10 (3.1.10)
\pgf@pt@x=\dimen267
\pgf@pt@y=\dimen268
\pgf@pt@temp=\dimen269
) (c:/texlive/2025/texmf-dist/tex/generic/pgf/basiclayer/pgfcorequick.code.tex
File: pgfcorequick.code.tex 2023-01-15 v3.1.10 (3.1.10)
) (c:/texlive/2025/texmf-dist/tex/generic/pgf/basiclayer/pgfcoreobjects.code.tex
File: pgfcoreobjects.code.tex 2023-01-15 v3.1.10 (3.1.10)
) (c:/texlive/2025/texmf-dist/tex/generic/pgf/basiclayer/pgfcorepathprocessing.code.tex
File: pgfcorepathprocessing.code.tex 2023-01-15 v3.1.10 (3.1.10)
) (c:/texlive/2025/texmf-dist/tex/generic/pgf/basiclayer/pgfcorearrows.code.tex
File: pgfcorearrows.code.tex 2023-01-15 v3.1.10 (3.1.10)
\pgfarrowsep=\dimen270
) (c:/texlive/2025/texmf-dist/tex/generic/pgf/basiclayer/pgfcoreshade.code.tex
File: pgfcoreshade.code.tex 2023-01-15 v3.1.10 (3.1.10)
\pgf@max=\dimen271
\pgf@sys@shading@range@num=\count300
\pgf@shadingcount=\count301
) (c:/texlive/2025/texmf-dist/tex/generic/pgf/basiclayer/pgfcoreimage.code.tex
File: pgfcoreimage.code.tex 2023-01-15 v3.1.10 (3.1.10)
) (c:/texlive/2025/texmf-dist/tex/generic/pgf/basiclayer/pgfcoreexternal.code.tex
File: pgfcoreexternal.code.tex 2023-01-15 v3.1.10 (3.1.10)
\pgfexternal@startupbox=\box62
) (c:/texlive/2025/texmf-dist/tex/generic/pgf/basiclayer/pgfcorelayers.code.tex
File: pgfcorelayers.code.tex 2023-01-15 v3.1.10 (3.1.10)
) (c:/texlive/2025/texmf-dist/tex/generic/pgf/basiclayer/pgfcoretransparency.code.tex
File: pgfcoretransparency.code.tex 2023-01-15 v3.1.10 (3.1.10)
) (c:/texlive/2025/texmf-dist/tex/generic/pgf/basiclayer/pgfcorepatterns.code.tex
File: pgfcorepatterns.code.tex 2023-01-15 v3.1.10 (3.1.10)
) (c:/texlive/2025/texmf-dist/tex/generic/pgf/basiclayer/pgfcorerdf.code.tex
File: pgfcorerdf.code.tex 2023-01-15 v3.1.10 (3.1.10)
))) (c:/texlive/2025/texmf-dist/tex/generic/pgf/modules/pgfmoduleshapes.code.tex
File: pgfmoduleshapes.code.tex 2023-01-15 v3.1.10 (3.1.10)
\pgfnodeparttextbox=\box63
) (c:/texlive/2025/texmf-dist/tex/generic/pgf/modules/pgfmoduleplot.code.tex
File: pgfmoduleplot.code.tex 2023-01-15 v3.1.10 (3.1.10)
) (c:/texlive/2025/texmf-dist/tex/latex/pgf/compatibility/pgfcomp-version-0-65.sty
Package: pgfcomp-version-0-65 2023-01-15 v3.1.10 (3.1.10)
\pgf@nodesepstart=\dimen272
\pgf@nodesepend=\dimen273
) (c:/texlive/2025/texmf-dist/tex/latex/pgf/compatibility/pgfcomp-version-1-18.sty
Package: pgfcomp-version-1-18 2023-01-15 v3.1.10 (3.1.10)
)) (c:/texlive/2025/texmf-dist/tex/latex/pgf/utilities/pgffor.sty (c:/texlive/2025/texmf-dist/tex/latex/pgf/utilities/pgfkeys.sty (c:/texlive/2025/texmf-dist/tex/generic/pgf/utilities/pgfkeys.code.tex)) (c:/texlive/2025/texmf-dist/tex/latex/pgf/math/pgfmath.sty (c:/texlive/2025/texmf-dist/tex/generic/pgf/math/pgfmath.code.tex)) (c:/texlive/2025/texmf-dist/tex/generic/pgf/utilities/pgffor.code.tex
Package: pgffor 2023-01-15 v3.1.10 (3.1.10)
\pgffor@iter=\dimen274
\pgffor@skip=\dimen275
\pgffor@stack=\toks37
\pgffor@toks=\toks38
)) (c:/texlive/2025/texmf-dist/tex/generic/pgf/frontendlayer/tikz/tikz.code.tex
Package: tikz 2023-01-15 v3.1.10 (3.1.10)
 (c:/texlive/2025/texmf-dist/tex/generic/pgf/libraries/pgflibraryplothandlers.code.tex
File: pgflibraryplothandlers.code.tex 2023-01-15 v3.1.10 (3.1.10)
\pgf@plot@mark@count=\count302
\pgfplotmarksize=\dimen276
)
\tikz@lastx=\dimen277
\tikz@lasty=\dimen278
\tikz@lastxsaved=\dimen279
\tikz@lastysaved=\dimen280
\tikz@lastmovetox=\dimen281
\tikz@lastmovetoy=\dimen282
\tikzleveldistance=\dimen283
\tikzsiblingdistance=\dimen284
\tikz@figbox=\box64
\tikz@figbox@bg=\box65
\tikz@tempbox=\box66
\tikz@tempbox@bg=\box67
\tikztreelevel=\count303
\tikznumberofchildren=\count304
\tikznumberofcurrentchild=\count305
\tikz@fig@count=\count306
 (c:/texlive/2025/texmf-dist/tex/generic/pgf/modules/pgfmodulematrix.code.tex
File: pgfmodulematrix.code.tex 2023-01-15 v3.1.10 (3.1.10)
\pgfmatrixcurrentrow=\count307
\pgfmatrixcurrentcolumn=\count308
\pgf@matrix@numberofcolumns=\count309
)
\tikz@expandcount=\count310
 (c:/texlive/2025/texmf-dist/tex/generic/pgf/frontendlayer/tikz/libraries/tikzlibrarytopaths.code.tex
File: tikzlibrarytopaths.code.tex 2023-01-15 v3.1.10 (3.1.10)
))) (c:/texlive/2025/texmf-dist/tex/generic/pgfplots/pgfplots.code.tex (c:/texlive/2025/texmf-dist/tex/generic/pgfplots/pgfplotscore.code.tex
\t@pgfplots@toka=\toks39
\t@pgfplots@tokb=\toks40
\t@pgfplots@tokc=\toks41
\pgfplots@tmpa=\dimen285
\c@pgfplots@coordindex=\count311
\c@pgfplots@scanlineindex=\count312
 (c:/texlive/2025/texmf-dist/tex/generic/pgfplots/sys/pgfplotssysgeneric.code.tex)) (c:/texlive/2025/texmf-dist/tex/generic/pgfplots/libs/pgfplotslibrary.code.tex) (c:/texlive/2025/texmf-dist/tex/generic/pgfplots/oldpgfcompatib/pgfplotsoldpgfsupp_loader.code.tex (c:/texlive/2025/texmf-dist/tex/generic/pgf/libraries/pgflibraryfpu.code.tex)
Package pgfplots: loading complementary utilities for your pgf version...
\t@pgf@toka=\toks42
\t@pgf@tokb=\toks43
\t@pgf@tokc=\toks44
(c:/texlive/2025/texmf-dist/tex/generic/pgfplots/oldpgfcompatib/pgfplotsoldpgfsupp_pgfutil-common-lists.tex)) (c:/texlive/2025/texmf-dist/tex/generic/pgfplots/util/pgfplotsutil.code.tex (c:/texlive/2025/texmf-dist/tex/generic/pgfplots/liststructure/pgfplotsliststructure.code.tex) (c:/texlive/2025/texmf-dist/tex/generic/pgfplots/liststructure/pgfplotsliststructureext.code.tex) (c:/texlive/2025/texmf-dist/tex/generic/pgfplots/liststructure/pgfplotsarray.code.tex
\c@pgfplotsarray@tmp=\count313
) (c:/texlive/2025/texmf-dist/tex/generic/pgfplots/liststructure/pgfplotsmatrix.code.tex) (c:/texlive/2025/texmf-dist/tex/generic/pgfplots/numtable/pgfplotstableshared.code.tex
\c@pgfplotstable@counta=\count314
\t@pgfplotstable@a=\toks45
) (c:/texlive/2025/texmf-dist/tex/generic/pgfplots/liststructure/pgfplotsdeque.code.tex) (c:/texlive/2025/texmf-dist/tex/generic/pgfplots/util/pgfplotsbinary.code.tex (c:/texlive/2025/texmf-dist/tex/generic/pgfplots/util/pgfplotsbinary.data.code.tex)) (c:/texlive/2025/texmf-dist/tex/generic/pgfplots/util/pgfplotsutil.verb.code.tex) (c:/texlive/2025/texmf-dist/tex/generic/pgfplots/libs/pgflibrarypgfplots.surfshading.code.tex
\c@pgfplotslibrarysurf@no=\count315
 (c:/texlive/2025/texmf-dist/tex/generic/pgfplots/sys/pgflibrarypgfplots.surfshading.pgfsys-xetex.def (c:/texlive/2025/texmf-dist/tex/generic/pgfplots/sys/pgflibrarypgfplots.surfshading.pgfsys-dvipdfmx.def
\c@pgfplotslibrarysurf@streamlen=\count316
)))) (c:/texlive/2025/texmf-dist/tex/generic/pgfplots/util/pgfplotscolormap.code.tex (c:/texlive/2025/texmf-dist/tex/generic/pgfplots/util/pgfplotscolor.code.tex)) (c:/texlive/2025/texmf-dist/tex/generic/pgfplots/pgfplotsstackedplots.code.tex) (c:/texlive/2025/texmf-dist/tex/generic/pgfplots/pgfplotsplothandlers.code.tex (c:/texlive/2025/texmf-dist/tex/generic/pgfplots/pgfplotsmeshplothandler.code.tex (c:/texlive/2025/texmf-dist/tex/generic/pgfplots/pgfplotsmeshplotimage.code.tex))) (c:/texlive/2025/texmf-dist/tex/generic/pgfplots/pgfplots.scaling.code.tex) (c:/texlive/2025/texmf-dist/tex/generic/pgfplots/pgfplotscoordprocessing.code.tex) (c:/texlive/2025/texmf-dist/tex/generic/pgfplots/pgfplots.errorbars.code.tex) (c:/texlive/2025/texmf-dist/tex/generic/pgfplots/pgfplots.markers.code.tex) (c:/texlive/2025/texmf-dist/tex/generic/pgfplots/pgfplotsticks.code.tex) (c:/texlive/2025/texmf-dist/tex/generic/pgfplots/pgfplots.paths.code.tex) (c:/texlive/2025/texmf-dist/tex/generic/pgf/frontendlayer/tikz/libraries/tikzlibrarydecorations.code.tex (c:/texlive/2025/texmf-dist/tex/generic/pgf/modules/pgfmoduledecorations.code.tex
\pgfdecoratedcompleteddistance=\dimen286
\pgfdecoratedremainingdistance=\dimen287
\pgfdecoratedinputsegmentcompleteddistance=\dimen288
\pgfdecoratedinputsegmentremainingdistance=\dimen289
\pgf@decorate@distancetomove=\dimen290
\pgf@decorate@repeatstate=\count317
\pgfdecorationsegmentamplitude=\dimen291
\pgfdecorationsegmentlength=\dimen292
)
\tikz@lib@dec@box=\box68
) (c:/texlive/2025/texmf-dist/tex/generic/pgf/frontendlayer/tikz/libraries/tikzlibrarydecorations.pathmorphing.code.tex (c:/texlive/2025/texmf-dist/tex/generic/pgf/libraries/decorations/pgflibrarydecorations.pathmorphing.code.tex)) (c:/texlive/2025/texmf-dist/tex/generic/pgf/frontendlayer/tikz/libraries/tikzlibrarydecorations.pathreplacing.code.tex (c:/texlive/2025/texmf-dist/tex/generic/pgf/libraries/decorations/pgflibrarydecorations.pathreplacing.code.tex)) (c:/texlive/2025/texmf-dist/tex/generic/pgfplots/libs/tikzlibrarypgfplots.contourlua.code.tex)
\pgfplots@numplots=\count318
\pgfplots@xmin@reg=\dimen293
\pgfplots@xmax@reg=\dimen294
\pgfplots@ymin@reg=\dimen295
\pgfplots@ymax@reg=\dimen296
\pgfplots@zmin@reg=\dimen297
\pgfplots@zmax@reg=\dimen298
) (c:/texlive/2025/texmf-dist/tex/generic/pgf/frontendlayer/tikz/libraries/tikzlibraryplotmarks.code.tex
File: tikzlibraryplotmarks.code.tex 2023-01-15 v3.1.10 (3.1.10)
 (c:/texlive/2025/texmf-dist/tex/generic/pgf/libraries/pgflibraryplotmarks.code.tex
File: pgflibraryplotmarks.code.tex 2023-01-15 v3.1.10 (3.1.10)
))) (c:/texlive/2025/texmf-dist/tex/latex/amsfonts/amssymb.sty
Package: amssymb 2013/01/14 v3.01 AMS font symbols
 (c:/texlive/2025/texmf-dist/tex/latex/amsfonts/amsfonts.sty
Package: amsfonts 2013/01/14 v3.01 Basic AMSFonts support
\symAMSa=\mathgroup7
\symAMSb=\mathgroup8
LaTeX Font Info:    Redeclaring math symbol \hbar on input line 98.
LaTeX Font Info:    Overwriting math alphabet `\mathfrak' in version `bold'
(Font)                  U/euf/m/n --> U/euf/b/n on input line 106.
)) (c:/texlive/2025/texmf-dist/tex/latex/mathtools/mathtools.sty
Package: mathtools 2024/10/04 v1.31 mathematical typesetting tools
 (c:/texlive/2025/texmf-dist/tex/latex/tools/calc.sty
Package: calc 2023/07/08 v4.3 Infix arithmetic (KKT,FJ)
\calc@Acount=\count319
\calc@Bcount=\count320
\calc@Adimen=\dimen299
\calc@Bdimen=\dimen300
\calc@Askip=\skip59
\calc@Bskip=\skip60
LaTeX Info: Redefining \setlength on input line 80.
LaTeX Info: Redefining \addtolength on input line 81.
\calc@Ccount=\count321
\calc@Cskip=\skip61
) (c:/texlive/2025/texmf-dist/tex/latex/mathtools/mhsetup.sty
Package: mhsetup 2021/03/18 v1.4 programming setup (MH)
)
\g_MT_multlinerow_int=\count322
\l_MT_multwidth_dim=\dimen301
\origjot=\skip62
\l_MT_shortvdotswithinadjustabove_dim=\dimen302
\l_MT_shortvdotswithinadjustbelow_dim=\dimen303
\l_MT_above_intertext_sep=\dimen304
\l_MT_below_intertext_sep=\dimen305
\l_MT_above_shortintertext_sep=\dimen306
\l_MT_below_shortintertext_sep=\dimen307
\xmathstrut@box=\box69
\xmathstrut@dim=\dimen308
) (c:/texlive/2025/texmf-dist/tex/latex/randomwalk/randomwalk.sty (c:/texlive/2025/texmf-dist/tex/latex/l3kernel/expl3.sty
Package: expl3 2025-01-18 L3 programming layer (loader) 
 (c:/texlive/2025/texmf-dist/tex/latex/l3backend/l3backend-xetex.def
File: l3backend-xetex.def 2024-05-08 L3 backend support: XeTeX
\g__graphics_track_int=\count323
\l__pdf_internal_box=\box70
\g__pdf_backend_annotation_int=\count324
\g__pdf_backend_link_int=\count325
))
Package: randomwalk 2018/12/28 v0.6 Customizable random walks
 (c:/texlive/2025/texmf-dist/tex/latex/l3packages/xparse/xparse.sty
Package: xparse 2024-08-16 L3 Experimental document command parser
)
\c__randomwalk_lcg_last_int=\count326
\l__randomwalk_internal_int=\count327
\l__randomwalk_step_number_int=\count328
\l__randomwalk_x_dim=\dimen309
\l__randomwalk_y_dim=\dimen310
) (c:/texlive/2025/texmf-dist/tex/latex/base/ifthen.sty
Package: ifthen 2024/03/16 v1.1e Standard LaTeX ifthen package (DPC)
) (c:/texlive/2025/texmf-dist/tex/latex/ntheorem/ntheorem.sty
Style `ntheorem', Version 1.33 <2011/08/15>
Package: ntheorem 2011/08/15 1.33
\theorem@style=\toks46
\theorem@@style=\toks47
\theorembodyfont=\toks48
\theoremnumbering=\toks49
\theorempreskipamount=\skip63
\theorempostskipamount=\skip64
\theoremframepreskipamount=\skip65
\theoremframepostskipamount=\skip66
\theoreminframepreskipamount=\skip67
\theoreminframepostskipamount=\skip68
\theorem@preskip=\toks50
\theorem@postskip=\toks51
\theorem@framepreskip=\toks52
\theorem@framepostskip=\toks53
\theorem@inframepreskip=\toks54
\theorem@inframepostskip=\toks55
\theoremindent=\dimen311
\theorem@indent=\dimen312
\theoremrightindent=\dimen313
\theorem@rightindent=\dimen314
\theoremheaderfont=\toks56
\theoremseparator=\toks57
\theoremprework=\toks58
\theorempostwork=\toks59
\theoremsymbol=\toks60
\qedsymbol=\toks61
\theoremkeyword=\toks62
\qedsymbol=\toks63
\thm@topsep=\skip69
\thm@topsepadd=\skip70
) (c:/texlive/2025/texmf-dist/tex/latex/hyperref/hyperref.sty
Package: hyperref 2024-11-05 v7.01l Hypertext links for LaTeX
 (c:/texlive/2025/texmf-dist/tex/latex/kvsetkeys/kvsetkeys.sty
Package: kvsetkeys 2022-10-05 v1.19 Key value parser (HO)
) (c:/texlive/2025/texmf-dist/tex/generic/kvdefinekeys/kvdefinekeys.sty
Package: kvdefinekeys 2019-12-19 v1.6 Define keys (HO)
) (c:/texlive/2025/texmf-dist/tex/generic/pdfescape/pdfescape.sty
Package: pdfescape 2019/12/09 v1.15 Implements pdfTeX's escape features (HO)
 (c:/texlive/2025/texmf-dist/tex/generic/ltxcmds/ltxcmds.sty
Package: ltxcmds 2023-12-04 v1.26 LaTeX kernel commands for general use (HO)
) (c:/texlive/2025/texmf-dist/tex/generic/pdftexcmds/pdftexcmds.sty
Package: pdftexcmds 2020-06-27 v0.33 Utility functions of pdfTeX for LuaTeX (HO)
 (c:/texlive/2025/texmf-dist/tex/generic/infwarerr/infwarerr.sty
Package: infwarerr 2019/12/03 v1.5 Providing info/warning/error messages (HO)
)
Package pdftexcmds Info: \pdf@primitive is available.
Package pdftexcmds Info: \pdf@ifprimitive is available.
Package pdftexcmds Info: \pdfdraftmode not found.
)) (c:/texlive/2025/texmf-dist/tex/latex/hycolor/hycolor.sty
Package: hycolor 2020-01-27 v1.10 Color options for hyperref/bookmark (HO)
) (c:/texlive/2025/texmf-dist/tex/latex/hyperref/nameref.sty
Package: nameref 2023-11-26 v2.56 Cross-referencing by name of section
 (c:/texlive/2025/texmf-dist/tex/latex/refcount/refcount.sty
Package: refcount 2019/12/15 v3.6 Data extraction from label references (HO)
) (c:/texlive/2025/texmf-dist/tex/generic/gettitlestring/gettitlestring.sty
Package: gettitlestring 2019/12/15 v1.6 Cleanup title references (HO)
 (c:/texlive/2025/texmf-dist/tex/latex/kvoptions/kvoptions.sty
Package: kvoptions 2022-06-15 v3.15 Key value format for package options (HO)
))
\c@section@level=\count329
) (c:/texlive/2025/texmf-dist/tex/latex/etoolbox/etoolbox.sty
Package: etoolbox 2025/02/11 v2.5l e-TeX tools for LaTeX (JAW)
\etb@tempcnta=\count330
) (c:/texlive/2025/texmf-dist/tex/generic/stringenc/stringenc.sty
Package: stringenc 2019/11/29 v1.12 Convert strings between diff. encodings (HO)
)
\@linkdim=\dimen315
\Hy@linkcounter=\count331
\Hy@pagecounter=\count332
 (c:/texlive/2025/texmf-dist/tex/latex/hyperref/pd1enc.def
File: pd1enc.def 2024-11-05 v7.01l Hyperref: PDFDocEncoding definition (HO)
) (c:/texlive/2025/texmf-dist/tex/generic/intcalc/intcalc.sty
Package: intcalc 2019/12/15 v1.3 Expandable calculations with integers (HO)
)
\Hy@SavedSpaceFactor=\count333
 (c:/texlive/2025/texmf-dist/tex/latex/hyperref/puenc.def
File: puenc.def 2024-11-05 v7.01l Hyperref: PDF Unicode definition (HO)
)
Package hyperref Info: Option `naturalnames' set `true' on input line 4040.
Package hyperref Info: Hyper figures OFF on input line 4157.
Package hyperref Info: Link nesting OFF on input line 4162.
Package hyperref Info: Hyper index ON on input line 4165.
Package hyperref Info: Plain pages OFF on input line 4172.
Package hyperref Info: Backreferencing OFF on input line 4177.
Package hyperref Info: Implicit mode ON; LaTeX internals redefined.
Package hyperref Info: Bookmarks ON on input line 4424.
\c@Hy@tempcnt=\count334
 (c:/texlive/2025/texmf-dist/tex/latex/url/url.sty
\Urlmuskip=\muskip18
Package: url 2013/09/16  ver 3.4  Verb mode for urls, etc.
)
LaTeX Info: Redefining \url on input line 4763.
\XeTeXLinkMargin=\dimen316
 (c:/texlive/2025/texmf-dist/tex/generic/bitset/bitset.sty
Package: bitset 2019/12/09 v1.3 Handle bit-vector datatype (HO)
 (c:/texlive/2025/texmf-dist/tex/generic/bigintcalc/bigintcalc.sty
Package: bigintcalc 2019/12/15 v1.5 Expandable calculations on big integers (HO)
))
\Fld@menulength=\count335
\Field@Width=\dimen317
\Fld@charsize=\dimen318
Package hyperref Info: Hyper figures OFF on input line 6042.
Package hyperref Info: Link nesting OFF on input line 6047.
Package hyperref Info: Hyper index ON on input line 6050.
Package hyperref Info: backreferencing OFF on input line 6057.
Package hyperref Info: Link coloring OFF on input line 6062.
Package hyperref Info: Link coloring with OCG OFF on input line 6067.
Package hyperref Info: PDF/A mode OFF on input line 6072.
 (c:/texlive/2025/texmf-dist/tex/latex/base/atbegshi-ltx.sty
Package: atbegshi-ltx 2021/01/10 v1.0c Emulation of the original atbegshi
package with kernel methods
)
\Hy@abspage=\count336
\c@Item=\count337
\c@Hfootnote=\count338
)
Package hyperref Info: Driver (autodetected): hxetex.
 (c:/texlive/2025/texmf-dist/tex/latex/hyperref/hxetex.def
File: hxetex.def 2024-11-05 v7.01l Hyperref driver for XeTeX
\pdfm@box=\box71
\c@Hy@AnnotLevel=\count339
\HyField@AnnotCount=\count340
\Fld@listcount=\count341
\c@bookmark@seq@number=\count342
 (c:/texlive/2025/texmf-dist/tex/latex/rerunfilecheck/rerunfilecheck.sty
Package: rerunfilecheck 2022-07-10 v1.10 Rerun checks for auxiliary files (HO)
 (c:/texlive/2025/texmf-dist/tex/latex/base/atveryend-ltx.sty
Package: atveryend-ltx 2020/08/19 v1.0a Emulation of the original atveryend package
with kernel methods
) (c:/texlive/2025/texmf-dist/tex/generic/uniquecounter/uniquecounter.sty
Package: uniquecounter 2019/12/15 v1.4 Provide unlimited unique counter (HO)
)
Package uniquecounter Info: New unique counter `rerunfilecheck' on input line 285.
)
\Hy@SectionHShift=\skip71
) (c:/texlive/2025/texmf-dist/tex/latex/cleveref/cleveref.sty
Package: cleveref 2018/03/27 v0.21.4 Intelligent cross-referencing
Package cleveref Info: `hyperref' support loaded on input line 2370.
LaTeX Info: Redefining \cref on input line 2370.
LaTeX Info: Redefining \Cref on input line 2370.
LaTeX Info: Redefining \crefrange on input line 2370.
LaTeX Info: Redefining \Crefrange on input line 2370.
LaTeX Info: Redefining \cpageref on input line 2370.
LaTeX Info: Redefining \Cpageref on input line 2370.
LaTeX Info: Redefining \cpagerefrange on input line 2370.
LaTeX Info: Redefining \Cpagerefrange on input line 2370.
LaTeX Info: Redefining \labelcref on input line 2370.
LaTeX Info: Redefining \labelcpageref on input line 2370.
Package cleveref Info: `ntheorem' support loaded on input line 3055.
Package cleveref Info: include cross-reference names in hyperlinks on input line 7836.
Package cleveref Info: include cross-reference names in hyperlinks on input line 7852.
Package cleveref Info: no abbreviation of names on input line 7852.
) (c:/texlive/2025/texmf-dist/tex/latex/fancyhdr/fancyhdr.sty
Package: fancyhdr 2025/02/07 v5.2 Extensive control of page headers and footers
\f@nch@headwidth=\skip72
\f@nch@offset@elh=\skip73
\f@nch@offset@erh=\skip74
\f@nch@offset@olh=\skip75
\f@nch@offset@orh=\skip76
\f@nch@offset@elf=\skip77
\f@nch@offset@erf=\skip78
\f@nch@offset@olf=\skip79
\f@nch@offset@orf=\skip80
\f@nch@height=\skip81
\f@nch@footalignment=\skip82
\f@nch@widthL=\skip83
\f@nch@widthC=\skip84
\f@nch@widthR=\skip85
\@temptokenb=\toks64
)
\c@thm=\count343
\c@law=\count344
\c@pos=\count345
 (c:/texlive/2025/texmf-dist/tex/generic/pgf/frontendlayer/tikz/libraries/tikzlibrarymath.code.tex (c:/texlive/2025/texmf-dist/tex/generic/pgf/frontendlayer/tikz/libraries/tikzlibraryfpu.code.tex)
\tikz@math@for@depth=\count346
\tikz@math@dimen=\dimen319
\tikz@math@toks=\toks65
) (./Statistical_Mechanics.aux)
\openout1 = `Statistical_Mechanics.aux'.

LaTeX Font Info:    Checking defaults for OML/cmm/m/it on input line 87.
LaTeX Font Info:    ... okay on input line 87.
LaTeX Font Info:    Checking defaults for OMS/cmsy/m/n on input line 87.
LaTeX Font Info:    ... okay on input line 87.
LaTeX Font Info:    Checking defaults for OT1/cmr/m/n on input line 87.
LaTeX Font Info:    ... okay on input line 87.
LaTeX Font Info:    Checking defaults for T1/cmr/m/n on input line 87.
LaTeX Font Info:    ... okay on input line 87.
LaTeX Font Info:    Checking defaults for TS1/cmr/m/n on input line 87.
LaTeX Font Info:    ... okay on input line 87.
LaTeX Font Info:    Checking defaults for TU/lmr/m/n on input line 87.
LaTeX Font Info:    ... okay on input line 87.
LaTeX Font Info:    Checking defaults for OMX/cmex/m/n on input line 87.
LaTeX Font Info:    ... okay on input line 87.
LaTeX Font Info:    Checking defaults for U/cmr/m/n on input line 87.
LaTeX Font Info:    ... okay on input line 87.
LaTeX Font Info:    Checking defaults for PD1/pdf/m/n on input line 87.
LaTeX Font Info:    ... okay on input line 87.
LaTeX Font Info:    Checking defaults for PU/pdf/m/n on input line 87.
LaTeX Font Info:    ... okay on input line 87.

*geometry* driver: auto-detecting
*geometry* detected driver: xetex
*geometry* verbose mode - [ preamble ] result:
* driver: xetex
* paper: a4paper
* layout: <same size as paper>
* layoutoffset:(h,v)=(0.0pt,0.0pt)
* modes: 
* h-part:(L,W,R)=(79.49744pt, 438.513pt, 79.49744pt)
* v-part:(T,H,B)=(86.72377pt, 671.5993pt, 86.72377pt)
* \paperwidth=597.50787pt
* \paperheight=845.04684pt
* \textwidth=438.513pt
* \textheight=671.5993pt
* \oddsidemargin=7.22745pt
* \evensidemargin=7.22745pt
* \topmargin=-22.54622pt
* \headheight=12.0pt
* \headsep=25.0pt
* \topskip=10.0pt
* \footskip=30.0pt
* \marginparwidth=65.0pt
* \marginparsep=11.0pt
* \columnsep=10.0pt
* \skip\footins=9.0pt plus 4.0pt minus 2.0pt
* \hoffset=0.0pt
* \voffset=0.0pt
* \mag=1000
* \@twocolumnfalse
* \@twosidefalse
* \@mparswitchfalse
* \@reversemarginfalse
* (1in=72.27pt=25.4mm, 1cm=28.453pt)

Package pgfplots notification 'compat/show suggested version=true': document has been generated with the most recent feature set (\pgfplotsset{compat=1.18}).

(c:/texlive/2025/texmf-dist/tex/latex/lcg/lcg.sty
Package: lcg 2013/08/09 v1.3 generating random numbers
\f@rst=\count347
\l@st=\count348
\cr@nd=\count349
\c@lcg@rand=\count350

Smallest possible random number: 0
Largest possible random number: 2147483646
The pseudo random numbers will be stored in the LaTeX counter `lcg@rand'
)
Random number generator initialized to 532135
Package hyperref Info: Link coloring OFF on input line 87.
(./Statistical_Mechanics.out) (./Statistical_Mechanics.out)
\@outlinefile=\write4
\openout4 = `Statistical_Mechanics.out'.


Underfull \hbox (badness 10000) in paragraph at lines 99--100

 []



[1

]

[2] (./Statistical_Mechanics.toc
LaTeX Font Info:    Trying to load font information for U+msa on input line 3.
 (c:/texlive/2025/texmf-dist/tex/latex/amsfonts/umsa.fd
File: umsa.fd 2013/01/14 v3.01 AMS symbols A
)
LaTeX Font Info:    Trying to load font information for U+msb on input line 3.
 (c:/texlive/2025/texmf-dist/tex/latex/amsfonts/umsb.fd
File: umsb.fd 2013/01/14 v3.01 AMS symbols B
)

[3])
\tf@toc=\write5
\openout5 = `Statistical_Mechanics.toc'.



[4]

[1]
Package hyperref Info: bookmark level for unknown pos defaults to 0 on input line 153.


[2]

[3]

[4]

[5]

[6]

[7]

[8]

[9]

[10]

[11]

[12]

[13]

[14]
File: corresponding_states.png Graphic file (type bmp)
<corresponding_states.png>


[15]

[16]

[17]

[18]

[19]

[20]

[21]

[22]

[23]

[24]
NOTE: coordinate (3Y0.0e0],2Y1.5e1]) has been dropped because it is unbounded (in x). (see also unbounded coords=jump). 
NOTE: coordinate (3Y0.0e0],2Y1.4925128e1]) has been dropped because it is unbounded (in x). (see also unbounded coords=jump). 
NOTE: coordinate (3Y0.0e0],2Y1.4850256e1]) has been dropped because it is unbounded (in x). (see also unbounded coords=jump). 
NOTE: coordinate (3Y0.0e0],2Y1.4775385e1]) has been dropped because it is unbounded (in x). (see also unbounded coords=jump). 
NOTE: coordinate (3Y0.0e0],2Y1.4700513e1]) has been dropped because it is unbounded (in x). (see also unbounded coords=jump). 
NOTE: coordinate (3Y0.0e0],2Y1.4625641e1]) has been dropped because it is unbounded (in x). (see also unbounded coords=jump). 
NOTE: coordinate (3Y0.0e0],2Y1.4550769e1]) has been dropped because it is unbounded (in x). (see also unbounded coords=jump). 
NOTE: coordinate (3Y0.0e0],2Y1.4475897e1]) has been dropped because it is unbounded (in x). (see also unbounded coords=jump). 
NOTE: coordinate (3Y0.0e0],2Y1.4401025e1]) has been dropped because it is unbounded (in x). (see also unbounded coords=jump). 
NOTE: coordinate (3Y0.0e0],2Y1.4326154e1]) has been dropped because it is unbounded (in x). (see also unbounded coords=jump). 
NOTE: coordinate (3Y0.0e0],2Y1.425128e1]) has been dropped because it is unbounded (in x). (see also unbounded coords=jump). 
NOTE: coordinate (3Y0.0e0],2Y1.4176408e1]) has been dropped because it is unbounded (in x). (see also unbounded coords=jump). 
NOTE: coordinate (3Y0.0e0],2Y1.4101537e1]) has been dropped because it is unbounded (in x). (see also unbounded coords=jump). 
NOTE: coordinate (3Y0.0e0],2Y1.4026665e1]) has been dropped because it is unbounded (in x). (see also unbounded coords=jump). 
NOTE: coordinate (3Y0.0e0],2Y1.3951793e1]) has been dropped because it is unbounded (in x). (see also unbounded coords=jump). 
NOTE: coordinate (3Y0.0e0],2Y1.3876921e1]) has been dropped because it is unbounded (in x). (see also unbounded coords=jump). 
NOTE: coordinate (3Y0.0e0],2Y1.380205e1]) has been dropped because it is unbounded (in x). (see also unbounded coords=jump). 
NOTE: coordinate (3Y0.0e0],2Y1.3727177e1]) has been dropped because it is unbounded (in x). (see also unbounded coords=jump). 
NOTE: coordinate (3Y0.0e0],2Y1.3652304e1]) has been dropped because it is unbounded (in x). (see also unbounded coords=jump). 
NOTE: coordinate (3Y0.0e0],2Y1.3577432e1]) has been dropped because it is unbounded (in x). (see also unbounded coords=jump). 
NOTE: coordinate (3Y0.0e0],2Y1.350256e1]) has been dropped because it is unbounded (in x). (see also unbounded coords=jump). 
NOTE: coordinate (3Y0.0e0],2Y1.3427689e1]) has been dropped because it is unbounded (in x). (see also unbounded coords=jump). 
NOTE: coordinate (3Y0.0e0],2Y1.3352817e1]) has been dropped because it is unbounded (in x). (see also unbounded coords=jump). 
NOTE: coordinate (3Y0.0e0],2Y1.3277945e1]) has been dropped because it is unbounded (in x). (see also unbounded coords=jump). 
NOTE: coordinate (3Y0.0e0],2Y1.3203073e1]) has been dropped because it is unbounded (in x). (see also unbounded coords=jump). 
NOTE: coordinate (3Y0.0e0],2Y1.3128201e1]) has been dropped because it is unbounded (in x). (see also unbounded coords=jump). 
NOTE: coordinate (3Y0.0e0],2Y1.305333e1]) has been dropped because it is unbounded (in x). (see also unbounded coords=jump). 
NOTE: coordinate (3Y0.0e0],2Y1.2978456e1]) has been dropped because it is unbounded (in x). (see also unbounded coords=jump). 
NOTE: coordinate (3Y0.0e0],2Y1.2903584e1]) has been dropped because it is unbounded (in x). (see also unbounded coords=jump). 
NOTE: coordinate (3Y0.0e0],2Y1.2828712e1]) has been dropped because it is unbounded (in x). (see also unbounded coords=jump). 
NOTE: coordinate (3Y0.0e0],2Y1.275384e1]) has been dropped because it is unbounded (in x). (see also unbounded coords=jump). 
NOTE: coordinate (3Y0.0e0],2Y1.2678969e1]) has been dropped because it is unbounded (in x). (see also unbounded coords=jump). 
NOTE: coordinate (3Y0.0e0],2Y1.2604097e1]) has been dropped because it is unbounded (in x). (see also unbounded coords=jump). 
NOTE: coordinate (3Y0.0e0],2Y1.2529225e1]) has been dropped because it is unbounded (in x). (see also unbounded coords=jump). 
NOTE: coordinate (3Y0.0e0],2Y1.2454353e1]) has been dropped because it is unbounded (in x). (see also unbounded coords=jump). 
NOTE: coordinate (3Y0.0e0],2Y1.2379482e1]) has been dropped because it is unbounded (in x). (see also unbounded coords=jump). 
NOTE: coordinate (3Y0.0e0],2Y1.2304608e1]) has been dropped because it is unbounded (in x). (see also unbounded coords=jump). 
NOTE: coordinate (3Y0.0e0],2Y1.2229736e1]) has been dropped because it is unbounded (in x). (see also unbounded coords=jump). 
NOTE: coordinate (3Y0.0e0],2Y1.2154865e1]) has been dropped because it is unbounded (in x). (see also unbounded coords=jump). 
NOTE: coordinate (3Y0.0e0],2Y1.2079993e1]) has been dropped because it is unbounded (in x). (see also unbounded coords=jump). 
NOTE: coordinate (3Y0.0e0],2Y1.2005121e1]) has been dropped because it is unbounded (in x). (see also unbounded coords=jump). 
NOTE: coordinate (3Y0.0e0],2Y1.1930249e1]) has been dropped because it is unbounded (in x). (see also unbounded coords=jump). 
NOTE: coordinate (3Y0.0e0],2Y1.1855377e1]) has been dropped because it is unbounded (in x). (see also unbounded coords=jump). 
NOTE: coordinate (3Y0.0e0],2Y1.1780505e1]) has been dropped because it is unbounded (in x). (see also unbounded coords=jump). 
NOTE: coordinate (3Y0.0e0],2Y1.1705634e1]) has been dropped because it is unbounded (in x). (see also unbounded coords=jump). 
NOTE: coordinate (3Y0.0e0],2Y1.1630762e1]) has been dropped because it is unbounded (in x). (see also unbounded coords=jump). 
NOTE: coordinate (3Y0.0e0],2Y1.1555888e1]) has been dropped because it is unbounded (in x). (see also unbounded coords=jump). 
NOTE: coordinate (3Y0.0e0],2Y1.1481017e1]) has been dropped because it is unbounded (in x). (see also unbounded coords=jump). 
NOTE: coordinate (3Y0.0e0],2Y1.1406145e1]) has been dropped because it is unbounded (in x). (see also unbounded coords=jump). 
NOTE: coordinate (3Y0.0e0],2Y1.1331273e1]) has been dropped because it is unbounded (in x). (see also unbounded coords=jump). 
NOTE: coordinate (3Y0.0e0],2Y1.1256401e1]) has been dropped because it is unbounded (in x). (see also unbounded coords=jump). 
NOTE: coordinate (3Y0.0e0],2Y1.1181529e1]) has been dropped because it is unbounded (in x). (see also unbounded coords=jump). 
NOTE: coordinate (3Y0.0e0],2Y1.1106657e1]) has been dropped because it is unbounded (in x). (see also unbounded coords=jump). 
NOTE: coordinate (3Y0.0e0],2Y1.1031786e1]) has been dropped because it is unbounded (in x). (see also unbounded coords=jump). 
NOTE: coordinate (3Y0.0e0],2Y1.0956914e1]) has been dropped because it is unbounded (in x). (see also unbounded coords=jump). 
NOTE: coordinate (3Y0.0e0],2Y1.088204e1]) has been dropped because it is unbounded (in x). (see also unbounded coords=jump). 
NOTE: coordinate (3Y0.0e0],2Y1.0807169e1]) has been dropped because it is unbounded (in x). (see also unbounded coords=jump). 
NOTE: coordinate (3Y0.0e0],2Y1.0732297e1]) has been dropped because it is unbounded (in x). (see also unbounded coords=jump). 
NOTE: coordinate (3Y0.0e0],2Y1.0657425e1]) has been dropped because it is unbounded (in x). (see also unbounded coords=jump). 
NOTE: coordinate (3Y0.0e0],2Y1.0582553e1]) has been dropped because it is unbounded (in x). (see also unbounded coords=jump). 
NOTE: coordinate (3Y0.0e0],2Y1.0507681e1]) has been dropped because it is unbounded (in x). (see also unbounded coords=jump). 
NOTE: coordinate (3Y0.0e0],2Y1.043281e1]) has been dropped because it is unbounded (in x). (see also unbounded coords=jump). 
NOTE: coordinate (3Y0.0e0],2Y1.0357938e1]) has been dropped because it is unbounded (in x). (see also unbounded coords=jump). 
NOTE: coordinate (3Y0.0e0],2Y1.0283066e1]) has been dropped because it is unbounded (in x). (see also unbounded coords=jump). 
NOTE: coordinate (3Y0.0e0],2Y1.0208192e1]) has been dropped because it is unbounded (in x). (see also unbounded coords=jump). 
NOTE: coordinate (3Y0.0e0],2Y1.013332e1]) has been dropped because it is unbounded (in x). (see also unbounded coords=jump). 
NOTE: coordinate (3Y0.0e0],2Y1.0058449e1]) has been dropped because it is unbounded (in x). (see also unbounded coords=jump). 
NOTE: coordinate (3Y0.0e0],2Y9.983577e0]) has been dropped because it is unbounded (in x). (see also unbounded coords=jump). 
NOTE: coordinate (3Y0.0e0],2Y9.908705e0]) has been dropped because it is unbounded (in x). (see also unbounded coords=jump). 
NOTE: coordinate (3Y0.0e0],2Y9.833833e0]) has been dropped because it is unbounded (in x). (see also unbounded coords=jump). 
NOTE: coordinate (3Y0.0e0],2Y9.758961e0]) has been dropped because it is unbounded (in x). (see also unbounded coords=jump). 
NOTE: coordinate (3Y0.0e0],2Y9.68409e0]) has been dropped because it is unbounded (in x). (see also unbounded coords=jump). 
NOTE: coordinate (3Y0.0e0],2Y9.609218e0]) has been dropped because it is unbounded (in x). (see also unbounded coords=jump). 
NOTE: coordinate (3Y0.0e0],2Y9.534344e0]) has been dropped because it is unbounded (in x). (see also unbounded coords=jump). 
NOTE: coordinate (3Y0.0e0],2Y9.459473e0]) has been dropped because it is unbounded (in x). (see also unbounded coords=jump). 
NOTE: coordinate (3Y0.0e0],2Y9.384601e0]) has been dropped because it is unbounded (in x). (see also unbounded coords=jump). 
NOTE: coordinate (3Y0.0e0],2Y9.309729e0]) has been dropped because it is unbounded (in x). (see also unbounded coords=jump). 
NOTE: coordinate (3Y0.0e0],2Y9.234857e0]) has been dropped because it is unbounded (in x). (see also unbounded coords=jump). 
NOTE: coordinate (3Y0.0e0],2Y9.159985e0]) has been dropped because it is unbounded (in x). (see also unbounded coords=jump). 
NOTE: coordinate (3Y0.0e0],2Y9.085114e0]) has been dropped because it is unbounded (in x). (see also unbounded coords=jump). 
NOTE: coordinate (3Y0.0e0],2Y9.010242e0]) has been dropped because it is unbounded (in x). (see also unbounded coords=jump). 
NOTE: coordinate (3Y0.0e0],2Y8.93537e0]) has been dropped because it is unbounded (in x). (see also unbounded coords=jump). 
NOTE: coordinate (3Y0.0e0],2Y8.860497e0]) has been dropped because it is unbounded (in x). (see also unbounded coords=jump). 
NOTE: coordinate (3Y0.0e0],2Y8.785625e0]) has been dropped because it is unbounded (in x). (see also unbounded coords=jump). 
NOTE: coordinate (3Y0.0e0],2Y8.710753e0]) has been dropped because it is unbounded (in x). (see also unbounded coords=jump). 
NOTE: coordinate (3Y0.0e0],2Y8.635881e0]) has been dropped because it is unbounded (in x). (see also unbounded coords=jump). 
NOTE: coordinate (3Y0.0e0],2Y8.561009e0]) has been dropped because it is unbounded (in x). (see also unbounded coords=jump). 
NOTE: coordinate (3Y0.0e0],2Y8.486137e0]) has been dropped because it is unbounded (in x). (see also unbounded coords=jump). 
NOTE: coordinate (3Y0.0e0],2Y8.411266e0]) has been dropped because it is unbounded (in x). (see also unbounded coords=jump). 
NOTE: coordinate (3Y0.0e0],2Y8.336394e0]) has been dropped because it is unbounded (in x). (see also unbounded coords=jump). 
NOTE: coordinate (3Y0.0e0],2Y8.261522e0]) has been dropped because it is unbounded (in x). (see also unbounded coords=jump). 
NOTE: coordinate (3Y0.0e0],2Y8.186649e0]) has been dropped because it is unbounded (in x). (see also unbounded coords=jump). 
NOTE: coordinate (3Y0.0e0],2Y8.111777e0]) has been dropped because it is unbounded (in x). (see also unbounded coords=jump). 
NOTE: coordinate (3Y0.0e0],2Y8.036905e0]) has been dropped because it is unbounded (in x). (see also unbounded coords=jump). 
NOTE: coordinate (3Y0.0e0],2Y7.962033e0]) has been dropped because it is unbounded (in x). (see also unbounded coords=jump). 
NOTE: coordinate (3Y0.0e0],2Y7.887161e0]) has been dropped because it is unbounded (in x). (see also unbounded coords=jump). 
NOTE: coordinate (3Y0.0e0],2Y7.81229e0]) has been dropped because it is unbounded (in x). (see also unbounded coords=jump). 
NOTE: coordinate (3Y0.0e0],2Y7.737418e0]) has been dropped because it is unbounded (in x). (see also unbounded coords=jump). 
NOTE: coordinate (3Y0.0e0],2Y7.662546e0]) has been dropped because it is unbounded (in x). (see also unbounded coords=jump). 
NOTE: coordinate (3Y0.0e0],2Y7.587674e0]) has been dropped because it is unbounded (in x). (see also unbounded coords=jump). 
NOTE: coordinate (3Y0.0e0],2Y7.5128e0]) has been dropped because it is unbounded (in x). (see also unbounded coords=jump). 
NOTE: coordinate (3Y0.0e0],2Y7.437924e0]) has been dropped because it is unbounded (in x). (see also unbounded coords=jump). 
NOTE: coordinate (3Y0.0e0],2Y7.36306e0]) has been dropped because it is unbounded (in x). (see also unbounded coords=jump). 
NOTE: coordinate (3Y0.0e0],2Y7.288184e0]) has been dropped because it is unbounded (in x). (see also unbounded coords=jump). 
NOTE: coordinate (3Y0.0e0],2Y7.213318e0]) has been dropped because it is unbounded (in x). (see also unbounded coords=jump). 
NOTE: coordinate (3Y0.0e0],2Y7.138441e0]) has been dropped because it is unbounded (in x). (see also unbounded coords=jump). 
NOTE: coordinate (3Y0.0e0],2Y7.063565e0]) has been dropped because it is unbounded (in x). (see also unbounded coords=jump). 
NOTE: coordinate (3Y0.0e0],2Y6.9887e0]) has been dropped because it is unbounded (in x). (see also unbounded coords=jump). 
NOTE: coordinate (3Y0.0e0],2Y6.913823e0]) has been dropped because it is unbounded (in x). (see also unbounded coords=jump). 
NOTE: coordinate (3Y0.0e0],2Y6.838959e0]) has been dropped because it is unbounded (in x). (see also unbounded coords=jump). 
NOTE: coordinate (3Y0.0e0],2Y6.764081e0]) has been dropped because it is unbounded (in x). (see also unbounded coords=jump). 
NOTE: coordinate (3Y0.0e0],2Y6.689204e0]) has been dropped because it is unbounded (in x). (see also unbounded coords=jump). 
NOTE: coordinate (3Y0.0e0],2Y6.61434e0]) has been dropped because it is unbounded (in x). (see also unbounded coords=jump). 
NOTE: coordinate (3Y0.0e0],2Y6.539464e0]) has been dropped because it is unbounded (in x). (see also unbounded coords=jump). 
NOTE: coordinate (3Y0.0e0],2Y6.464598e0]) has been dropped because it is unbounded (in x). (see also unbounded coords=jump). 
NOTE: coordinate (3Y0.0e0],2Y6.389722e0]) has been dropped because it is unbounded (in x). (see also unbounded coords=jump). 
NOTE: coordinate (3Y0.0e0],2Y6.314845e0]) has been dropped because it is unbounded (in x). (see also unbounded coords=jump). 
NOTE: coordinate (3Y0.0e0],2Y6.23998e0]) has been dropped because it is unbounded (in x). (see also unbounded coords=jump). 
NOTE: coordinate (3Y0.0e0],2Y6.165103e0]) has been dropped because it is unbounded (in x). (see also unbounded coords=jump). 
NOTE: coordinate (3Y0.0e0],2Y6.090237e0]) has been dropped because it is unbounded (in x). (see also unbounded coords=jump). 
NOTE: coordinate (3Y0.0e0],2Y6.015361e0]) has been dropped because it is unbounded (in x). (see also unbounded coords=jump). 
NOTE: coordinate (3Y0.0e0],2Y5.940485e0]) has been dropped because it is unbounded (in x). (see also unbounded coords=jump). 
NOTE: coordinate (3Y0.0e0],2Y5.86562e0]) has been dropped because it is unbounded (in x). (see also unbounded coords=jump). 
NOTE: coordinate (3Y0.0e0],2Y5.790742e0]) has been dropped because it is unbounded (in x). (see also unbounded coords=jump). 
NOTE: coordinate (3Y0.0e0],2Y5.715878e0]) has been dropped because it is unbounded (in x). (see also unbounded coords=jump). 
NOTE: coordinate (3Y0.0e0],2Y5.641002e0]) has been dropped because it is unbounded (in x). (see also unbounded coords=jump). 
NOTE: coordinate (3Y0.0e0],2Y5.566125e0]) has been dropped because it is unbounded (in x). (see also unbounded coords=jump). 
NOTE: coordinate (3Y0.0e0],2Y5.49126e0]) has been dropped because it is unbounded (in x). (see also unbounded coords=jump). 
NOTE: coordinate (3Y0.0e0],2Y5.416383e0]) has been dropped because it is unbounded (in x). (see also unbounded coords=jump). 
NOTE: coordinate (3Y0.0e0],2Y5.341518e0]) has been dropped because it is unbounded (in x). (see also unbounded coords=jump). 
NOTE: coordinate (3Y0.0e0],2Y5.266641e0]) has been dropped because it is unbounded (in x). (see also unbounded coords=jump). 
NOTE: coordinate (3Y0.0e0],2Y5.191765e0]) has been dropped because it is unbounded (in x). (see also unbounded coords=jump). 
NOTE: coordinate (3Y0.0e0],2Y5.116899e0]) has been dropped because it is unbounded (in x). (see also unbounded coords=jump). 
NOTE: coordinate (3Y0.0e0],2Y5.042023e0]) has been dropped because it is unbounded (in x). (see also unbounded coords=jump). 
NOTE: coordinate (3Y0.0e0],2Y4.967157e0]) has been dropped because it is unbounded (in x). (see also unbounded coords=jump). 
NOTE: coordinate (3Y0.0e0],2Y4.89228e0]) has been dropped because it is unbounded (in x). (see also unbounded coords=jump). 
NOTE: coordinate (3Y0.0e0],2Y4.817404e0]) has been dropped because it is unbounded (in x). (see also unbounded coords=jump). 
NOTE: coordinate (3Y0.0e0],2Y4.742538e0]) has been dropped because it is unbounded (in x). (see also unbounded coords=jump). 
NOTE: coordinate (3Y0.0e0],2Y4.667662e0]) has been dropped because it is unbounded (in x). (see also unbounded coords=jump). 
NOTE: coordinate (3Y0.0e0],2Y4.592798e0]) has been dropped because it is unbounded (in x). (see also unbounded coords=jump). 
NOTE: coordinate (3Y0.0e0],2Y4.517921e0]) has been dropped because it is unbounded (in x). (see also unbounded coords=jump). 
NOTE: coordinate (3Y0.0e0],2Y4.443045e0]) has been dropped because it is unbounded (in x). (see also unbounded coords=jump). 
NOTE: coordinate (3Y0.0e0],2Y4.36818e0]) has been dropped because it is unbounded (in x). (see also unbounded coords=jump). 
NOTE: coordinate (3Y0.0e0],2Y4.293303e0]) has been dropped because it is unbounded (in x). (see also unbounded coords=jump). 
NOTE: coordinate (3Y0.0e0],2Y4.218437e0]) has been dropped because it is unbounded (in x). (see also unbounded coords=jump). 
NOTE: coordinate (3Y0.0e0],2Y4.143561e0]) has been dropped because it is unbounded (in x). (see also unbounded coords=jump). 
NOTE: coordinate (3Y0.0e0],2Y4.068684e0]) has been dropped because it is unbounded (in x). (see also unbounded coords=jump). 
NOTE: coordinate (3Y0.0e0],2Y3.993819e0]) has been dropped because it is unbounded (in x). (see also unbounded coords=jump). 
NOTE: coordinate (3Y0.0e0],2Y3.918942e0]) has been dropped because it is unbounded (in x). (see also unbounded coords=jump). 
NOTE: coordinate (3Y0.0e0],2Y3.844078e0]) has been dropped because it is unbounded (in x). (see also unbounded coords=jump). 
NOTE: coordinate (3Y0.0e0],2Y3.769202e0]) has been dropped because it is unbounded (in x). (see also unbounded coords=jump). 
NOTE: coordinate (3Y0.0e0],2Y3.694324e0]) has been dropped because it is unbounded (in x). (see also unbounded coords=jump). 
NOTE: coordinate (3Y0.0e0],2Y3.61946e0]) has been dropped because it is unbounded (in x). (see also unbounded coords=jump). 
NOTE: coordinate (3Y0.0e0],2Y3.544583e0]) has been dropped because it is unbounded (in x). (see also unbounded coords=jump). 
NOTE: coordinate (3Y0.0e0],2Y3.469717e0]) has been dropped because it is unbounded (in x). (see also unbounded coords=jump). 
NOTE: coordinate (3Y0.0e0],2Y3.394841e0]) has been dropped because it is unbounded (in x). (see also unbounded coords=jump). 
NOTE: coordinate (3Y0.0e0],2Y3.319965e0]) has been dropped because it is unbounded (in x). (see also unbounded coords=jump). 
NOTE: coordinate (3Y0.0e0],2Y3.245099e0]) has been dropped because it is unbounded (in x). (see also unbounded coords=jump). 
NOTE: coordinate (3Y0.0e0],2Y3.170222e0]) has been dropped because it is unbounded (in x). (see also unbounded coords=jump). 
NOTE: coordinate (3Y0.0e0],2Y3.095358e0]) has been dropped because it is unbounded (in x). (see also unbounded coords=jump). 
NOTE: coordinate (3Y0.0e0],2Y3.02048e0]) has been dropped because it is unbounded (in x). (see also unbounded coords=jump). 
NOTE: coordinate (3Y0.0e0],2Y2.945604e0]) has been dropped because it is unbounded (in x). (see also unbounded coords=jump). 
NOTE: coordinate (3Y0.0e0],2Y2.87074e0]) has been dropped because it is unbounded (in x). (see also unbounded coords=jump). 
NOTE: coordinate (3Y0.0e0],2Y2.795863e0]) has been dropped because it is unbounded (in x). (see also unbounded coords=jump). 
NOTE: coordinate (3Y0.0e0],2Y2.720998e0]) has been dropped because it is unbounded (in x). (see also unbounded coords=jump). 
NOTE: coordinate (3Y0.0e0],2Y2.646121e0]) has been dropped because it is unbounded (in x). (see also unbounded coords=jump). 
NOTE: coordinate (3Y0.0e0],2Y2.571245e0]) has been dropped because it is unbounded (in x). (see also unbounded coords=jump). 
NOTE: coordinate (3Y0.0e0],2Y2.496379e0]) has been dropped because it is unbounded (in x). (see also unbounded coords=jump). 
NOTE: coordinate (3Y0.0e0],2Y2.421503e0]) has been dropped because it is unbounded (in x). (see also unbounded coords=jump). 
NOTE: coordinate (3Y0.0e0],2Y2.346637e0]) has been dropped because it is unbounded (in x). (see also unbounded coords=jump). 
NOTE: coordinate (3Y0.0e0],2Y2.27176e0]) has been dropped because it is unbounded (in x). (see also unbounded coords=jump). 
NOTE: coordinate (3Y0.0e0],2Y2.196884e0]) has been dropped because it is unbounded (in x). (see also unbounded coords=jump). 
NOTE: coordinate (3Y0.0e0],2Y2.12202e0]) has been dropped because it is unbounded (in x). (see also unbounded coords=jump). 
NOTE: coordinate (3Y0.0e0],2Y2.047144e0]) has been dropped because it is unbounded (in x). (see also unbounded coords=jump). 
NOTE: coordinate (3Y0.0e0],2Y1.972278e0]) has been dropped because it is unbounded (in x). (see also unbounded coords=jump). 
NOTE: coordinate (3Y0.0e0],2Y1.897401e0]) has been dropped because it is unbounded (in x). (see also unbounded coords=jump). 
NOTE: coordinate (3Y0.0e0],2Y1.822525e0]) has been dropped because it is unbounded (in x). (see also unbounded coords=jump). 
NOTE: coordinate (3Y0.0e0],2Y1.74766e0]) has been dropped because it is unbounded (in x). (see also unbounded coords=jump). 
NOTE: coordinate (3Y0.0e0],2Y1.672783e0]) has been dropped because it is unbounded (in x). (see also unbounded coords=jump). 
NOTE: coordinate (3Y0.0e0],2Y1.597917e0]) has been dropped because it is unbounded (in x). (see also unbounded coords=jump). 
NOTE: coordinate (3Y0.0e0],2Y1.523041e0]) has been dropped because it is unbounded (in x). (see also unbounded coords=jump). 
NOTE: coordinate (3Y0.0e0],2Y1.448164e0]) has been dropped because it is unbounded (in x). (see also unbounded coords=jump). 
NOTE: coordinate (3Y0.0e0],2Y1.373299e0]) has been dropped because it is unbounded (in x). (see also unbounded coords=jump). 
NOTE: coordinate (3Y0.0e0],2Y1.298422e0]) has been dropped because it is unbounded (in x). (see also unbounded coords=jump). 
NOTE: coordinate (3Y0.0e0],2Y1.223558e0]) has been dropped because it is unbounded (in x). (see also unbounded coords=jump). 
NOTE: coordinate (3Y0.0e0],2Y1.148682e0]) has been dropped because it is unbounded (in x). (see also unbounded coords=jump). 
NOTE: coordinate (3Y0.0e0],2Y1.073805e0]) has been dropped because it is unbounded (in x). (see also unbounded coords=jump). 


[25]

[26]

[27]

[28]

[29]

[30]

[31]

[32]

[33]

[34]

[35]

[36]

[37]

[38]

[39]

[40]

[41]

[42]

[43]
File: LC.png Graphic file (type bmp)
<LC.png>


[44]

[45]

[46]

[47]

[48]

[49]

[50]

[51]

[52]

[53]

[54]

[55]

[56]

[57]

[58]

[59]

[60]
Package hyperref Info: bookmark level for unknown law defaults to 0 on input line 2740.


[61]

[62]

[63]

[64]

[65]

[66]

[67]

[68]

[69]

[70]

[71]

[72]

[73]

[74]

[75]

[76]

[77]

[78]

[79]

[80]

[81]

[82]

[83]

[84]

[85]

[86]

[87]

[88]
Package hyperref Info: bookmark level for unknown thm defaults to 0 on input line 4146.


[89]

[90]

[91]

[92]

[93]

[94]

[95]
\tf@thm=\write6
\openout6 = `Statistical_Mechanics.thm'.



[96] (./Statistical_Mechanics.aux)
 ***********
LaTeX2e <2024-11-01> patch level 2
L3 programming layer <2025-01-18>
 ***********
Package rerunfilecheck Info: File `Statistical_Mechanics.out' has not changed.
(rerunfilecheck)             Checksum: 41FAB00282D3181BACE129F72DB23496;9644.
 ) 
Here is how much of TeX's memory you used:
 44691 strings out of 473832
 1013298 string characters out of 5733158
 1517123 words of memory out of 5000000
 67167 multiletter control sequences out of 15000+600000
 575552 words of font info for 122 fonts, out of 8000000 for 9000
 1348 hyphenation exceptions out of 8191
 99i,22n,105p,1421b,2288s stack positions out of 10000i,1000n,20000p,200000b,200000s

Output written on Statistical_Mechanics.pdf (100 pages).
