This is LuaHBTeX, Version 1.22.0 (TeX Live 2025)  (format=lualatex 2025.3.21)  31 AUG 2025 23:48
 system commands enabled.
**"c:/Users/wu152/OneDrive - University of Cambridge/文档/LaTeX/B8 Symmetry/Symmetry"
("c:/Users/wu152/OneDrive - University of Cambridge/文档/LaTeX/B8 Symmetry/Symmetry.tex"
LaTeX2e <2024-11-01> patch level 2
L3 programming layer <2025-01-18>
Lua module: luaotfload 2024-12-03 v3.29 Lua based OpenType font support
Lua module: lualibs 2023-07-13 v2.76 ConTeXt Lua standard libraries.
Lua module: lualibs-extended 2023-07-13 v2.76 ConTeXt Lua libraries -- extended collection.
luaotfload | conf : Root cache directory is "C:/texlive/2025/texmf-var/luatex-cache/generic/names".
luaotfload | init : Loading fontloader "fontloader-2023-12-28.lua" from kpse-resolved path "c:/texlive/2025/texmf-dist/tex/luatex/luaotfload/fontloader-2023-12-28.lua".
Lua-only attribute luaotfload@noligature = 1
luaotfload | init : Context OpenType loader version 3.134
Inserting `luaotfload.node_processor' in `pre_linebreak_filter'.
Inserting `luaotfload.node_processor' in `hpack_filter'.
Inserting `luaotfload.glyph_stream' in `glyph_stream_provider'.
Inserting `luaotfload.define_font' in `define_font'.
Lua-only attribute luaotfload_color_attribute = 2
luaotfload | conf : Root cache directory is "C:/texlive/2025/texmf-var/luatex-cache/generic/names".
Inserting `luaotfload.harf.strip_prefix' in `find_opentype_file'.
Inserting `luaotfload.harf.strip_prefix' in `find_truetype_file'.
Removing  `luaotfload.glyph_stream' from `glyph_stream_provider'.
Inserting `luaotfload.harf.glyphstream' in `glyph_stream_provider'.
Inserting `luaotfload.harf.finalize_vlist' in `post_linebreak_filter'.
Inserting `luaotfload.harf.finalize_hlist' in `hpack_filter'.
Inserting `luaotfload.cleanup_files' in `wrapup_run'.
Inserting `luaotfload.harf.finalize_unicode' in `finish_pdffile'.
Inserting `luaotfload.glyphinfo' in `glyph_info'.
Lua-only attribute luaotfload.letterspace_done = 3
Inserting `luaotfload.aux.set_sscale_dimens' in `luaotfload.patch_font'.
Inserting `luaotfload.aux.set_font_index' in `luaotfload.patch_font'.
Inserting `luaotfload.aux.patch_cambria_domh' in `luaotfload.patch_font'.
Inserting `luaotfload.aux.fixup_fontdata' in `luaotfload.patch_font_unsafe'.
Inserting `luaotfload.aux.set_capheight' in `luaotfload.patch_font'.
Inserting `luaotfload.aux.set_xheight' in `luaotfload.patch_font'.
Inserting `luaotfload.rewrite_fontname' in `luaotfload.patch_font'.
Inserting `tracingstacklevels' in `input_level_string'. (c:/texlive/2025/texmf-dist/tex/latex/base/article.cls
Document Class: article 2024/06/29 v1.4n Standard LaTeX document class
(c:/texlive/2025/texmf-dist/tex/latex/base/size10.clo
File: size10.clo 2024/06/29 v1.4n Standard LaTeX file (size option)
luaotfload | db : Font names database loaded from C:/texlive/2025/texmf-var/luatex-cache/generic/names/luaotfload-names.luc.gz)
\c@part=\count194
\c@section=\count195
\c@subsection=\count196
\c@subsubsection=\count197
\c@paragraph=\count198
\c@subparagraph=\count199
\c@figure=\count266
\c@table=\count267
\abovecaptionskip=\skip49
\belowcaptionskip=\skip50
\bibindent=\dimen140
) (c:/texlive/2025/texmf-dist/tex/latex/amsmath/amsmath.sty
Package: amsmath 2024/11/05 v2.17t AMS math features
\@mathmargin=\skip51

For additional information on amsmath, use the `?' option.
(c:/texlive/2025/texmf-dist/tex/latex/amsmath/amstext.sty
Package: amstext 2021/08/26 v2.01 AMS text
 (c:/texlive/2025/texmf-dist/tex/latex/amsmath/amsgen.sty
File: amsgen.sty 1999/11/30 v2.0 generic functions
\@emptytoks=\toks17
\ex@=\dimen141
)) (c:/texlive/2025/texmf-dist/tex/latex/amsmath/amsbsy.sty
Package: amsbsy 1999/11/29 v1.2d Bold Symbols
\pmbraise@=\dimen142
) (c:/texlive/2025/texmf-dist/tex/latex/amsmath/amsopn.sty
Package: amsopn 2022/04/08 v2.04 operator names
)
\inf@bad=\count268
LaTeX Info: Redefining \frac on input line 235.
\uproot@=\count269
\leftroot@=\count270
LaTeX Info: Redefining \overline on input line 398.
LaTeX Info: Redefining \colon on input line 409.
\classnum@=\count271
\DOTSCASE@=\count272
LaTeX Info: Redefining \ldots on input line 495.
LaTeX Info: Redefining \dots on input line 498.
LaTeX Info: Redefining \cdots on input line 619.
\Mathstrutbox@=\box52
\strutbox@=\box53
LaTeX Info: Redefining \big on input line 721.
LaTeX Info: Redefining \Big on input line 722.
LaTeX Info: Redefining \bigg on input line 723.
LaTeX Info: Redefining \Bigg on input line 724.
\big@size=\dimen143
LaTeX Font Info:    Redeclaring font encoding OML on input line 742.
LaTeX Font Info:    Redeclaring font encoding OMS on input line 743.
\macc@depth=\count273
LaTeX Info: Redefining \bmod on input line 904.
LaTeX Info: Redefining \pmod on input line 909.
LaTeX Info: Redefining \smash on input line 939.
LaTeX Info: Redefining \relbar on input line 969.
LaTeX Info: Redefining \Relbar on input line 970.
\c@MaxMatrixCols=\count274
\dotsspace@=\muskip17
\c@parentequation=\count275
\dspbrk@lvl=\count276
\tag@help=\toks18
\row@=\count277
\column@=\count278
\maxfields@=\count279
\andhelp@=\toks19
\eqnshift@=\dimen144
\alignsep@=\dimen145
\tagshift@=\dimen146
\tagwidth@=\dimen147
\totwidth@=\dimen148
\lineht@=\dimen149
\@envbody=\toks20
\multlinegap=\skip52
\multlinetaggap=\skip53
\mathdisplay@stack=\toks21
LaTeX Info: Redefining \[ on input line 2953.
LaTeX Info: Redefining \] on input line 2954.
) (c:/texlive/2025/texmf-dist/tex/latex/geometry/geometry.sty
Package: geometry 2020/01/02 v5.9 Page Geometry
 (c:/texlive/2025/texmf-dist/tex/latex/graphics/keyval.sty
Package: keyval 2022/05/29 v1.15 key=value parser (DPC)
\KV@toks@=\toks22
) (c:/texlive/2025/texmf-dist/tex/generic/iftex/ifvtex.sty
Package: ifvtex 2019/10/25 v1.7 ifvtex legacy package. Use iftex instead.
 (c:/texlive/2025/texmf-dist/tex/generic/iftex/iftex.sty
Package: iftex 2024/12/12 v1.0g TeX engine tests
))
\Gm@cnth=\count280
\Gm@cntv=\count281
\c@Gm@tempcnt=\count282
\Gm@bindingoffset=\dimen150
\Gm@wd@mp=\dimen151
\Gm@odd@mp=\dimen152
\Gm@even@mp=\dimen153
\Gm@layoutwidth=\dimen154
\Gm@layoutheight=\dimen155
\Gm@layouthoffset=\dimen156
\Gm@layoutvoffset=\dimen157
\Gm@dimlist=\toks23
) (c:/texlive/2025/texmf-dist/tex/latex/graphics/graphicx.sty
Package: graphicx 2021/09/16 v1.2d Enhanced LaTeX Graphics (DPC,SPQR)
 (c:/texlive/2025/texmf-dist/tex/latex/graphics/graphics.sty
Package: graphics 2024/08/06 v1.4g Standard LaTeX Graphics (DPC,SPQR)
 (c:/texlive/2025/texmf-dist/tex/latex/graphics/trig.sty
Package: trig 2023/12/02 v1.11 sin cos tan (DPC)
) (c:/texlive/2025/texmf-dist/tex/latex/graphics-cfg/graphics.cfg
File: graphics.cfg 2016/06/04 v1.11 sample graphics configuration
)
Package graphics Info: Driver file: luatex.def on input line 106.
 (c:/texlive/2025/texmf-dist/tex/latex/graphics-def/luatex.def
File: luatex.def 2024/04/13 v1.2e Graphics/color driver for luatex
))
\Gin@req@height=\dimen158
\Gin@req@width=\dimen159
) (c:/texlive/2025/texmf-dist/tex/latex/tools/array.sty
Package: array 2024/10/17 v2.6g Tabular extension package (FMi)
\col@sep=\dimen160
\ar@mcellbox=\box54
\extrarowheight=\dimen161
\NC@list=\toks24
\extratabsurround=\skip54
\backup@length=\skip55
\ar@cellbox=\box55
) (c:/texlive/2025/texmf-dist/tex/latex/makecell/makecell.sty
Package: makecell 2009/08/03 V0.1e Managing of Tab Column Heads and Cells
\rotheadsize=\dimen162
\c@nlinenum=\count283
\TeXr@lab=\toks25
) (c:/texlive/2025/texmf-dist/tex/latex/enumitem/enumitem.sty
Package: enumitem 2025/02/06 v3.11 Customized lists
\labelindent=\skip56
\enit@outerparindent=\dimen163
\enit@toks=\toks26
\enit@inbox=\box56
\enit@count@id=\count284
\enitdp@description=\count285
) (c:/texlive/2025/texmf-dist/tex/latex/tools/bm.sty
Package: bm 2023/12/19 v1.2f Bold Symbol Support (DPC/FMi)
\symboldoperators=\mathgroup4
\symboldletters=\mathgroup5
\symboldsymbols=\mathgroup6
Package bm Info: No bold for \OMX/cmex/m/n, using \pmb.
LaTeX Font Info:    Redeclaring math alphabet \mathbf on input line 149.
) (c:/texlive/2025/texmf-dist/tex/latex/booktabs/booktabs.sty
Package: booktabs 2020/01/12 v1.61803398 Publication quality tables
\heavyrulewidth=\dimen164
\lightrulewidth=\dimen165
\cmidrulewidth=\dimen166
\belowrulesep=\dimen167
\belowbottomsep=\dimen168
\aboverulesep=\dimen169
\abovetopsep=\dimen170
\cmidrulesep=\dimen171
\cmidrulekern=\dimen172
\defaultaddspace=\dimen173
\@cmidla=\count286
\@cmidlb=\count287
\@aboverulesep=\dimen174
\@belowrulesep=\dimen175
\@thisruleclass=\count288
\@lastruleclass=\count289
\@thisrulewidth=\dimen176
) (c:/texlive/2025/texmf-dist/tex/latex/multirow/multirow.sty
Package: multirow 2024/11/12 v2.9 Span multiple rows of a table
\multirow@colwidth=\skip57
\multirow@cntb=\count290
\multirow@dima=\skip58
\bigstrutjot=\dimen177
) (c:/texlive/2025/texmf-dist/tex/latex/pgfplots/pgfplots.sty (c:/texlive/2025/texmf-dist/tex/generic/pgfplots/pgfplots.revision.tex)
Package: pgfplots 2021/05/15 v1.18.1 Data Visualization (1.18.1)
 (c:/texlive/2025/texmf-dist/tex/latex/pgf/frontendlayer/tikz.sty (c:/texlive/2025/texmf-dist/tex/latex/pgf/basiclayer/pgf.sty (c:/texlive/2025/texmf-dist/tex/latex/pgf/utilities/pgfrcs.sty (c:/texlive/2025/texmf-dist/tex/generic/pgf/utilities/pgfutil-common.tex
\pgfutil@everybye=\toks27
\pgfutil@tempdima=\dimen178
\pgfutil@tempdimb=\dimen179
) (c:/texlive/2025/texmf-dist/tex/generic/pgf/utilities/pgfutil-latex.def
\pgfutil@abb=\box57
) (c:/texlive/2025/texmf-dist/tex/generic/pgf/utilities/pgfrcs.code.tex (c:/texlive/2025/texmf-dist/tex/generic/pgf/pgf.revision.tex)
Package: pgfrcs 2023-01-15 v3.1.10 (3.1.10)
))
Package: pgf 2023-01-15 v3.1.10 (3.1.10)
 (c:/texlive/2025/texmf-dist/tex/latex/pgf/basiclayer/pgfcore.sty (c:/texlive/2025/texmf-dist/tex/latex/pgf/systemlayer/pgfsys.sty (c:/texlive/2025/texmf-dist/tex/generic/pgf/systemlayer/pgfsys.code.tex
Package: pgfsys 2023-01-15 v3.1.10 (3.1.10)
 (c:/texlive/2025/texmf-dist/tex/generic/pgf/utilities/pgfkeys.code.tex
\pgfkeys@pathtoks=\toks28
\pgfkeys@temptoks=\toks29
 (c:/texlive/2025/texmf-dist/tex/generic/pgf/utilities/pgfkeyslibraryfiltered.code.tex
\pgfkeys@tmptoks=\toks30
))
\pgf@x=\dimen180
\pgf@y=\dimen181
\pgf@xa=\dimen182
\pgf@ya=\dimen183
\pgf@xb=\dimen184
\pgf@yb=\dimen185
\pgf@xc=\dimen186
\pgf@yc=\dimen187
\pgf@xd=\dimen188
\pgf@yd=\dimen189
\w@pgf@writea=\write3
\r@pgf@reada=\read2
\c@pgf@counta=\count291
\c@pgf@countb=\count292
\c@pgf@countc=\count293
\c@pgf@countd=\count294
\t@pgf@toka=\toks31
\t@pgf@tokb=\toks32
\t@pgf@tokc=\toks33
\pgf@sys@id@count=\count295
 (c:/texlive/2025/texmf-dist/tex/generic/pgf/systemlayer/pgf.cfg
File: pgf.cfg 2023-01-15 v3.1.10 (3.1.10)
)
Driver file for pgf: pgfsys-luatex.def
 (c:/texlive/2025/texmf-dist/tex/generic/pgf/systemlayer/pgfsys-luatex.def
File: pgfsys-luatex.def 2023-01-15 v3.1.10 (3.1.10)
 (c:/texlive/2025/texmf-dist/tex/generic/pgf/systemlayer/pgfsys-common-pdf.def
File: pgfsys-common-pdf.def 2023-01-15 v3.1.10 (3.1.10)
))) (c:/texlive/2025/texmf-dist/tex/generic/pgf/systemlayer/pgfsyssoftpath.code.tex
File: pgfsyssoftpath.code.tex 2023-01-15 v3.1.10 (3.1.10)
\pgfsyssoftpath@smallbuffer@items=\count296
\pgfsyssoftpath@bigbuffer@items=\count297
) (c:/texlive/2025/texmf-dist/tex/generic/pgf/systemlayer/pgfsysprotocol.code.tex
File: pgfsysprotocol.code.tex 2023-01-15 v3.1.10 (3.1.10)
)) (c:/texlive/2025/texmf-dist/tex/latex/xcolor/xcolor.sty
Package: xcolor 2024/09/29 v3.02 LaTeX color extensions (UK)
 (c:/texlive/2025/texmf-dist/tex/latex/graphics-cfg/color.cfg
File: color.cfg 2016/01/02 v1.6 sample color configuration
)
Package xcolor Info: Driver file: luatex.def on input line 274.
 (c:/texlive/2025/texmf-dist/tex/latex/graphics/mathcolor.ltx)
Package xcolor Info: Model `cmy' substituted by `cmy0' on input line 1349.
Package xcolor Info: Model `hsb' substituted by `rgb' on input line 1353.
Package xcolor Info: Model `RGB' extended on input line 1365.
Package xcolor Info: Model `HTML' substituted by `rgb' on input line 1367.
Package xcolor Info: Model `Hsb' substituted by `hsb' on input line 1368.
Package xcolor Info: Model `tHsb' substituted by `hsb' on input line 1369.
Package xcolor Info: Model `HSB' substituted by `hsb' on input line 1370.
Package xcolor Info: Model `Gray' substituted by `gray' on input line 1371.
Package xcolor Info: Model `wave' substituted by `hsb' on input line 1372.
) (c:/texlive/2025/texmf-dist/tex/generic/pgf/basiclayer/pgfcore.code.tex
Package: pgfcore 2023-01-15 v3.1.10 (3.1.10)
 (c:/texlive/2025/texmf-dist/tex/generic/pgf/math/pgfmath.code.tex (c:/texlive/2025/texmf-dist/tex/generic/pgf/math/pgfmathutil.code.tex) (c:/texlive/2025/texmf-dist/tex/generic/pgf/math/pgfmathparser.code.tex
\pgfmath@dimen=\dimen190
\pgfmath@count=\count298
\pgfmath@box=\box58
\pgfmath@toks=\toks34
\pgfmath@stack@operand=\toks35
\pgfmath@stack@operation=\toks36
) (c:/texlive/2025/texmf-dist/tex/generic/pgf/math/pgfmathfunctions.code.tex) (c:/texlive/2025/texmf-dist/tex/generic/pgf/math/pgfmathfunctions.basic.code.tex) (c:/texlive/2025/texmf-dist/tex/generic/pgf/math/pgfmathfunctions.trigonometric.code.tex) (c:/texlive/2025/texmf-dist/tex/generic/pgf/math/pgfmathfunctions.random.code.tex) (c:/texlive/2025/texmf-dist/tex/generic/pgf/math/pgfmathfunctions.comparison.code.tex) (c:/texlive/2025/texmf-dist/tex/generic/pgf/math/pgfmathfunctions.base.code.tex) (c:/texlive/2025/texmf-dist/tex/generic/pgf/math/pgfmathfunctions.round.code.tex) (c:/texlive/2025/texmf-dist/tex/generic/pgf/math/pgfmathfunctions.misc.code.tex) (c:/texlive/2025/texmf-dist/tex/generic/pgf/math/pgfmathfunctions.integerarithmetics.code.tex) (c:/texlive/2025/texmf-dist/tex/generic/pgf/math/pgfmathcalc.code.tex) (c:/texlive/2025/texmf-dist/tex/generic/pgf/math/pgfmathfloat.code.tex
\c@pgfmathroundto@lastzeros=\count299
)) (c:/texlive/2025/texmf-dist/tex/generic/pgf/math/pgfint.code.tex) (c:/texlive/2025/texmf-dist/tex/generic/pgf/basiclayer/pgfcorepoints.code.tex
File: pgfcorepoints.code.tex 2023-01-15 v3.1.10 (3.1.10)
\pgf@picminx=\dimen191
\pgf@picmaxx=\dimen192
\pgf@picminy=\dimen193
\pgf@picmaxy=\dimen194
\pgf@pathminx=\dimen195
\pgf@pathmaxx=\dimen196
\pgf@pathminy=\dimen197
\pgf@pathmaxy=\dimen198
\pgf@xx=\dimen199
\pgf@xy=\dimen256
\pgf@yx=\dimen257
\pgf@yy=\dimen258
\pgf@zx=\dimen259
\pgf@zy=\dimen260
) (c:/texlive/2025/texmf-dist/tex/generic/pgf/basiclayer/pgfcorepathconstruct.code.tex
File: pgfcorepathconstruct.code.tex 2023-01-15 v3.1.10 (3.1.10)
\pgf@path@lastx=\dimen261
\pgf@path@lasty=\dimen262
) (c:/texlive/2025/texmf-dist/tex/generic/pgf/basiclayer/pgfcorepathusage.code.tex
File: pgfcorepathusage.code.tex 2023-01-15 v3.1.10 (3.1.10)
\pgf@shorten@end@additional=\dimen263
\pgf@shorten@start@additional=\dimen264
) (c:/texlive/2025/texmf-dist/tex/generic/pgf/basiclayer/pgfcorescopes.code.tex
File: pgfcorescopes.code.tex 2023-01-15 v3.1.10 (3.1.10)
\pgfpic=\box59
\pgf@hbox=\box60
\pgf@layerbox@main=\box61
\pgf@picture@serial@count=\count300
) (c:/texlive/2025/texmf-dist/tex/generic/pgf/basiclayer/pgfcoregraphicstate.code.tex
File: pgfcoregraphicstate.code.tex 2023-01-15 v3.1.10 (3.1.10)
\pgflinewidth=\dimen265
) (c:/texlive/2025/texmf-dist/tex/generic/pgf/basiclayer/pgfcoretransformations.code.tex
File: pgfcoretransformations.code.tex 2023-01-15 v3.1.10 (3.1.10)
\pgf@pt@x=\dimen266
\pgf@pt@y=\dimen267
\pgf@pt@temp=\dimen268
) (c:/texlive/2025/texmf-dist/tex/generic/pgf/basiclayer/pgfcorequick.code.tex
File: pgfcorequick.code.tex 2023-01-15 v3.1.10 (3.1.10)
) (c:/texlive/2025/texmf-dist/tex/generic/pgf/basiclayer/pgfcoreobjects.code.tex
File: pgfcoreobjects.code.tex 2023-01-15 v3.1.10 (3.1.10)
) (c:/texlive/2025/texmf-dist/tex/generic/pgf/basiclayer/pgfcorepathprocessing.code.tex
File: pgfcorepathprocessing.code.tex 2023-01-15 v3.1.10 (3.1.10)
) (c:/texlive/2025/texmf-dist/tex/generic/pgf/basiclayer/pgfcorearrows.code.tex
File: pgfcorearrows.code.tex 2023-01-15 v3.1.10 (3.1.10)
\pgfarrowsep=\dimen269
) (c:/texlive/2025/texmf-dist/tex/generic/pgf/basiclayer/pgfcoreshade.code.tex
File: pgfcoreshade.code.tex 2023-01-15 v3.1.10 (3.1.10)
\pgf@max=\dimen270
\pgf@sys@shading@range@num=\count301
\pgf@shadingcount=\count302
) (c:/texlive/2025/texmf-dist/tex/generic/pgf/basiclayer/pgfcoreimage.code.tex
File: pgfcoreimage.code.tex 2023-01-15 v3.1.10 (3.1.10)
) (c:/texlive/2025/texmf-dist/tex/generic/pgf/basiclayer/pgfcoreexternal.code.tex
File: pgfcoreexternal.code.tex 2023-01-15 v3.1.10 (3.1.10)
\pgfexternal@startupbox=\box62
) (c:/texlive/2025/texmf-dist/tex/generic/pgf/basiclayer/pgfcorelayers.code.tex
File: pgfcorelayers.code.tex 2023-01-15 v3.1.10 (3.1.10)
) (c:/texlive/2025/texmf-dist/tex/generic/pgf/basiclayer/pgfcoretransparency.code.tex
File: pgfcoretransparency.code.tex 2023-01-15 v3.1.10 (3.1.10)
) (c:/texlive/2025/texmf-dist/tex/generic/pgf/basiclayer/pgfcorepatterns.code.tex
File: pgfcorepatterns.code.tex 2023-01-15 v3.1.10 (3.1.10)
) (c:/texlive/2025/texmf-dist/tex/generic/pgf/basiclayer/pgfcorerdf.code.tex
File: pgfcorerdf.code.tex 2023-01-15 v3.1.10 (3.1.10)
))) (c:/texlive/2025/texmf-dist/tex/generic/pgf/modules/pgfmoduleshapes.code.tex
File: pgfmoduleshapes.code.tex 2023-01-15 v3.1.10 (3.1.10)
\pgfnodeparttextbox=\box63
) (c:/texlive/2025/texmf-dist/tex/generic/pgf/modules/pgfmoduleplot.code.tex
File: pgfmoduleplot.code.tex 2023-01-15 v3.1.10 (3.1.10)
) (c:/texlive/2025/texmf-dist/tex/latex/pgf/compatibility/pgfcomp-version-0-65.sty
Package: pgfcomp-version-0-65 2023-01-15 v3.1.10 (3.1.10)
\pgf@nodesepstart=\dimen271
\pgf@nodesepend=\dimen272
) (c:/texlive/2025/texmf-dist/tex/latex/pgf/compatibility/pgfcomp-version-1-18.sty
Package: pgfcomp-version-1-18 2023-01-15 v3.1.10 (3.1.10)
)) (c:/texlive/2025/texmf-dist/tex/latex/pgf/utilities/pgffor.sty (c:/texlive/2025/texmf-dist/tex/latex/pgf/utilities/pgfkeys.sty (c:/texlive/2025/texmf-dist/tex/generic/pgf/utilities/pgfkeys.code.tex)) (c:/texlive/2025/texmf-dist/tex/latex/pgf/math/pgfmath.sty (c:/texlive/2025/texmf-dist/tex/generic/pgf/math/pgfmath.code.tex)) (c:/texlive/2025/texmf-dist/tex/generic/pgf/utilities/pgffor.code.tex
Package: pgffor 2023-01-15 v3.1.10 (3.1.10)
\pgffor@iter=\dimen273
\pgffor@skip=\dimen274
\pgffor@stack=\toks37
\pgffor@toks=\toks38
)) (c:/texlive/2025/texmf-dist/tex/generic/pgf/frontendlayer/tikz/tikz.code.tex
Package: tikz 2023-01-15 v3.1.10 (3.1.10)
 (c:/texlive/2025/texmf-dist/tex/generic/pgf/libraries/pgflibraryplothandlers.code.tex
File: pgflibraryplothandlers.code.tex 2023-01-15 v3.1.10 (3.1.10)
\pgf@plot@mark@count=\count303
\pgfplotmarksize=\dimen275
)
\tikz@lastx=\dimen276
\tikz@lasty=\dimen277
\tikz@lastxsaved=\dimen278
\tikz@lastysaved=\dimen279
\tikz@lastmovetox=\dimen280
\tikz@lastmovetoy=\dimen281
\tikzleveldistance=\dimen282
\tikzsiblingdistance=\dimen283
\tikz@figbox=\box64
\tikz@figbox@bg=\box65
\tikz@tempbox=\box66
\tikz@tempbox@bg=\box67
\tikztreelevel=\count304
\tikznumberofchildren=\count305
\tikznumberofcurrentchild=\count306
\tikz@fig@count=\count307
 (c:/texlive/2025/texmf-dist/tex/generic/pgf/modules/pgfmodulematrix.code.tex
File: pgfmodulematrix.code.tex 2023-01-15 v3.1.10 (3.1.10)
\pgfmatrixcurrentrow=\count308
\pgfmatrixcurrentcolumn=\count309
\pgf@matrix@numberofcolumns=\count310
)
\tikz@expandcount=\count311
 (c:/texlive/2025/texmf-dist/tex/generic/pgf/frontendlayer/tikz/libraries/tikzlibrarytopaths.code.tex
File: tikzlibrarytopaths.code.tex 2023-01-15 v3.1.10 (3.1.10)
))) (c:/texlive/2025/texmf-dist/tex/generic/pgfplots/pgfplots.code.tex (c:/texlive/2025/texmf-dist/tex/generic/pgfplots/pgfplotscore.code.tex
Package pgfplots info on input line 124: Initializing with LUA version Lua 5.3
\pgfplots@luabackend@table=\catcodetable14
\t@pgfplots@toka=\toks39
\t@pgfplots@tokb=\toks40
\t@pgfplots@tokc=\toks41
\pgfplots@tmpa=\dimen284
\c@pgfplots@coordindex=\count312
\c@pgfplots@scanlineindex=\count313
 (c:/texlive/2025/texmf-dist/tex/generic/pgfplots/sys/pgfplotssysgeneric.code.tex)) (c:/texlive/2025/texmf-dist/tex/generic/pgfplots/libs/pgfplotslibrary.code.tex) (c:/texlive/2025/texmf-dist/tex/generic/pgfplots/oldpgfcompatib/pgfplotsoldpgfsupp_loader.code.tex (c:/texlive/2025/texmf-dist/tex/generic/pgf/libraries/pgflibraryfpu.code.tex)
Package pgfplots: loading complementary utilities for your pgf version...
\t@pgf@toka=\toks42
\t@pgf@tokb=\toks43
\t@pgf@tokc=\toks44
(c:/texlive/2025/texmf-dist/tex/generic/pgfplots/oldpgfcompatib/pgfplotsoldpgfsupp_pgfutil-common-lists.tex) (c:/texlive/2025/texmf-dist/tex/generic/pgf/libraries/luamath/pgflibraryluamath.code.tex)
Package pgfplots info on input line 290: luamath library shipped with pgf 3.1.10 is up-to-date
) (c:/texlive/2025/texmf-dist/tex/generic/pgfplots/util/pgfplotsutil.code.tex
Package pgfplots info on input line 82: Found new luatex: initializing lua commands instead of write18 (shell-escape)
 (c:/texlive/2025/texmf-dist/tex/generic/pgfplots/liststructure/pgfplotsliststructure.code.tex) (c:/texlive/2025/texmf-dist/tex/generic/pgfplots/liststructure/pgfplotsliststructureext.code.tex) (c:/texlive/2025/texmf-dist/tex/generic/pgfplots/liststructure/pgfplotsarray.code.tex
\c@pgfplotsarray@tmp=\count314
) (c:/texlive/2025/texmf-dist/tex/generic/pgfplots/liststructure/pgfplotsmatrix.code.tex) (c:/texlive/2025/texmf-dist/tex/generic/pgfplots/numtable/pgfplotstableshared.code.tex
\c@pgfplotstable@counta=\count315
\t@pgfplotstable@a=\toks45
) (c:/texlive/2025/texmf-dist/tex/generic/pgfplots/liststructure/pgfplotsdeque.code.tex) (c:/texlive/2025/texmf-dist/tex/generic/pgfplots/util/pgfplotsbinary.code.tex (c:/texlive/2025/texmf-dist/tex/generic/pgfplots/util/pgfplotsbinary.data.code.tex)) (c:/texlive/2025/texmf-dist/tex/generic/pgfplots/util/pgfplotsutil.verb.code.tex) (c:/texlive/2025/texmf-dist/tex/generic/pgfplots/libs/pgflibrarypgfplots.surfshading.code.tex
\c@pgfplotslibrarysurf@no=\count316
 (c:/texlive/2025/texmf-dist/tex/generic/pgfplots/sys/pgflibrarypgfplots.surfshading.pgfsys-luatex.def))) (c:/texlive/2025/texmf-dist/tex/generic/pgfplots/util/pgfplotscolormap.code.tex (c:/texlive/2025/texmf-dist/tex/generic/pgfplots/util/pgfplotscolor.code.tex)) (c:/texlive/2025/texmf-dist/tex/generic/pgfplots/pgfplotsstackedplots.code.tex) (c:/texlive/2025/texmf-dist/tex/generic/pgfplots/pgfplotsplothandlers.code.tex (c:/texlive/2025/texmf-dist/tex/generic/pgfplots/pgfplotsmeshplothandler.code.tex (c:/texlive/2025/texmf-dist/tex/generic/pgfplots/pgfplotsmeshplotimage.code.tex))) (c:/texlive/2025/texmf-dist/tex/generic/pgfplots/pgfplots.scaling.code.tex) (c:/texlive/2025/texmf-dist/tex/generic/pgfplots/pgfplotscoordprocessing.code.tex) (c:/texlive/2025/texmf-dist/tex/generic/pgfplots/pgfplots.errorbars.code.tex) (c:/texlive/2025/texmf-dist/tex/generic/pgfplots/pgfplots.markers.code.tex) (c:/texlive/2025/texmf-dist/tex/generic/pgfplots/pgfplotsticks.code.tex) (c:/texlive/2025/texmf-dist/tex/generic/pgfplots/pgfplots.paths.code.tex) (c:/texlive/2025/texmf-dist/tex/generic/pgf/frontendlayer/tikz/libraries/tikzlibrarydecorations.code.tex (c:/texlive/2025/texmf-dist/tex/generic/pgf/modules/pgfmoduledecorations.code.tex
\pgfdecoratedcompleteddistance=\dimen285
\pgfdecoratedremainingdistance=\dimen286
\pgfdecoratedinputsegmentcompleteddistance=\dimen287
\pgfdecoratedinputsegmentremainingdistance=\dimen288
\pgf@decorate@distancetomove=\dimen289
\pgf@decorate@repeatstate=\count317
\pgfdecorationsegmentamplitude=\dimen290
\pgfdecorationsegmentlength=\dimen291
)
\tikz@lib@dec@box=\box68
) (c:/texlive/2025/texmf-dist/tex/generic/pgf/frontendlayer/tikz/libraries/tikzlibrarydecorations.pathmorphing.code.tex (c:/texlive/2025/texmf-dist/tex/generic/pgf/libraries/decorations/pgflibrarydecorations.pathmorphing.code.tex)) (c:/texlive/2025/texmf-dist/tex/generic/pgf/frontendlayer/tikz/libraries/tikzlibrarydecorations.pathreplacing.code.tex (c:/texlive/2025/texmf-dist/tex/generic/pgf/libraries/decorations/pgflibrarydecorations.pathreplacing.code.tex)) (c:/texlive/2025/texmf-dist/tex/generic/pgfplots/libs/tikzlibrarypgfplots.contourlua.code.tex)
\pgfplots@numplots=\count318
\pgfplots@xmin@reg=\dimen292
\pgfplots@xmax@reg=\dimen293
\pgfplots@ymin@reg=\dimen294
\pgfplots@ymax@reg=\dimen295
\pgfplots@zmin@reg=\dimen296
\pgfplots@zmax@reg=\dimen297
) (c:/texlive/2025/texmf-dist/tex/generic/pgf/frontendlayer/tikz/libraries/tikzlibraryplotmarks.code.tex
File: tikzlibraryplotmarks.code.tex 2023-01-15 v3.1.10 (3.1.10)
 (c:/texlive/2025/texmf-dist/tex/generic/pgf/libraries/pgflibraryplotmarks.code.tex
File: pgflibraryplotmarks.code.tex 2023-01-15 v3.1.10 (3.1.10)
))) (c:/texlive/2025/texmf-dist/tex/latex/amsfonts/amssymb.sty
Package: amssymb 2013/01/14 v3.01 AMS font symbols
 (c:/texlive/2025/texmf-dist/tex/latex/amsfonts/amsfonts.sty
Package: amsfonts 2013/01/14 v3.01 Basic AMSFonts support
\symAMSa=\mathgroup7
\symAMSb=\mathgroup8
LaTeX Font Info:    Redeclaring math symbol \hbar on input line 98.
LaTeX Font Info:    Overwriting math alphabet `\mathfrak' in version `bold'
(Font)                  U/euf/m/n --> U/euf/b/n on input line 106.
)) (c:/texlive/2025/texmf-dist/tex/latex/mathtools/mathtools.sty
Package: mathtools 2024/10/04 v1.31 mathematical typesetting tools
 (c:/texlive/2025/texmf-dist/tex/latex/tools/calc.sty
Package: calc 2023/07/08 v4.3 Infix arithmetic (KKT,FJ)
\calc@Acount=\count319
\calc@Bcount=\count320
\calc@Adimen=\dimen298
\calc@Bdimen=\dimen299
\calc@Askip=\skip59
\calc@Bskip=\skip60
LaTeX Info: Redefining \setlength on input line 80.
LaTeX Info: Redefining \addtolength on input line 81.
\calc@Ccount=\count321
\calc@Cskip=\skip61
) (c:/texlive/2025/texmf-dist/tex/latex/mathtools/mhsetup.sty
Package: mhsetup 2021/03/18 v1.4 programming setup (MH)
)
\g_MT_multlinerow_int=\count322
\l_MT_multwidth_dim=\dimen300
\origjot=\skip62
\l_MT_shortvdotswithinadjustabove_dim=\dimen301
\l_MT_shortvdotswithinadjustbelow_dim=\dimen302
\l_MT_above_intertext_sep=\dimen303
\l_MT_below_intertext_sep=\dimen304
\l_MT_above_shortintertext_sep=\dimen305
\l_MT_below_shortintertext_sep=\dimen306
\xmathstrut@box=\box69
\xmathstrut@dim=\dimen307
) (c:/texlive/2025/texmf-dist/tex/latex/nicematrix/nicematrix.sty (c:/texlive/2025/texmf-dist/tex/latex/l3packages/l3keys2e/l3keys2e.sty (c:/texlive/2025/texmf-dist/tex/latex/l3kernel/expl3.sty
Package: expl3 2025-01-18 L3 programming layer (loader) 
 (c:/texlive/2025/texmf-dist/tex/latex/l3backend/l3backend-luatex.def
File: l3backend-luatex.def 2024-05-08 L3 backend support: PDF output (LuaTeX)
\l__color_backend_stack_int=\count323
Inserting `l3color' in `luaotfload.parse_color'.
\l__pdf_internal_box=\box70
))
Package: l3keys2e 2024-08-16 LaTeX2e option processing using LaTeX3 keys
)
Package: nicematrix 2025/03/04 v7.1a Enhanced arrays with the help of PGF/TikZ
\g__nicematrix_env_int=\count324
\g__nicematrix_NiceMatrixBlock_int=\count325
\g__nicematrix_notes_caption_int=\count326
\l__nicematrix_columns_width_dim=\dimen308
\l__nicematrix_col_width_dim=\dimen309
\g__nicematrix_row_total_int=\count327
\g__nicematrix_col_total_int=\count328
\g__nicematrix_last_row_node_int=\count329
\l__nicematrix_key_nb_rows_int=\count330
\g__nicematrix_blocks_wd_dim=\dimen310
\g__nicematrix_blocks_ht_dim=\dimen311
\g__nicematrix_blocks_dp_dim=\dimen312
\l__nicematrix_width_dim=\dimen313
\l__nicematrix_tabular_width_dim=\dimen314
\l__nicematrix_rule_width_dim=\dimen315
\l__nicematrix_old_iRow_int=\count331
\l__nicematrix_old_jCol_int=\count332
\g__nicematrix_total_X_weight_int=\count333
\l__nicematrix_X_columns_dim=\dimen316
\l__nicematrix_x_initial_dim=\dimen317
\l__nicematrix_y_initial_dim=\dimen318
\l__nicematrix_x_final_dim=\dimen319
\l__nicematrix_y_final_dim=\dimen320
\l__nicematrix_tmpc_dim=\dimen321
\l__nicematrix_tmpd_dim=\dimen322
\l__nicematrix_tmpe_dim=\dimen323
\l__nicematrix_tmpf_dim=\dimen324
\g__nicematrix_dp_row_zero_dim=\dimen325
\g__nicematrix_ht_row_zero_dim=\dimen326
\g__nicematrix_ht_row_one_dim=\dimen327
\g__nicematrix_dp_ante_last_row_dim=\dimen328
\g__nicematrix_ht_last_row_dim=\dimen329
\g__nicematrix_dp_last_row_dim=\dimen330
\g__nicematrix_width_last_col_dim=\dimen331
\g__nicematrix_width_first_col_dim=\dimen332
\l__nicematrix_row_min_int=\count334
\l__nicematrix_row_max_int=\count335
\l__nicematrix_col_min_int=\count336
\l__nicematrix_col_max_int=\count337
\l__nicematrix_start_int=\count338
\l__nicematrix_end_int=\count339
\l__nicematrix_local_start_int=\count340
\l__nicematrix_local_end_int=\count341
\g__nicematrix_static_num_of_col_int=\count342
\l__nicematrix_rounded_corners_dim=\dimen333
\l__nicematrix_tab_rounded_corners_dim=\dimen334
\l__nicematrix_offset_dim=\dimen335
\l__nicematrix_line_width_dim=\dimen336
\g__nicematrix_block_box_int=\count343
\l__nicematrix_submatrix_extra_height_dim=\dimen337
\l__nicematrix_submatrix_left_xshift_dim=\dimen338
\l__nicematrix_submatrix_right_xshift_dim=\dimen339
\l__nicematrix_first_row_int=\count344
\l__nicematrix_first_col_int=\count345
\l__nicematrix_last_row_int=\count346
\l__nicematrix_last_col_int=\count347
\c@tabularnote=\count348
\g__nicematrix_tabularnote_int=\count349
\c@nicematrix_draft=\count350
\l__nicematrix_cell_space_top_limit_dim=\dimen340
\l__nicematrix_cell_space_bottom_limit_dim=\dimen341
\l__nicematrix_xdots_inter_dim=\dimen342
\l__nicematrix_xdots_shorten_start_dim=\dimen343
\l__nicematrix_xdots_shorten_end_dim=\dimen344
\l__nicematrix_xdots_radius_dim=\dimen345
\l__nicematrix_notes_above_space_dim=\dimen346
\l__nicematrix_left_margin_dim=\dimen347
\l__nicematrix_right_margin_dim=\dimen348
\l__nicematrix_extra_left_margin_dim=\dimen349
\l__nicematrix_extra_right_margin_dim=\dimen350
\c__nicematrix_max_l_dim=\dimen351
\l__nicematrix_position_int=\count351
\l__nicematrix_multiplicity_int=\count352
\l__nicematrix_brace_yshift_dim=\dimen352
) (c:/texlive/2025/texmf-dist/tex/latex/float/float.sty
Package: float 2001/11/08 v1.3d Float enhancements (AL)
\c@float@type=\count353
\float@exts=\toks46
\float@box=\box71
\@float@everytoks=\toks47
\@floatcapt=\box72
) (c:/texlive/2025/texmf-dist/tex/latex/ntheorem/ntheorem.sty
Style `ntheorem', Version 1.33 <2011/08/15>
Package: ntheorem 2011/08/15 1.33
(c:/texlive/2025/texmf-dist/tex/latex/base/ifthen.sty
Package: ifthen 2024/03/16 v1.1e Standard LaTeX ifthen package (DPC)
)
\theorem@style=\toks48
\theorem@@style=\toks49
\theorembodyfont=\toks50
\theoremnumbering=\toks51
\theorempreskipamount=\skip63
\theorempostskipamount=\skip64
\theoremframepreskipamount=\skip65
\theoremframepostskipamount=\skip66
\theoreminframepreskipamount=\skip67
\theoreminframepostskipamount=\skip68
\theorem@preskip=\toks52
\theorem@postskip=\toks53
\theorem@framepreskip=\toks54
\theorem@framepostskip=\toks55
\theorem@inframepreskip=\toks56
\theorem@inframepostskip=\toks57
\theoremindent=\dimen353
\theorem@indent=\dimen354
\theoremrightindent=\dimen355
\theorem@rightindent=\dimen356
\theoremheaderfont=\toks58
\theoremseparator=\toks59
\theoremprework=\toks60
\theorempostwork=\toks61
\theoremsymbol=\toks62
\qedsymbol=\toks63
\theoremkeyword=\toks64
\qedsymbol=\toks65
\thm@topsep=\skip69
\thm@topsepadd=\skip70
) (c:/texlive/2025/texmf-dist/tex/latex/hyperref/hyperref.sty
Package: hyperref 2024-11-05 v7.01l Hypertext links for LaTeX
 (c:/texlive/2025/texmf-dist/tex/latex/kvsetkeys/kvsetkeys.sty
Package: kvsetkeys 2022-10-05 v1.19 Key value parser (HO)
) (c:/texlive/2025/texmf-dist/tex/generic/kvdefinekeys/kvdefinekeys.sty
Package: kvdefinekeys 2019-12-19 v1.6 Define keys (HO)
) (c:/texlive/2025/texmf-dist/tex/generic/pdfescape/pdfescape.sty
Package: pdfescape 2019/12/09 v1.15 Implements pdfTeX's escape features (HO)
 (c:/texlive/2025/texmf-dist/tex/generic/ltxcmds/ltxcmds.sty
Package: ltxcmds 2023-12-04 v1.26 LaTeX kernel commands for general use (HO)
) (c:/texlive/2025/texmf-dist/tex/generic/pdftexcmds/pdftexcmds.sty
Package: pdftexcmds 2020-06-27 v0.33 Utility functions of pdfTeX for LuaTeX (HO)
 (c:/texlive/2025/texmf-dist/tex/generic/infwarerr/infwarerr.sty
Package: infwarerr 2019/12/03 v1.5 Providing info/warning/error messages (HO)
)
Package pdftexcmds Info: \pdf@primitive is available.
Package pdftexcmds Info: \pdf@ifprimitive is available.
Package pdftexcmds Info: \pdfdraftmode found.
\pdftexcmds@toks=\toks66
)) (c:/texlive/2025/texmf-dist/tex/latex/hycolor/hycolor.sty
Package: hycolor 2020-01-27 v1.10 Color options for hyperref/bookmark (HO)
) (c:/texlive/2025/texmf-dist/tex/latex/hyperref/nameref.sty
Package: nameref 2023-11-26 v2.56 Cross-referencing by name of section
 (c:/texlive/2025/texmf-dist/tex/latex/refcount/refcount.sty
Package: refcount 2019/12/15 v3.6 Data extraction from label references (HO)
) (c:/texlive/2025/texmf-dist/tex/generic/gettitlestring/gettitlestring.sty
Package: gettitlestring 2019/12/15 v1.6 Cleanup title references (HO)
 (c:/texlive/2025/texmf-dist/tex/latex/kvoptions/kvoptions.sty
Package: kvoptions 2022-06-15 v3.15 Key value format for package options (HO)
))
\c@section@level=\count354
) (c:/texlive/2025/texmf-dist/tex/latex/etoolbox/etoolbox.sty
Package: etoolbox 2025/02/11 v2.5l e-TeX tools for LaTeX (JAW)
\etb@tempcnta=\count355
) (c:/texlive/2025/texmf-dist/tex/generic/stringenc/stringenc.sty
Package: stringenc 2019/11/29 v1.12 Convert strings between diff. encodings (HO)
)
\@linkdim=\dimen357
\Hy@linkcounter=\count356
\Hy@pagecounter=\count357
 (c:/texlive/2025/texmf-dist/tex/latex/hyperref/pd1enc.def
File: pd1enc.def 2024-11-05 v7.01l Hyperref: PDFDocEncoding definition (HO)
) (c:/texlive/2025/texmf-dist/tex/generic/intcalc/intcalc.sty
Package: intcalc 2019/12/15 v1.3 Expandable calculations with integers (HO)
)
\Hy@SavedSpaceFactor=\count358
 (c:/texlive/2025/texmf-dist/tex/latex/hyperref/puenc.def
File: puenc.def 2024-11-05 v7.01l Hyperref: PDF Unicode definition (HO)
)
Package hyperref Info: Option `naturalnames' set `true' on input line 4040.
Package hyperref Info: Hyper figures OFF on input line 4157.
Package hyperref Info: Link nesting OFF on input line 4162.
Package hyperref Info: Hyper index ON on input line 4165.
Package hyperref Info: Plain pages OFF on input line 4172.
Package hyperref Info: Backreferencing OFF on input line 4177.
Package hyperref Info: Implicit mode ON; LaTeX internals redefined.
Package hyperref Info: Bookmarks ON on input line 4424.
\c@Hy@tempcnt=\count359
 (c:/texlive/2025/texmf-dist/tex/latex/url/url.sty
\Urlmuskip=\muskip18
Package: url 2013/09/16  ver 3.4  Verb mode for urls, etc.
)
LaTeX Info: Redefining \url on input line 4763.
\XeTeXLinkMargin=\dimen358
 (c:/texlive/2025/texmf-dist/tex/generic/bitset/bitset.sty
Package: bitset 2019/12/09 v1.3 Handle bit-vector datatype (HO)
 (c:/texlive/2025/texmf-dist/tex/generic/bigintcalc/bigintcalc.sty
Package: bigintcalc 2019/12/15 v1.5 Expandable calculations on big integers (HO)
))
\Fld@menulength=\count360
\Field@Width=\dimen359
\Fld@charsize=\dimen360
Package hyperref Info: Hyper figures OFF on input line 6042.
Package hyperref Info: Link nesting OFF on input line 6047.
Package hyperref Info: Hyper index ON on input line 6050.
Package hyperref Info: backreferencing OFF on input line 6057.
Package hyperref Info: Link coloring OFF on input line 6062.
Package hyperref Info: Link coloring with OCG OFF on input line 6067.
Package hyperref Info: PDF/A mode OFF on input line 6072.
 (c:/texlive/2025/texmf-dist/tex/latex/base/atbegshi-ltx.sty
Package: atbegshi-ltx 2021/01/10 v1.0c Emulation of the original atbegshi
package with kernel methods
)
\Hy@abspage=\count361
\c@Item=\count362
\c@Hfootnote=\count363
)
Package hyperref Info: Driver (autodetected): hluatex.
 (c:/texlive/2025/texmf-dist/tex/latex/hyperref/hluatex.def
File: hluatex.def 2024-11-05 v7.01l Hyperref driver for luaTeX
 (c:/texlive/2025/texmf-dist/tex/latex/base/atveryend-ltx.sty
Package: atveryend-ltx 2020/08/19 v1.0a Emulation of the original atveryend package
with kernel methods
)
\Fld@listcount=\count364
\c@bookmark@seq@number=\count365
 (c:/texlive/2025/texmf-dist/tex/latex/rerunfilecheck/rerunfilecheck.sty
Package: rerunfilecheck 2022-07-10 v1.10 Rerun checks for auxiliary files (HO)
 (c:/texlive/2025/texmf-dist/tex/generic/uniquecounter/uniquecounter.sty
Package: uniquecounter 2019/12/15 v1.4 Provide unlimited unique counter (HO)
)
Package uniquecounter Info: New unique counter `rerunfilecheck' on input line 285.
)
\Hy@SectionHShift=\skip71
) (c:/texlive/2025/texmf-dist/tex/latex/cleveref/cleveref.sty
Package: cleveref 2018/03/27 v0.21.4 Intelligent cross-referencing
Package cleveref Info: `hyperref' support loaded on input line 2370.
LaTeX Info: Redefining \cref on input line 2370.
LaTeX Info: Redefining \Cref on input line 2370.
LaTeX Info: Redefining \crefrange on input line 2370.
LaTeX Info: Redefining \Crefrange on input line 2370.
LaTeX Info: Redefining \cpageref on input line 2370.
LaTeX Info: Redefining \Cpageref on input line 2370.
LaTeX Info: Redefining \cpagerefrange on input line 2370.
LaTeX Info: Redefining \Cpagerefrange on input line 2370.
LaTeX Info: Redefining \labelcref on input line 2370.
LaTeX Info: Redefining \labelcpageref on input line 2370.
Package cleveref Info: `ntheorem' support loaded on input line 3055.
Package cleveref Info: include cross-reference names in hyperlinks on input line 7836.
Package cleveref Info: include cross-reference names in hyperlinks on input line 7852.
Package cleveref Info: no abbreviation of names on input line 7852.
) (c:/texlive/2025/texmf-dist/tex/latex/fancyhdr/fancyhdr.sty
Package: fancyhdr 2025/02/07 v5.2 Extensive control of page headers and footers
\f@nch@headwidth=\skip72
\f@nch@offset@elh=\skip73
\f@nch@offset@erh=\skip74
\f@nch@offset@olh=\skip75
\f@nch@offset@orh=\skip76
\f@nch@offset@elf=\skip77
\f@nch@offset@erf=\skip78
\f@nch@offset@olf=\skip79
\f@nch@offset@orf=\skip80
\f@nch@height=\skip81
\f@nch@footalignment=\skip82
\f@nch@widthL=\skip83
\f@nch@widthC=\skip84
\f@nch@widthR=\skip85
\@temptokenb=\toks67
)
\c@rem=\count366
\c@ex=\count367
\c@proof=\count368
\c@altp=\count369
\c@thm=\count370
\c@cor=\count371
\c@clminproof=\count372
\c@law=\count373
\c@proofskip=\count374
\c@exs=\count375
\c@rems=\count376
 (c:/texlive/2025/texmf-dist/tex/generic/pgf/frontendlayer/tikz/libraries/tikzlibrarycalc.code.tex
File: tikzlibrarycalc.code.tex 2023-01-15 v3.1.10 (3.1.10)
) (./Symmetry.aux)
\openout1 = Symmetry.aux

LaTeX Font Info:    Checking defaults for OML/cmm/m/it on input line 85.
LaTeX Font Info:    ... okay on input line 85.
LaTeX Font Info:    Checking defaults for OMS/cmsy/m/n on input line 85.
LaTeX Font Info:    ... okay on input line 85.
LaTeX Font Info:    Checking defaults for OT1/cmr/m/n on input line 85.
LaTeX Font Info:    ... okay on input line 85.
LaTeX Font Info:    Checking defaults for T1/cmr/m/n on input line 85.
LaTeX Font Info:    ... okay on input line 85.
LaTeX Font Info:    Checking defaults for TS1/cmr/m/n on input line 85.
LaTeX Font Info:    ... okay on input line 85.
LaTeX Font Info:    Checking defaults for TU/lmr/m/n on input line 85.
LaTeX Font Info:    ... okay on input line 85.
LaTeX Font Info:    Checking defaults for OMX/cmex/m/n on input line 85.
LaTeX Font Info:    ... okay on input line 85.
LaTeX Font Info:    Checking defaults for U/cmr/m/n on input line 85.
LaTeX Font Info:    ... okay on input line 85.
LaTeX Font Info:    Checking defaults for PD1/pdf/m/n on input line 85.
LaTeX Font Info:    ... okay on input line 85.
LaTeX Font Info:    Checking defaults for PU/pdf/m/n on input line 85.
LaTeX Font Info:    ... okay on input line 85.

*geometry* driver: auto-detecting
*geometry* detected driver: luatex
*geometry* verbose mode - [ preamble ] result:
* driver: luatex
* paper: a4paper
* layout: <same size as paper>
* layoutoffset:(h,v)=(0.0pt,0.0pt)
* modes: 
* h-part:(L,W,R)=(79.49744pt, 438.513pt, 79.49744pt)
* v-part:(T,H,B)=(86.72377pt, 671.5993pt, 86.72377pt)
* \paperwidth=597.50787pt
* \paperheight=845.04684pt
* \textwidth=438.513pt
* \textheight=671.5993pt
* \oddsidemargin=7.22745pt
* \evensidemargin=7.22745pt
* \topmargin=-22.54622pt
* \headheight=12.0pt
* \headsep=25.0pt
* \topskip=10.0pt
* \footskip=30.0pt
* \marginparwidth=65.0pt
* \marginparsep=11.0pt
* \columnsep=10.0pt
* \skip\footins=9.0pt plus 4.0pt minus 2.0pt
* \hoffset=0.0pt
* \voffset=0.0pt
* \mag=1000
* \@twocolumnfalse
* \@twosidefalse
* \@mparswitchfalse
* \@reversemarginfalse
* (1in=72.27pt=25.4mm, 1cm=28.453pt)

(c:/texlive/2025/texmf-dist/tex/context/base/mkii/supp-pdf.mkii
[Loading MPS to PDF converter (version 2006.09.02).]
\scratchcounter=\count377
\scratchdimen=\dimen361
\scratchbox=\box73
\nofMPsegments=\count378
\nofMParguments=\count379
\everyMPshowfont=\toks68
\MPscratchCnt=\count380
\MPscratchDim=\dimen362
\MPnumerator=\count381
\makeMPintoPDFobject=\count382
\everyMPtoPDFconversion=\toks69
) (c:/texlive/2025/texmf-dist/tex/latex/epstopdf-pkg/epstopdf-base.sty
Package: epstopdf-base 2020-01-24 v2.11 Base part for package epstopdf
Package epstopdf-base Info: Redefining graphics rule for `.eps' on input line 485.
 (c:/texlive/2025/texmf-dist/tex/latex/latexconfig/epstopdf-sys.cfg
File: epstopdf-sys.cfg 2010/07/13 v1.3 Configuration of (r)epstopdf for TeX Live
))
Package pgfplots notification 'compat/show suggested version=true': document has been generated with the most recent feature set (\pgfplotsset{compat=1.18}).

\c__nicematrix_shift_Ldots_last_row_dim=\dimen363
\c__nicematrix_shift_exterior_Vdots_dim=\dimen364
\c__nicematrix_innersep_middle_dim=\dimen365
\c@tabularnotesi=\count383
\enitdp@tabularnotes=\count384
\c@tabularnotes*i=\count385
\enitdp@tabularnotes*=\count386
Package hyperref Info: Link coloring OFF on input line 85.
(./Symmetry.out) (./Symmetry.out)
\@outlinefile=\write4

\openout4 = Symmetry.out

Underfull \hbox (badness 10000) in paragraph at lines 97--98

 []



[1

{c:/texlive/2025/texmf-var/fonts/map/pdftex/updmap/pdftex.map}]

[2] (./Symmetry.toc
LaTeX Font Info:    Trying to load font information for U+msa on input line 2.
 (c:/texlive/2025/texmf-dist/tex/latex/amsfonts/umsa.fd
File: umsa.fd 2013/01/14 v3.01 AMS symbols A
)
LaTeX Font Info:    Trying to load font information for U+msb on input line 2.
 (c:/texlive/2025/texmf-dist/tex/latex/amsfonts/umsb.fd
File: umsb.fd 2013/01/14 v3.01 AMS symbols B
)

[3])
\tf@toc=\write5

\openout5 = Symmetry.toc


[4]
Package hyperref Info: bookmark level for unknown defn defaults to 0 on input line 128.
Package hyperref Info: bookmark level for unknown pos defaults to 0 on input line 149.


[1]
Package hyperref Info: bookmark level for unknown thm defaults to 0 on input line 170.


[2]

[3]

[4]

[5]

[6]
Package hyperref Info: bookmark level for unknown ex defaults to 0 on input line 541.


[7]

[8]
Package hyperref Info: bookmark level for unknown prop defaults to 0 on input line 716.
Package hyperref Info: bookmark level for unknown proofskip defaults to 0 on input line 731.


[9]

[10]

[11]

[12]

[13]

[14]
Overfull \hbox (18.14404pt too wide) in paragraph at lines 1128--1173
 [][] 
 []



[15]
\g__nicematrix_max_cell_width_dim=\dimen366
\c@iRow=\count387
\c@jCol=\count388
\l__nicematrix_cell_box=\box74
\l__nicematrix_the_array_box=\box75
\l__nicematrix_left_delim_dim=\dimen367
\l__nicematrix_right_delim_dim=\dimen368
\g__nicematrix_ddots_int=\count389
\g__nicematrix_iddots_int=\count390
\g__nicematrix_delta_x_one_dim=\dimen369
\g__nicematrix_delta_y_one_dim=\dimen370
\g__nicematrix_delta_x_two_dim=\dimen371
\g__nicematrix_delta_y_two_dim=\dimen372
\l__nicematrix_initial_i_int=\count391
\l__nicematrix_initial_j_int=\count392
\l__nicematrix_final_i_int=\count393
\l__nicematrix_final_j_int=\count394
\g__nicematrix_block_box_1_box=\box76


[16]

[17]

[18]
Package hyperref Info: bookmark level for unknown proof defaults to 0 on input line 1345.


[19]
Package hyperref Info: bookmark level for unknown cor defaults to 0 on input line 1410.


[20]
Underfull \hbox (badness 1527) in paragraph at lines 1454--1455
[]\TU/lmr/m/n/10 Let $\OMS/cmsy/m/n/10 f\OML/cmm/m/it/10 []\OMS/cmsy/m/n/10 g$ \TU/lmr/m/n/10 be the
 []



[21]

[22]

[23]

[24]

[25]

[26]

[27]

[28]

[29]

[30]
Package hyperref Info: bookmark level for unknown rem defaults to 0 on input line 1851.


[31]

[32]

[33]

[34]

[35]

[36]
Package hyperref Info: bookmark level for unknown clm defaults to 0 on input line 2115.
Package pgfplots info on input line 2133: Deactivating LUA version of plot expression for plot 0 (type 'pgfplothandlerlineto'): x expression '(sqrt(\zz +1)-1) * cos(deg(x))' contains a TeX macro.
Package pgfplots info on input line 2133: Deactivating LUA version of plot expression for plot 0 (type 'pgfplothandlerlineto'): y expression ' {(sqrt(\zz +1)-1) * sin(deg(x))}' contains a TeX macro.
Package pgfplots info on input line 2133: Deactivating LUA version of plot expression for plot 0 (type 'pgfplothandlerlineto'): z expression ' {\zz }' contains a TeX macro.
Package pgfplots info on input line 2133: Deactivating LUA version of plot expression for plot 1 (type 'pgfplothandlerlineto'): x expression '(sqrt(\zz +1)-1) * cos(deg(x))' contains a TeX macro.
Package pgfplots info on input line 2133: Deactivating LUA version of plot expression for plot 1 (type 'pgfplothandlerlineto'): y expression ' {(sqrt(\zz +1)-1) * sin(deg(x))}' contains a TeX macro.
Package pgfplots info on input line 2133: Deactivating LUA version of plot expression for plot 1 (type 'pgfplothandlerlineto'): z expression ' {\zz }' contains a TeX macro.
Package pgfplots info on input line 2133: Deactivating LUA version of plot expression for plot 2 (type 'pgfplothandlerlineto'): x expression '(sqrt(\zz +1)-1) * cos(deg(x))' contains a TeX macro.
Package pgfplots info on input line 2133: Deactivating LUA version of plot expression for plot 2 (type 'pgfplothandlerlineto'): y expression ' {(sqrt(\zz +1)-1) * sin(deg(x))}' contains a TeX macro.
Package pgfplots info on input line 2133: Deactivating LUA version of plot expression for plot 2 (type 'pgfplothandlerlineto'): z expression ' {\zz }' contains a TeX macro.
Package pgfplots info on input line 2133: Deactivating LUA version of plot expression for plot 3 (type 'pgfplothandlerlineto'): x expression '(sqrt(\zz +1)-1) * cos(deg(x))' contains a TeX macro.
Package pgfplots info on input line 2133: Deactivating LUA version of plot expression for plot 3 (type 'pgfplothandlerlineto'): y expression ' {(sqrt(\zz +1)-1) * sin(deg(x))}' contains a TeX macro.
Package pgfplots info on input line 2133: Deactivating LUA version of plot expression for plot 3 (type 'pgfplothandlerlineto'): z expression ' {\zz }' contains a TeX macro.
Package pgfplots info on input line 2133: Deactivating LUA version of plot expression for plot 4 (type 'pgfplothandlerlineto'): x expression '(sqrt(\zz +1)-1) * cos(deg(x))' contains a TeX macro.
Package pgfplots info on input line 2133: Deactivating LUA version of plot expression for plot 4 (type 'pgfplothandlerlineto'): y expression ' {(sqrt(\zz +1)-1) * sin(deg(x))}' contains a TeX macro.
Package pgfplots info on input line 2133: Deactivating LUA version of plot expression for plot 4 (type 'pgfplothandlerlineto'): z expression ' {\zz }' contains a TeX macro.
Package pgfplots info on input line 2133: Deactivating LUA version of plot expression for plot 5 (type 'pgfplothandlerlineto'): x expression '(sqrt(\zz +1)-1) * cos(deg(x))' contains a TeX macro.
Package pgfplots info on input line 2133: Deactivating LUA version of plot expression for plot 5 (type 'pgfplothandlerlineto'): y expression ' {(sqrt(\zz +1)-1) * sin(deg(x))}' contains a TeX macro.
Package pgfplots info on input line 2133: Deactivating LUA version of plot expression for plot 5 (type 'pgfplothandlerlineto'): z expression ' {\zz }' contains a TeX macro.
Package pgfplots info on input line 2133: Deactivating LUA version of plot expression for plot 6 (type 'pgfplothandlerlineto'): x expression '(sqrt(\zz +1)-1) * cos(deg(x))' contains a TeX macro.
Package pgfplots info on input line 2133: Deactivating LUA version of plot expression for plot 6 (type 'pgfplothandlerlineto'): y expression ' {(sqrt(\zz +1)-1) * sin(deg(x))}' contains a TeX macro.
Package pgfplots info on input line 2133: Deactivating LUA version of plot expression for plot 6 (type 'pgfplothandlerlineto'): z expression ' {\zz }' contains a TeX macro.
Package pgfplots info on input line 2133: Deactivating LUA version of plot expression for plot 7 (type 'pgfplothandlerlineto'): x expression '(sqrt(\zz +1)-1) * cos(deg(x))' contains a TeX macro.
Package pgfplots info on input line 2133: Deactivating LUA version of plot expression for plot 7 (type 'pgfplothandlerlineto'): y expression ' {(sqrt(\zz +1)-1) * sin(deg(x))}' contains a TeX macro.
Package pgfplots info on input line 2133: Deactivating LUA version of plot expression for plot 7 (type 'pgfplothandlerlineto'): z expression ' {\zz }' contains a TeX macro.
Package pgfplots info on input line 2133: Deactivating LUA version of plot expression for plot 8 (type 'pgfplothandlerlineto'): x expression '(sqrt(\zz +1)-1) * cos(deg(x))' contains a TeX macro.
Package pgfplots info on input line 2133: Deactivating LUA version of plot expression for plot 8 (type 'pgfplothandlerlineto'): y expression ' {(sqrt(\zz +1)-1) * sin(deg(x))}' contains a TeX macro.
Package pgfplots info on input line 2133: Deactivating LUA version of plot expression for plot 8 (type 'pgfplothandlerlineto'): z expression ' {\zz }' contains a TeX macro.
Package pgfplots info on input line 2133: Deactivating LUA version of plot expression for plot 9 (type 'pgfplothandlerlineto'): x expression '(sqrt(\zz +1)-1) * cos(deg(x))' contains a TeX macro.
Package pgfplots info on input line 2133: Deactivating LUA version of plot expression for plot 9 (type 'pgfplothandlerlineto'): y expression ' {(sqrt(\zz +1)-1) * sin(deg(x))}' contains a TeX macro.
Package pgfplots info on input line 2133: Deactivating LUA version of plot expression for plot 9 (type 'pgfplothandlerlineto'): z expression ' {\zz }' contains a TeX macro.
Package pgfplots info on input line 2138: Deactivating LUA version of plot expression for plot 10 (type 'pgfplothandlerlineto'): x expression '(sqrt(\zz +1)-1) * cos(deg(x))' contains a TeX macro.
Package pgfplots info on input line 2138: Deactivating LUA version of plot expression for plot 10 (type 'pgfplothandlerlineto'): y expression ' {(sqrt(\zz +1)-1) * sin(deg(x))}' contains a TeX macro.
Package pgfplots info on input line 2138: Deactivating LUA version of plot expression for plot 10 (type 'pgfplothandlerlineto'): z expression ' {\zz }' contains a TeX macro.
Package pgfplots info on input line 2138: Deactivating LUA version of plot expression for plot 11 (type 'pgfplothandlerlineto'): x expression '(sqrt(\zz +1)-1) * cos(deg(x))' contains a TeX macro.
Package pgfplots info on input line 2138: Deactivating LUA version of plot expression for plot 11 (type 'pgfplothandlerlineto'): y expression ' {(sqrt(\zz +1)-1) * sin(deg(x))}' contains a TeX macro.
Package pgfplots info on input line 2138: Deactivating LUA version of plot expression for plot 11 (type 'pgfplothandlerlineto'): z expression ' {\zz }' contains a TeX macro.
Package pgfplots info on input line 2138: Deactivating LUA version of plot expression for plot 12 (type 'pgfplothandlerlineto'): x expression '(sqrt(\zz +1)-1) * cos(deg(x))' contains a TeX macro.
Package pgfplots info on input line 2138: Deactivating LUA version of plot expression for plot 12 (type 'pgfplothandlerlineto'): y expression ' {(sqrt(\zz +1)-1) * sin(deg(x))}' contains a TeX macro.
Package pgfplots info on input line 2138: Deactivating LUA version of plot expression for plot 12 (type 'pgfplothandlerlineto'): z expression ' {\zz }' contains a TeX macro.
Package pgfplots info on input line 2138: Deactivating LUA version of plot expression for plot 13 (type 'pgfplothandlerlineto'): x expression '(sqrt(\zz +1)-1) * cos(deg(x))' contains a TeX macro.
Package pgfplots info on input line 2138: Deactivating LUA version of plot expression for plot 13 (type 'pgfplothandlerlineto'): y expression ' {(sqrt(\zz +1)-1) * sin(deg(x))}' contains a TeX macro.
Package pgfplots info on input line 2138: Deactivating LUA version of plot expression for plot 13 (type 'pgfplothandlerlineto'): z expression ' {\zz }' contains a TeX macro.
Package pgfplots info on input line 2142: Deactivating LUA version of plot expression for plot 14 (type 'pgfplothandlerlineto'): x expression '(-sqrt(\zz +1)-1) * cos(deg(x))' contains a TeX macro.
Package pgfplots info on input line 2142: Deactivating LUA version of plot expression for plot 14 (type 'pgfplothandlerlineto'): y expression ' {(-sqrt(\zz +1)-1) * sin(deg(x))}' contains a TeX macro.
Package pgfplots info on input line 2142: Deactivating LUA version of plot expression for plot 14 (type 'pgfplothandlerlineto'): z expression ' {\zz }' contains a TeX macro.
Package pgfplots info on input line 2142: Deactivating LUA version of plot expression for plot 15 (type 'pgfplothandlerlineto'): x expression '(-sqrt(\zz +1)-1) * cos(deg(x))' contains a TeX macro.
Package pgfplots info on input line 2142: Deactivating LUA version of plot expression for plot 15 (type 'pgfplothandlerlineto'): y expression ' {(-sqrt(\zz +1)-1) * sin(deg(x))}' contains a TeX macro.
Package pgfplots info on input line 2142: Deactivating LUA version of plot expression for plot 15 (type 'pgfplothandlerlineto'): z expression ' {\zz }' contains a TeX macro.
Package pgfplots info on input line 2142: Deactivating LUA version of plot expression for plot 16 (type 'pgfplothandlerlineto'): x expression '(-sqrt(\zz +1)-1) * cos(deg(x))' contains a TeX macro.
Package pgfplots info on input line 2142: Deactivating LUA version of plot expression for plot 16 (type 'pgfplothandlerlineto'): y expression ' {(-sqrt(\zz +1)-1) * sin(deg(x))}' contains a TeX macro.
Package pgfplots info on input line 2142: Deactivating LUA version of plot expression for plot 16 (type 'pgfplothandlerlineto'): z expression ' {\zz }' contains a TeX macro.
Package pgfplots info on input line 2142: Deactivating LUA version of plot expression for plot 17 (type 'pgfplothandlerlineto'): x expression '(-sqrt(\zz +1)-1) * cos(deg(x))' contains a TeX macro.
Package pgfplots info on input line 2142: Deactivating LUA version of plot expression for plot 17 (type 'pgfplothandlerlineto'): y expression ' {(-sqrt(\zz +1)-1) * sin(deg(x))}' contains a TeX macro.
Package pgfplots info on input line 2142: Deactivating LUA version of plot expression for plot 17 (type 'pgfplothandlerlineto'): z expression ' {\zz }' contains a TeX macro.
Package pgfplots info on input line 2142: Deactivating LUA version of plot expression for plot 18 (type 'pgfplothandlerlineto'): x expression '(-sqrt(\zz +1)-1) * cos(deg(x))' contains a TeX macro.
Package pgfplots info on input line 2142: Deactivating LUA version of plot expression for plot 18 (type 'pgfplothandlerlineto'): y expression ' {(-sqrt(\zz +1)-1) * sin(deg(x))}' contains a TeX macro.
Package pgfplots info on input line 2142: Deactivating LUA version of plot expression for plot 18 (type 'pgfplothandlerlineto'): z expression ' {\zz }' contains a TeX macro.
Package pgfplots info on input line 2142: Deactivating LUA version of plot expression for plot 19 (type 'pgfplothandlerlineto'): x expression '(-sqrt(\zz +1)-1) * cos(deg(x))' contains a TeX macro.
Package pgfplots info on input line 2142: Deactivating LUA version of plot expression for plot 19 (type 'pgfplothandlerlineto'): y expression ' {(-sqrt(\zz +1)-1) * sin(deg(x))}' contains a TeX macro.
Package pgfplots info on input line 2142: Deactivating LUA version of plot expression for plot 19 (type 'pgfplothandlerlineto'): z expression ' {\zz }' contains a TeX macro.
Package pgfplots info on input line 2142: Deactivating LUA version of plot expression for plot 20 (type 'pgfplothandlerlineto'): x expression '(-sqrt(\zz +1)-1) * cos(deg(x))' contains a TeX macro.
Package pgfplots info on input line 2142: Deactivating LUA version of plot expression for plot 20 (type 'pgfplothandlerlineto'): y expression ' {(-sqrt(\zz +1)-1) * sin(deg(x))}' contains a TeX macro.
Package pgfplots info on input line 2142: Deactivating LUA version of plot expression for plot 20 (type 'pgfplothandlerlineto'): z expression ' {\zz }' contains a TeX macro.
Package pgfplots info on input line 2142: Deactivating LUA version of plot expression for plot 21 (type 'pgfplothandlerlineto'): x expression '(-sqrt(\zz +1)-1) * cos(deg(x))' contains a TeX macro.
Package pgfplots info on input line 2142: Deactivating LUA version of plot expression for plot 21 (type 'pgfplothandlerlineto'): y expression ' {(-sqrt(\zz +1)-1) * sin(deg(x))}' contains a TeX macro.
Package pgfplots info on input line 2142: Deactivating LUA version of plot expression for plot 21 (type 'pgfplothandlerlineto'): z expression ' {\zz }' contains a TeX macro.
Package pgfplots info on input line 2142: Deactivating LUA version of plot expression for plot 22 (type 'pgfplothandlerlineto'): x expression '(-sqrt(\zz +1)-1) * cos(deg(x))' contains a TeX macro.
Package pgfplots info on input line 2142: Deactivating LUA version of plot expression for plot 22 (type 'pgfplothandlerlineto'): y expression ' {(-sqrt(\zz +1)-1) * sin(deg(x))}' contains a TeX macro.
Package pgfplots info on input line 2142: Deactivating LUA version of plot expression for plot 22 (type 'pgfplothandlerlineto'): z expression ' {\zz }' contains a TeX macro.
Package pgfplots info on input line 2142: Deactivating LUA version of plot expression for plot 23 (type 'pgfplothandlerlineto'): x expression '(-sqrt(\zz +1)-1) * cos(deg(x))' contains a TeX macro.
Package pgfplots info on input line 2142: Deactivating LUA version of plot expression for plot 23 (type 'pgfplothandlerlineto'): y expression ' {(-sqrt(\zz +1)-1) * sin(deg(x))}' contains a TeX macro.
Package pgfplots info on input line 2142: Deactivating LUA version of plot expression for plot 23 (type 'pgfplothandlerlineto'): z expression ' {\zz }' contains a TeX macro.
Package pgfplots info on input line 2142: Deactivating LUA version of plot expression for plot 24 (type 'pgfplothandlerlineto'): x expression '(-sqrt(\zz +1)-1) * cos(deg(x))' contains a TeX macro.
Package pgfplots info on input line 2142: Deactivating LUA version of plot expression for plot 24 (type 'pgfplothandlerlineto'): y expression ' {(-sqrt(\zz +1)-1) * sin(deg(x))}' contains a TeX macro.
Package pgfplots info on input line 2142: Deactivating LUA version of plot expression for plot 24 (type 'pgfplothandlerlineto'): z expression ' {\zz }' contains a TeX macro.
Package pgfplots info on input line 2142: Deactivating LUA version of plot expression for plot 25 (type 'pgfplothandlerlineto'): x expression '(-sqrt(\zz +1)-1) * cos(deg(x))' contains a TeX macro.
Package pgfplots info on input line 2142: Deactivating LUA version of plot expression for plot 25 (type 'pgfplothandlerlineto'): y expression ' {(-sqrt(\zz +1)-1) * sin(deg(x))}' contains a TeX macro.
Package pgfplots info on input line 2142: Deactivating LUA version of plot expression for plot 25 (type 'pgfplothandlerlineto'): z expression ' {\zz }' contains a TeX macro.
Package pgfplots info on input line 2142: Deactivating LUA version of plot expression for plot 26 (type 'pgfplothandlerlineto'): x expression '(-sqrt(\zz +1)-1) * cos(deg(x))' contains a TeX macro.
Package pgfplots info on input line 2142: Deactivating LUA version of plot expression for plot 26 (type 'pgfplothandlerlineto'): y expression ' {(-sqrt(\zz +1)-1) * sin(deg(x))}' contains a TeX macro.
Package pgfplots info on input line 2142: Deactivating LUA version of plot expression for plot 26 (type 'pgfplothandlerlineto'): z expression ' {\zz }' contains a TeX macro.
Package pgfplots info on input line 2142: Deactivating LUA version of plot expression for plot 27 (type 'pgfplothandlerlineto'): x expression '(-sqrt(\zz +1)-1) * cos(deg(x))' contains a TeX macro.
Package pgfplots info on input line 2142: Deactivating LUA version of plot expression for plot 27 (type 'pgfplothandlerlineto'): y expression ' {(-sqrt(\zz +1)-1) * sin(deg(x))}' contains a TeX macro.
Package pgfplots info on input line 2142: Deactivating LUA version of plot expression for plot 27 (type 'pgfplothandlerlineto'): z expression ' {\zz }' contains a TeX macro.
Package pgfplots info on input line 2163: Deactivating LUA version of plot expression for plot 0 (type 'pgfplothandlerlineto'): x expression '(sqrt(\zz +1)-1) * cos(deg(x))' contains a TeX macro.
Package pgfplots info on input line 2163: Deactivating LUA version of plot expression for plot 0 (type 'pgfplothandlerlineto'): y expression ' {(sqrt(\zz +1)-1) * sin(deg(x))}' contains a TeX macro.
Package pgfplots info on input line 2163: Deactivating LUA version of plot expression for plot 0 (type 'pgfplothandlerlineto'): z expression ' {\zz }' contains a TeX macro.
Package pgfplots info on input line 2163: Deactivating LUA version of plot expression for plot 1 (type 'pgfplothandlerlineto'): x expression '(sqrt(\zz +1)-1) * cos(deg(x))' contains a TeX macro.
Package pgfplots info on input line 2163: Deactivating LUA version of plot expression for plot 1 (type 'pgfplothandlerlineto'): y expression ' {(sqrt(\zz +1)-1) * sin(deg(x))}' contains a TeX macro.
Package pgfplots info on input line 2163: Deactivating LUA version of plot expression for plot 1 (type 'pgfplothandlerlineto'): z expression ' {\zz }' contains a TeX macro.
Package pgfplots info on input line 2163: Deactivating LUA version of plot expression for plot 2 (type 'pgfplothandlerlineto'): x expression '(sqrt(\zz +1)-1) * cos(deg(x))' contains a TeX macro.
Package pgfplots info on input line 2163: Deactivating LUA version of plot expression for plot 2 (type 'pgfplothandlerlineto'): y expression ' {(sqrt(\zz +1)-1) * sin(deg(x))}' contains a TeX macro.
Package pgfplots info on input line 2163: Deactivating LUA version of plot expression for plot 2 (type 'pgfplothandlerlineto'): z expression ' {\zz }' contains a TeX macro.
Package pgfplots info on input line 2163: Deactivating LUA version of plot expression for plot 3 (type 'pgfplothandlerlineto'): x expression '(sqrt(\zz +1)-1) * cos(deg(x))' contains a TeX macro.
Package pgfplots info on input line 2163: Deactivating LUA version of plot expression for plot 3 (type 'pgfplothandlerlineto'): y expression ' {(sqrt(\zz +1)-1) * sin(deg(x))}' contains a TeX macro.
Package pgfplots info on input line 2163: Deactivating LUA version of plot expression for plot 3 (type 'pgfplothandlerlineto'): z expression ' {\zz }' contains a TeX macro.
Package pgfplots info on input line 2163: Deactivating LUA version of plot expression for plot 4 (type 'pgfplothandlerlineto'): x expression '(sqrt(\zz +1)-1) * cos(deg(x))' contains a TeX macro.
Package pgfplots info on input line 2163: Deactivating LUA version of plot expression for plot 4 (type 'pgfplothandlerlineto'): y expression ' {(sqrt(\zz +1)-1) * sin(deg(x))}' contains a TeX macro.
Package pgfplots info on input line 2163: Deactivating LUA version of plot expression for plot 4 (type 'pgfplothandlerlineto'): z expression ' {\zz }' contains a TeX macro.
Package pgfplots info on input line 2163: Deactivating LUA version of plot expression for plot 5 (type 'pgfplothandlerlineto'): x expression '(sqrt(\zz +1)-1) * cos(deg(x))' contains a TeX macro.
Package pgfplots info on input line 2163: Deactivating LUA version of plot expression for plot 5 (type 'pgfplothandlerlineto'): y expression ' {(sqrt(\zz +1)-1) * sin(deg(x))}' contains a TeX macro.
Package pgfplots info on input line 2163: Deactivating LUA version of plot expression for plot 5 (type 'pgfplothandlerlineto'): z expression ' {\zz }' contains a TeX macro.
Package pgfplots info on input line 2163: Deactivating LUA version of plot expression for plot 6 (type 'pgfplothandlerlineto'): x expression '(sqrt(\zz +1)-1) * cos(deg(x))' contains a TeX macro.
Package pgfplots info on input line 2163: Deactivating LUA version of plot expression for plot 6 (type 'pgfplothandlerlineto'): y expression ' {(sqrt(\zz +1)-1) * sin(deg(x))}' contains a TeX macro.
Package pgfplots info on input line 2163: Deactivating LUA version of plot expression for plot 6 (type 'pgfplothandlerlineto'): z expression ' {\zz }' contains a TeX macro.
Package pgfplots info on input line 2163: Deactivating LUA version of plot expression for plot 7 (type 'pgfplothandlerlineto'): x expression '(sqrt(\zz +1)-1) * cos(deg(x))' contains a TeX macro.
Package pgfplots info on input line 2163: Deactivating LUA version of plot expression for plot 7 (type 'pgfplothandlerlineto'): y expression ' {(sqrt(\zz +1)-1) * sin(deg(x))}' contains a TeX macro.
Package pgfplots info on input line 2163: Deactivating LUA version of plot expression for plot 7 (type 'pgfplothandlerlineto'): z expression ' {\zz }' contains a TeX macro.
Package pgfplots info on input line 2168: Deactivating LUA version of plot expression for plot 8 (type 'pgfplothandlerlineto'): x expression '(sqrt(\zz +1)-1) * cos(deg(x))' contains a TeX macro.
Package pgfplots info on input line 2168: Deactivating LUA version of plot expression for plot 8 (type 'pgfplothandlerlineto'): y expression ' {(sqrt(\zz +1)-1) * sin(deg(x))}' contains a TeX macro.
Package pgfplots info on input line 2168: Deactivating LUA version of plot expression for plot 8 (type 'pgfplothandlerlineto'): z expression ' {\zz }' contains a TeX macro.
Package pgfplots info on input line 2168: Deactivating LUA version of plot expression for plot 9 (type 'pgfplothandlerlineto'): x expression '(sqrt(\zz +1)-1) * cos(deg(x))' contains a TeX macro.
Package pgfplots info on input line 2168: Deactivating LUA version of plot expression for plot 9 (type 'pgfplothandlerlineto'): y expression ' {(sqrt(\zz +1)-1) * sin(deg(x))}' contains a TeX macro.
Package pgfplots info on input line 2168: Deactivating LUA version of plot expression for plot 9 (type 'pgfplothandlerlineto'): z expression ' {\zz }' contains a TeX macro.
Package pgfplots info on input line 2168: Deactivating LUA version of plot expression for plot 10 (type 'pgfplothandlerlineto'): x expression '(sqrt(\zz +1)-1) * cos(deg(x))' contains a TeX macro.
Package pgfplots info on input line 2168: Deactivating LUA version of plot expression for plot 10 (type 'pgfplothandlerlineto'): y expression ' {(sqrt(\zz +1)-1) * sin(deg(x))}' contains a TeX macro.
Package pgfplots info on input line 2168: Deactivating LUA version of plot expression for plot 10 (type 'pgfplothandlerlineto'): z expression ' {\zz }' contains a TeX macro.
Package pgfplots info on input line 2168: Deactivating LUA version of plot expression for plot 11 (type 'pgfplothandlerlineto'): x expression '(sqrt(\zz +1)-1) * cos(deg(x))' contains a TeX macro.
Package pgfplots info on input line 2168: Deactivating LUA version of plot expression for plot 11 (type 'pgfplothandlerlineto'): y expression ' {(sqrt(\zz +1)-1) * sin(deg(x))}' contains a TeX macro.
Package pgfplots info on input line 2168: Deactivating LUA version of plot expression for plot 11 (type 'pgfplothandlerlineto'): z expression ' {\zz }' contains a TeX macro.
Package pgfplots info on input line 2168: Deactivating LUA version of plot expression for plot 12 (type 'pgfplothandlerlineto'): x expression '(sqrt(\zz +1)-1) * cos(deg(x))' contains a TeX macro.
Package pgfplots info on input line 2168: Deactivating LUA version of plot expression for plot 12 (type 'pgfplothandlerlineto'): y expression ' {(sqrt(\zz +1)-1) * sin(deg(x))}' contains a TeX macro.
Package pgfplots info on input line 2168: Deactivating LUA version of plot expression for plot 12 (type 'pgfplothandlerlineto'): z expression ' {\zz }' contains a TeX macro.
Package pgfplots info on input line 2168: Deactivating LUA version of plot expression for plot 13 (type 'pgfplothandlerlineto'): x expression '(sqrt(\zz +1)-1) * cos(deg(x))' contains a TeX macro.
Package pgfplots info on input line 2168: Deactivating LUA version of plot expression for plot 13 (type 'pgfplothandlerlineto'): y expression ' {(sqrt(\zz +1)-1) * sin(deg(x))}' contains a TeX macro.
Package pgfplots info on input line 2168: Deactivating LUA version of plot expression for plot 13 (type 'pgfplothandlerlineto'): z expression ' {\zz }' contains a TeX macro.
Package pgfplots info on input line 2168: Deactivating LUA version of plot expression for plot 14 (type 'pgfplothandlerlineto'): x expression '(sqrt(\zz +1)-1) * cos(deg(x))' contains a TeX macro.
Package pgfplots info on input line 2168: Deactivating LUA version of plot expression for plot 14 (type 'pgfplothandlerlineto'): y expression ' {(sqrt(\zz +1)-1) * sin(deg(x))}' contains a TeX macro.
Package pgfplots info on input line 2168: Deactivating LUA version of plot expression for plot 14 (type 'pgfplothandlerlineto'): z expression ' {\zz }' contains a TeX macro.
Package pgfplots info on input line 2172: Deactivating LUA version of plot expression for plot 15 (type 'pgfplothandlerlineto'): x expression '(-sqrt(\zz +1)-1) * cos(deg(x))' contains a TeX macro.
Package pgfplots info on input line 2172: Deactivating LUA version of plot expression for plot 15 (type 'pgfplothandlerlineto'): y expression ' {(-sqrt(\zz +1)-1) * sin(deg(x))}' contains a TeX macro.
Package pgfplots info on input line 2172: Deactivating LUA version of plot expression for plot 15 (type 'pgfplothandlerlineto'): z expression ' {\zz }' contains a TeX macro.
Package pgfplots info on input line 2172: Deactivating LUA version of plot expression for plot 16 (type 'pgfplothandlerlineto'): x expression '(-sqrt(\zz +1)-1) * cos(deg(x))' contains a TeX macro.
Package pgfplots info on input line 2172: Deactivating LUA version of plot expression for plot 16 (type 'pgfplothandlerlineto'): y expression ' {(-sqrt(\zz +1)-1) * sin(deg(x))}' contains a TeX macro.
Package pgfplots info on input line 2172: Deactivating LUA version of plot expression for plot 16 (type 'pgfplothandlerlineto'): z expression ' {\zz }' contains a TeX macro.
Package pgfplots info on input line 2172: Deactivating LUA version of plot expression for plot 17 (type 'pgfplothandlerlineto'): x expression '(-sqrt(\zz +1)-1) * cos(deg(x))' contains a TeX macro.
Package pgfplots info on input line 2172: Deactivating LUA version of plot expression for plot 17 (type 'pgfplothandlerlineto'): y expression ' {(-sqrt(\zz +1)-1) * sin(deg(x))}' contains a TeX macro.
Package pgfplots info on input line 2172: Deactivating LUA version of plot expression for plot 17 (type 'pgfplothandlerlineto'): z expression ' {\zz }' contains a TeX macro.
Package pgfplots info on input line 2172: Deactivating LUA version of plot expression for plot 18 (type 'pgfplothandlerlineto'): x expression '(-sqrt(\zz +1)-1) * cos(deg(x))' contains a TeX macro.
Package pgfplots info on input line 2172: Deactivating LUA version of plot expression for plot 18 (type 'pgfplothandlerlineto'): y expression ' {(-sqrt(\zz +1)-1) * sin(deg(x))}' contains a TeX macro.
Package pgfplots info on input line 2172: Deactivating LUA version of plot expression for plot 18 (type 'pgfplothandlerlineto'): z expression ' {\zz }' contains a TeX macro.
Package pgfplots info on input line 2172: Deactivating LUA version of plot expression for plot 19 (type 'pgfplothandlerlineto'): x expression '(-sqrt(\zz +1)-1) * cos(deg(x))' contains a TeX macro.
Package pgfplots info on input line 2172: Deactivating LUA version of plot expression for plot 19 (type 'pgfplothandlerlineto'): y expression ' {(-sqrt(\zz +1)-1) * sin(deg(x))}' contains a TeX macro.
Package pgfplots info on input line 2172: Deactivating LUA version of plot expression for plot 19 (type 'pgfplothandlerlineto'): z expression ' {\zz }' contains a TeX macro.
Package pgfplots info on input line 2172: Deactivating LUA version of plot expression for plot 20 (type 'pgfplothandlerlineto'): x expression '(-sqrt(\zz +1)-1) * cos(deg(x))' contains a TeX macro.
Package pgfplots info on input line 2172: Deactivating LUA version of plot expression for plot 20 (type 'pgfplothandlerlineto'): y expression ' {(-sqrt(\zz +1)-1) * sin(deg(x))}' contains a TeX macro.
Package pgfplots info on input line 2172: Deactivating LUA version of plot expression for plot 20 (type 'pgfplothandlerlineto'): z expression ' {\zz }' contains a TeX macro.
Package pgfplots info on input line 2172: Deactivating LUA version of plot expression for plot 21 (type 'pgfplothandlerlineto'): x expression '(-sqrt(\zz +1)-1) * cos(deg(x))' contains a TeX macro.
Package pgfplots info on input line 2172: Deactivating LUA version of plot expression for plot 21 (type 'pgfplothandlerlineto'): y expression ' {(-sqrt(\zz +1)-1) * sin(deg(x))}' contains a TeX macro.
Package pgfplots info on input line 2172: Deactivating LUA version of plot expression for plot 21 (type 'pgfplothandlerlineto'): z expression ' {\zz }' contains a TeX macro.
Package pgfplots info on input line 2172: Deactivating LUA version of plot expression for plot 22 (type 'pgfplothandlerlineto'): x expression '(-sqrt(\zz +1)-1) * cos(deg(x))' contains a TeX macro.
Package pgfplots info on input line 2172: Deactivating LUA version of plot expression for plot 22 (type 'pgfplothandlerlineto'): y expression ' {(-sqrt(\zz +1)-1) * sin(deg(x))}' contains a TeX macro.
Package pgfplots info on input line 2172: Deactivating LUA version of plot expression for plot 22 (type 'pgfplothandlerlineto'): z expression ' {\zz }' contains a TeX macro.
Package pgfplots info on input line 2172: Deactivating LUA version of plot expression for plot 23 (type 'pgfplothandlerlineto'): x expression '(-sqrt(\zz +1)-1) * cos(deg(x))' contains a TeX macro.
Package pgfplots info on input line 2172: Deactivating LUA version of plot expression for plot 23 (type 'pgfplothandlerlineto'): y expression ' {(-sqrt(\zz +1)-1) * sin(deg(x))}' contains a TeX macro.
Package pgfplots info on input line 2172: Deactivating LUA version of plot expression for plot 23 (type 'pgfplothandlerlineto'): z expression ' {\zz }' contains a TeX macro.
Package pgfplots info on input line 2172: Deactivating LUA version of plot expression for plot 24 (type 'pgfplothandlerlineto'): x expression '(-sqrt(\zz +1)-1) * cos(deg(x))' contains a TeX macro.
Package pgfplots info on input line 2172: Deactivating LUA version of plot expression for plot 24 (type 'pgfplothandlerlineto'): y expression ' {(-sqrt(\zz +1)-1) * sin(deg(x))}' contains a TeX macro.
Package pgfplots info on input line 2172: Deactivating LUA version of plot expression for plot 24 (type 'pgfplothandlerlineto'): z expression ' {\zz }' contains a TeX macro.
Package pgfplots info on input line 2172: Deactivating LUA version of plot expression for plot 25 (type 'pgfplothandlerlineto'): x expression '(-sqrt(\zz +1)-1) * cos(deg(x))' contains a TeX macro.
Package pgfplots info on input line 2172: Deactivating LUA version of plot expression for plot 25 (type 'pgfplothandlerlineto'): y expression ' {(-sqrt(\zz +1)-1) * sin(deg(x))}' contains a TeX macro.
Package pgfplots info on input line 2172: Deactivating LUA version of plot expression for plot 25 (type 'pgfplothandlerlineto'): z expression ' {\zz }' contains a TeX macro.
Package pgfplots info on input line 2172: Deactivating LUA version of plot expression for plot 26 (type 'pgfplothandlerlineto'): x expression '(-sqrt(\zz +1)-1) * cos(deg(x))' contains a TeX macro.
Package pgfplots info on input line 2172: Deactivating LUA version of plot expression for plot 26 (type 'pgfplothandlerlineto'): y expression ' {(-sqrt(\zz +1)-1) * sin(deg(x))}' contains a TeX macro.
Package pgfplots info on input line 2172: Deactivating LUA version of plot expression for plot 26 (type 'pgfplothandlerlineto'): z expression ' {\zz }' contains a TeX macro.
Package pgfplots info on input line 2172: Deactivating LUA version of plot expression for plot 27 (type 'pgfplothandlerlineto'): x expression '(-sqrt(\zz +1)-1) * cos(deg(x))' contains a TeX macro.
Package pgfplots info on input line 2172: Deactivating LUA version of plot expression for plot 27 (type 'pgfplothandlerlineto'): y expression ' {(-sqrt(\zz +1)-1) * sin(deg(x))}' contains a TeX macro.
Package pgfplots info on input line 2172: Deactivating LUA version of plot expression for plot 27 (type 'pgfplothandlerlineto'): z expression ' {\zz }' contains a TeX macro.
Package pgfplots info on input line 2172: Deactivating LUA version of plot expression for plot 28 (type 'pgfplothandlerlineto'): x expression '(-sqrt(\zz +1)-1) * cos(deg(x))' contains a TeX macro.
Package pgfplots info on input line 2172: Deactivating LUA version of plot expression for plot 28 (type 'pgfplothandlerlineto'): y expression ' {(-sqrt(\zz +1)-1) * sin(deg(x))}' contains a TeX macro.
Package pgfplots info on input line 2172: Deactivating LUA version of plot expression for plot 28 (type 'pgfplothandlerlineto'): z expression ' {\zz }' contains a TeX macro.
Package pgfplots info on input line 2172: Deactivating LUA version of plot expression for plot 29 (type 'pgfplothandlerlineto'): x expression '(-sqrt(\zz +1)-1) * cos(deg(x))' contains a TeX macro.
Package pgfplots info on input line 2172: Deactivating LUA version of plot expression for plot 29 (type 'pgfplothandlerlineto'): y expression ' {(-sqrt(\zz +1)-1) * sin(deg(x))}' contains a TeX macro.
Package pgfplots info on input line 2172: Deactivating LUA version of plot expression for plot 29 (type 'pgfplothandlerlineto'): z expression ' {\zz }' contains a TeX macro.
Package pgfplots info on input line 2176: Deactivating LUA version of plot expression for plot 30 (type 'pgfplothandlerlineto'): x expression 'sqrt(\zz +0.7) * cos(deg(x))' contains a TeX macro.
Package pgfplots info on input line 2176: Deactivating LUA version of plot expression for plot 30 (type 'pgfplothandlerlineto'): y expression ' {sqrt(\zz +0.7) * sin(deg(x))}' contains a TeX macro.
Package pgfplots info on input line 2176: Deactivating LUA version of plot expression for plot 30 (type 'pgfplothandlerlineto'): z expression ' {\zz }' contains a TeX macro.
Package pgfplots info on input line 2176: Deactivating LUA version of plot expression for plot 31 (type 'pgfplothandlerlineto'): x expression 'sqrt(\zz +0.7) * cos(deg(x))' contains a TeX macro.
Package pgfplots info on input line 2176: Deactivating LUA version of plot expression for plot 31 (type 'pgfplothandlerlineto'): y expression ' {sqrt(\zz +0.7) * sin(deg(x))}' contains a TeX macro.
Package pgfplots info on input line 2176: Deactivating LUA version of plot expression for plot 31 (type 'pgfplothandlerlineto'): z expression ' {\zz }' contains a TeX macro.
Package pgfplots info on input line 2176: Deactivating LUA version of plot expression for plot 32 (type 'pgfplothandlerlineto'): x expression 'sqrt(\zz +0.7) * cos(deg(x))' contains a TeX macro.
Package pgfplots info on input line 2176: Deactivating LUA version of plot expression for plot 32 (type 'pgfplothandlerlineto'): y expression ' {sqrt(\zz +0.7) * sin(deg(x))}' contains a TeX macro.
Package pgfplots info on input line 2176: Deactivating LUA version of plot expression for plot 32 (type 'pgfplothandlerlineto'): z expression ' {\zz }' contains a TeX macro.
Package pgfplots info on input line 2176: Deactivating LUA version of plot expression for plot 33 (type 'pgfplothandlerlineto'): x expression 'sqrt(\zz +0.7) * cos(deg(x))' contains a TeX macro.
Package pgfplots info on input line 2176: Deactivating LUA version of plot expression for plot 33 (type 'pgfplothandlerlineto'): y expression ' {sqrt(\zz +0.7) * sin(deg(x))}' contains a TeX macro.
Package pgfplots info on input line 2176: Deactivating LUA version of plot expression for plot 33 (type 'pgfplothandlerlineto'): z expression ' {\zz }' contains a TeX macro.
Package pgfplots info on input line 2176: Deactivating LUA version of plot expression for plot 34 (type 'pgfplothandlerlineto'): x expression 'sqrt(\zz +0.7) * cos(deg(x))' contains a TeX macro.
Package pgfplots info on input line 2176: Deactivating LUA version of plot expression for plot 34 (type 'pgfplothandlerlineto'): y expression ' {sqrt(\zz +0.7) * sin(deg(x))}' contains a TeX macro.
Package pgfplots info on input line 2176: Deactivating LUA version of plot expression for plot 34 (type 'pgfplothandlerlineto'): z expression ' {\zz }' contains a TeX macro.
Package pgfplots info on input line 2176: Deactivating LUA version of plot expression for plot 35 (type 'pgfplothandlerlineto'): x expression 'sqrt(\zz +0.7) * cos(deg(x))' contains a TeX macro.
Package pgfplots info on input line 2176: Deactivating LUA version of plot expression for plot 35 (type 'pgfplothandlerlineto'): y expression ' {sqrt(\zz +0.7) * sin(deg(x))}' contains a TeX macro.
Package pgfplots info on input line 2176: Deactivating LUA version of plot expression for plot 35 (type 'pgfplothandlerlineto'): z expression ' {\zz }' contains a TeX macro.
Package pgfplots info on input line 2176: Deactivating LUA version of plot expression for plot 36 (type 'pgfplothandlerlineto'): x expression 'sqrt(\zz +0.7) * cos(deg(x))' contains a TeX macro.
Package pgfplots info on input line 2176: Deactivating LUA version of plot expression for plot 36 (type 'pgfplothandlerlineto'): y expression ' {sqrt(\zz +0.7) * sin(deg(x))}' contains a TeX macro.
Package pgfplots info on input line 2176: Deactivating LUA version of plot expression for plot 36 (type 'pgfplothandlerlineto'): z expression ' {\zz }' contains a TeX macro.
Package pgfplots info on input line 2176: Deactivating LUA version of plot expression for plot 37 (type 'pgfplothandlerlineto'): x expression 'sqrt(\zz +0.7) * cos(deg(x))' contains a TeX macro.
Package pgfplots info on input line 2176: Deactivating LUA version of plot expression for plot 37 (type 'pgfplothandlerlineto'): y expression ' {sqrt(\zz +0.7) * sin(deg(x))}' contains a TeX macro.
Package pgfplots info on input line 2176: Deactivating LUA version of plot expression for plot 37 (type 'pgfplothandlerlineto'): z expression ' {\zz }' contains a TeX macro.
Package pgfplots info on input line 2176: Deactivating LUA version of plot expression for plot 38 (type 'pgfplothandlerlineto'): x expression 'sqrt(\zz +0.7) * cos(deg(x))' contains a TeX macro.
Package pgfplots info on input line 2176: Deactivating LUA version of plot expression for plot 38 (type 'pgfplothandlerlineto'): y expression ' {sqrt(\zz +0.7) * sin(deg(x))}' contains a TeX macro.
Package pgfplots info on input line 2176: Deactivating LUA version of plot expression for plot 38 (type 'pgfplothandlerlineto'): z expression ' {\zz }' contains a TeX macro.
Package pgfplots info on input line 2176: Deactivating LUA version of plot expression for plot 39 (type 'pgfplothandlerlineto'): x expression 'sqrt(\zz +0.7) * cos(deg(x))' contains a TeX macro.
Package pgfplots info on input line 2176: Deactivating LUA version of plot expression for plot 39 (type 'pgfplothandlerlineto'): y expression ' {sqrt(\zz +0.7) * sin(deg(x))}' contains a TeX macro.
Package pgfplots info on input line 2176: Deactivating LUA version of plot expression for plot 39 (type 'pgfplothandlerlineto'): z expression ' {\zz }' contains a TeX macro.
Package pgfplots info on input line 2176: Deactivating LUA version of plot expression for plot 40 (type 'pgfplothandlerlineto'): x expression 'sqrt(\zz +0.7) * cos(deg(x))' contains a TeX macro.
Package pgfplots info on input line 2176: Deactivating LUA version of plot expression for plot 40 (type 'pgfplothandlerlineto'): y expression ' {sqrt(\zz +0.7) * sin(deg(x))}' contains a TeX macro.
Package pgfplots info on input line 2176: Deactivating LUA version of plot expression for plot 40 (type 'pgfplothandlerlineto'): z expression ' {\zz }' contains a TeX macro.
Package pgfplots info on input line 2176: Deactivating LUA version of plot expression for plot 41 (type 'pgfplothandlerlineto'): x expression 'sqrt(\zz +0.7) * cos(deg(x))' contains a TeX macro.
Package pgfplots info on input line 2176: Deactivating LUA version of plot expression for plot 41 (type 'pgfplothandlerlineto'): y expression ' {sqrt(\zz +0.7) * sin(deg(x))}' contains a TeX macro.
Package pgfplots info on input line 2176: Deactivating LUA version of plot expression for plot 41 (type 'pgfplothandlerlineto'): z expression ' {\zz }' contains a TeX macro.
Package pgfplots info on input line 2176: Deactivating LUA version of plot expression for plot 42 (type 'pgfplothandlerlineto'): x expression 'sqrt(\zz +0.7) * cos(deg(x))' contains a TeX macro.
Package pgfplots info on input line 2176: Deactivating LUA version of plot expression for plot 42 (type 'pgfplothandlerlineto'): y expression ' {sqrt(\zz +0.7) * sin(deg(x))}' contains a TeX macro.
Package pgfplots info on input line 2176: Deactivating LUA version of plot expression for plot 42 (type 'pgfplothandlerlineto'): z expression ' {\zz }' contains a TeX macro.


[37]

[38]

[39]

[40]

[41]

[42]

[43]

[44]

[45]

[46]

[47]

[48]

[49]

[50]

[51]

[52]

[53]

[54]

[55]

[56]
\tf@thm=\write6

\openout6 = Symmetry.thm


[57] (./Symmetry.aux)
 ***********
LaTeX2e <2024-11-01> patch level 2
L3 programming layer <2025-01-18>
 ***********
Package rerunfilecheck Info: File `Symmetry.out' has not changed.
(rerunfilecheck)             Checksum: 18147A62937F66D09F076C283B5C6CE5;6112.
)

Here is how much of LuaTeX's memory you used:
 46928 strings out of 475506
 195580,1977958 words of node,token memory allocated
 2763 words of node memory still in use:
   7 hlist, 2 vlist, 2 rule, 19 glue, 4 kern, 4 sub_mlist, 1 glyph, 520 attribute, 68 glue_spec, 520 attribute_list, 2 write nodes
   avail lists: 2:11832,3:10233,4:292,5:762,6:95,7:10633,8:95,9:4609,10:25,11:705
 68563 multiletter control sequences out of 65536+600000
 97 fonts using 7344615 bytes
 99i,21n,100p,1590b,2107s stack positions out of 10000i,1000n,20000p,200000b,200000s
<c:/texlive/2025/texmf-dist/fonts/opentype/public/lm/lmroman8-italic.otf><c:/texlive/2025/texmf-dist/fonts/opentype/public/lm/lmroman8-regular.otf><c:/texlive/2025/texmf-dist/fonts/opentype/public/lm/lmroman6-regular.otf><c:/texlive/2025/texmf-dist/fonts/opentype/public/lm/lmroman7-regular.otf><c:/texlive/2025/texmf-dist/fonts/opentype/public/lm/lmroman10-bold.otf><c:/texlive/2025/texmf-dist/fonts/opentype/public/lm/lmroman10-italic.otf><c:/texlive/2025/texmf-dist/fonts/opentype/public/lm/lmroman12-regular.otf><c:/texlive/2025/texmf-dist/fonts/opentype/public/lm/lmroman12-bold.otf><c:/texlive/2025/texmf-dist/fonts/opentype/public/lm/lmroman10-regular.otf><c:/texlive/2025/texmf-dist/fonts/opentype/public/lm/lmroman12-italic.otf><c:/texlive/2025/texmf-dist/fonts/opentype/public/lm/lmsans10-bold.otf><c:/texlive/2025/texmf-dist/fonts/type1/public/amsfonts/cm/cmbsy10.pfb><c:/texlive/2025/texmf-dist/fonts/type1/public/amsfonts/cm/cmbx10.pfb><c:/texlive/2025/texmf-dist/fonts/type1/public/amsfonts/cm/cmbx7.pfb><c:/texlive/2025/texmf-dist/fonts/type1/public/amsfonts/cm/cmbx8.pfb><c:/texlive/2025/texmf-dist/fonts/type1/public/amsfonts/cm/cmbx9.pfb><c:/texlive/2025/texmf-dist/fonts/type1/public/amsfonts/cm/cmex10.pfb><c:/texlive/2025/texmf-dist/fonts/type1/public/amsfonts/cmextra/cmex8.pfb><c:/texlive/2025/texmf-dist/fonts/type1/public/amsfonts/cmextra/cmex9.pfb><c:/texlive/2025/texmf-dist/fonts/type1/public/amsfonts/cm/cmmi10.pfb><c:/texlive/2025/texmf-dist/fonts/type1/public/amsfonts/cm/cmmi5.pfb><c:/texlive/2025/texmf-dist/fonts/type1/public/amsfonts/cm/cmmi6.pfb><c:/texlive/2025/texmf-dist/fonts/type1/public/amsfonts/cm/cmmi7.pfb><c:/texlive/2025/texmf-dist/fonts/type1/public/amsfonts/cm/cmmi8.pfb><c:/texlive/2025/texmf-dist/fonts/type1/public/amsfonts/cm/cmmi9.pfb><c:/texlive/2025/texmf-dist/fonts/type1/public/amsfonts/cm/cmmib10.pfb><c:/texlive/2025/texmf-dist/fonts/type1/public/amsfonts/cm/cmr10.pfb><c:/texlive/2025/texmf-dist/fonts/type1/public/amsfonts/cm/cmr5.pfb><c:/texlive/2025/texmf-dist/fonts/type1/public/amsfonts/cm/cmr6.pfb><c:/texlive/2025/texmf-dist/fonts/type1/public/amsfonts/cm/cmr7.pfb><c:/texlive/2025/texmf-dist/fonts/type1/public/amsfonts/cm/cmr8.pfb><c:/texlive/2025/texmf-dist/fonts/type1/public/amsfonts/cm/cmr9.pfb><c:/texlive/2025/texmf-dist/fonts/type1/public/amsfonts/cm/cmss10.pfb><c:/texlive/2025/texmf-dist/fonts/type1/public/amsfonts/cm/cmsy10.pfb><c:/texlive/2025/texmf-dist/fonts/type1/public/amsfonts/cm/cmsy5.pfb><c:/texlive/2025/texmf-dist/fonts/type1/public/amsfonts/cm/cmsy6.pfb><c:/texlive/2025/texmf-dist/fonts/type1/public/amsfonts/cm/cmsy7.pfb><c:/texlive/2025/texmf-dist/fonts/type1/public/amsfonts/cm/cmsy8.pfb><c:/texlive/2025/texmf-dist/fonts/type1/public/amsfonts/cm/cmsy9.pfb><c:/texlive/2025/texmf-dist/fonts/type1/public/amsfonts/symbols/msam10.pfb><c:/texlive/2025/texmf-dist/fonts/type1/public/amsfonts/symbols/msbm10.pfb><c:/texlive/2025/texmf-dist/fonts/type1/public/amsfonts/symbols/msbm7.pfb>
Output written on Symmetry.pdf (61 pages, 743207 bytes).

PDF statistics: 1155 PDF objects out of 1200 (max. 8388607)
 1017 compressed objects within 11 object streams
 527 named destinations out of 1000 (max. 131072)
 288 words of extra memory for PDF output out of 10000 (max. 100000000)

