\BOOKMARK [0][-]{part.1}{\376\377\000I\000\040\000I\000n\000t\000r\000o\000d\000u\000c\000t\000i\000o\000n\000\040\000t\000o\000\040\000C\000o\000m\000p\000u\000t\000a\000t\000i\000o\000n\000a\000l\000\040\000C\000h\000e\000m\000i\000s\000t\000r\000y}{}% 1
\BOOKMARK [1][-]{section.1}{\376\377\000I\000n\000t\000r\000o\000d\000u\000c\000t\000i\000o\000n}{part.1}% 2
\BOOKMARK [1][-]{section.2}{\376\377\000T\000h\000e\000\040\000S\000c\000h\000r\000\366\000d\000i\000n\000g\000e\000r\000\040\000E\000q\000u\000a\000t\000i\000o\000n}{part.1}% 3
\BOOKMARK [2][-]{subsection.2.1}{\376\377\000B\000o\000r\000n\040\023\000O\000p\000p\000e\000n\000h\000e\000i\000m\000e\000r\000\040\000A\000p\000p\000r\000o\000x\000i\000m\000a\000t\000i\000o\000n}{section.2}% 4
\BOOKMARK [1][-]{section.3}{\376\377\000T\000y\000p\000e\000s\000\040\000o\000f\000\040\000S\000i\000m\000u\000l\000a\000t\000i\000o\000n\000s}{part.1}% 5
\BOOKMARK [1][-]{section.4}{\376\377\000F\000o\000r\000c\000e\000\040\000F\000i\000e\000l\000d\000s}{part.1}% 6
\BOOKMARK [2][-]{subsection.4.1}{\376\377\000T\000r\000a\000d\000i\000t\000i\000o\000n\000a\000l\000\040\000F\000o\000r\000c\000e\000\040\000F\000i\000e\000l\000d\000s}{section.4}% 7
\BOOKMARK [2][-]{subsection.4.2}{\376\377\000M\000a\000c\000h\000i\000n\000e\000\040\000L\000e\000a\000r\000n\000i\000n\000g\000\040\000F\000o\000r\000c\000e\000\040\000F\000i\000e\000l\000d\000s}{section.4}% 8
\BOOKMARK [1][-]{section.5}{\376\377\000D\000e\000n\000s\000i\000t\000y\000\040\000F\000u\000n\000c\000t\000i\000o\000n\000a\000l\000\040\000T\000h\000e\000o\000r\000y}{part.1}% 9
\BOOKMARK [2][-]{subsection.5.1}{\376\377\000T\000h\000e\000\040\000H\000o\000h\000e\000n\000b\000e\000r\000g\040\023\000K\000o\000h\000n\000\040\000T\000h\000e\000o\000r\000e\000m\000s}{section.5}% 10
\BOOKMARK [2][-]{subsection.5.2}{\376\377\000K\000o\000h\000n\040\023\000S\000h\000a\000m\000\040\000T\000h\000e\000o\000r\000y}{section.5}% 11
\BOOKMARK [2][-]{subsection.5.3}{\376\377\000E\000x\000c\000h\000a\000n\000g\000e\000\040\000a\000n\000d\000\040\000C\000o\000r\000r\000e\000l\000a\000t\000i\000o\000n}{section.5}% 12
\BOOKMARK [2][-]{subsection.5.4}{\376\377\000D\000i\000s\000p\000e\000r\000s\000i\000o\000n\000\040\000F\000o\000r\000c\000e\000s\000\040\000i\000n\000\040\000D\000F\000T}{section.5}% 13
\BOOKMARK [1][-]{section.6}{\376\377\000P\000r\000a\000c\000t\000i\000c\000a\000l\000\040\000C\000o\000n\000s\000i\000d\000e\000r\000a\000t\000i\000o\000n\000s\000\040\000f\000o\000r\000\040\000\050\000D\000F\000T\000\051\000\040\000S\000i\000m\000u\000l\000a\000t\000i\000o\000n\000s}{part.1}% 14
\BOOKMARK [2][-]{subsection.6.1}{\376\377\000P\000e\000r\000i\000o\000d\000i\000c\000i\000t\000y\000\040\000a\000n\000d\000\040\000S\000i\000m\000u\000l\000a\000t\000i\000o\000n\000\040\000C\000e\000l\000l\000s}{section.6}% 15
\BOOKMARK [2][-]{subsection.6.2}{\376\377\000B\000a\000s\000i\000s\000\040\000S\000e\000t\000s}{section.6}% 16
\BOOKMARK [2][-]{subsection.6.3}{\376\377\000P\000s\000e\000u\000d\000o\000p\000o\000t\000e\000n\000t\000i\000a\000l\000s}{section.6}% 17
\BOOKMARK [1][-]{section.7}{\376\377\000T\000h\000e\000\040\000A\000c\000c\000u\000r\000a\000c\000y\000\040\000o\000f\000\040\000\050\000D\000F\000T\000\051\000\040\000S\000i\000m\000u\000l\000a\000t\000i\000o\000n\000s}{part.1}% 18
\BOOKMARK [2][-]{subsection.7.1}{\376\377\000A\000c\000c\000u\000r\000a\000c\000y\000\040\000o\000f\000\040\000D\000F\000T}{section.7}% 19
\BOOKMARK [0][-]{part.2}{\376\377\000I\000I\000\040\000T\000h\000e\000o\000r\000e\000t\000i\000c\000a\000l\000\040\000C\000h\000e\000m\000i\000s\000t\000r\000y}{}% 20
\BOOKMARK [1][-]{section.8}{\376\377\000M\000o\000l\000e\000c\000u\000l\000a\000r\000\040\000O\000r\000b\000i\000t\000a\000l\000s}{part.2}% 21
\BOOKMARK [2][-]{subsection.8.1}{\376\377\000T\000h\000e\000\040\000O\000r\000b\000i\000t\000a\000l\000\040\000A\000p\000p\000r\000o\000x\000i\000m\000a\000t\000i\000o\000n}{section.8}% 22
\BOOKMARK [2][-]{subsection.8.2}{\376\377\000H\000\374\000c\000k\000e\000l\000\040\000T\000h\000e\000o\000r\000y}{section.8}% 23
\BOOKMARK [2][-]{subsection.8.3}{\376\377\000I\000s\000\040\000H\000\374\000c\000k\000e\000l\000\040\000T\000h\000e\000o\000r\000y\000\040\000P\000r\000e\000d\000i\000c\000t\000i\000v\000e\000?}{section.8}% 24
\BOOKMARK [2][-]{subsection.8.4}{\376\377\000P\000o\000p\000u\000l\000a\000t\000i\000o\000n\000s\000\040\000a\000n\000d\000\040\000B\000o\000n\000d\000\040\000O\000r\000d\000e\000r\000s}{section.8}% 25
\BOOKMARK [2][-]{subsection.8.5}{\376\377\000A\000l\000t\000e\000r\000n\000a\000n\000t\000\040\000H\000y\000d\000r\000o\000c\000a\000r\000b\000o\000n\000s}{section.8}% 26
\BOOKMARK [2][-]{subsection.8.6}{\376\377\000H\000e\000t\000e\000r\000o\000c\000o\000n\000j\000u\000g\000a\000t\000e\000d\000\040\000S\000y\000s\000t\000e\000m\000s\000\040\000a\000n\000d\000\040\000P\000e\000r\000t\000u\000r\000b\000a\000t\000i\000o\000n\000\040\000T\000h\000e\000o\000r\000y}{section.8}% 27
\BOOKMARK [2][-]{subsection.8.7}{\376\377\000D\000e\000g\000e\000n\000e\000r\000a\000t\000e\000\040\000P\000e\000r\000t\000u\000r\000b\000a\000t\000i\000o\000n\000\040\000T\000h\000e\000o\000r\000y}{section.8}% 28
\BOOKMARK [1][-]{section.9}{\376\377\000M\000a\000n\000y\000-\000e\000l\000e\000c\000t\000r\000o\000n\000\040\000W\000a\000v\000e\000f\000u\000n\000c\000t\000i\000o\000n}{part.2}% 29
\BOOKMARK [2][-]{subsection.9.1}{\376\377\000S\000p\000i\000n}{section.9}% 30
\BOOKMARK [2][-]{subsection.9.2}{\376\377\000S\000l\000a\000t\000e\000r\000\040\000D\000e\000t\000e\000r\000m\000i\000n\000a\000n\000t\000s}{section.9}% 31
\BOOKMARK [2][-]{subsection.9.3}{\376\377\000H\000a\000r\000t\000r\000e\000e\040\023\000F\000o\000c\000k\000\040\000T\000h\000e\000o\000r\000y}{section.9}% 32
\BOOKMARK [2][-]{subsection.9.4}{\376\377\000E\000l\000e\000c\000t\000r\000o\000n\000\040\000C\000o\000r\000r\000e\000l\000a\000t\000i\000o\000n}{section.9}% 33
\BOOKMARK [1][-]{section.10}{\376\377\000R\000e\000a\000c\000t\000i\000o\000n\000\040\000T\000h\000e\000o\000r\000y}{part.2}% 34
\BOOKMARK [2][-]{subsection.10.1}{\376\377\000B\000e\000y\000o\000n\000d\000\040\000t\000h\000e\000\040\000B\000o\000r\000n\040\023\000O\000p\000p\000e\000n\000h\000e\000i\000m\000e\000r\000\040\000A\000p\000p\000r\000o\000x\000i\000m\000a\000t\000i\000o\000n\000\040\000\050\000N\000o\000t\000\040\000L\000e\000c\000t\000u\000r\000e\000d\000\051}{section.10}% 35
\BOOKMARK [2][-]{subsection.10.2}{\376\377\000A\000v\000o\000i\000d\000e\000d\000\040\000C\000r\000o\000s\000s\000i\000n\000g\000\040\000a\000n\000d\000\040\000C\000o\000n\000i\000c\000a\000l\000\040\000I\000n\000t\000e\000r\000s\000e\000c\000t\000i\000o\000n\000s}{section.10}% 36
\BOOKMARK [2][-]{subsection.10.3}{\376\377\000C\000h\000e\000m\000i\000c\000a\000l\000\040\000R\000e\000a\000c\000t\000i\000o\000n\000s}{section.10}% 37
